1
7187, alpha_do_work
2767298405779636224, 1578871910.995991707, 7187, 0, 2, 2, 18446744044289092413, 0, 100, 0
2767298405779636224, 1578871911.020161152, 7187, 3, 1, 2, 18446744044289092413, 7, 100, 41152
2767298405779636225, 1578871911.020238638, 7187, 0, 2, 2, 18446744044289092413, 0, 100, 45444
2767298405779636225, 1578871911.026154041, 7187, 3, 1, 2, 18446744044289092413, 7, 100, 45444
2767298405779636226, 1578871911.026211262, 7187, 0, 2, 2, 18446744044289092413, 0, 100, 45444
2767298405779636226, 1578871911.032844305, 7187, 3, 1, 2, 18446744044289092413, 7, 100, 45444
2767298405779636227, 1578871911.032901525, 7187, 0, 2, 2, 18446744044289092413, 0, 100, 45444
2767298405779636227, 1578871911.039021492, 7187, 3, 1, 2, 18446744044289092413, 7, 100, 45444
2767298405779636228, 1578871911.039078474, 7187, 0, 2, 2, 18446744044289092413, 0, 100, 45444
2767298405779636228, 1578871911.044931412, 7187, 3, 1, 2, 18446744044289092413, 7, 100, 45444
2767298405779636229, 1578871911.044987917, 7187, 0, 2, 2, 18446744044289092413, 0, 100, 45444
2767298405779636229, 1578871911.050607443, 7187, 3, 1, 2, 18446744044289092413, 7, 100, 45444
2767298405779636230, 1578871911.050624609, 7187, 0, 2, 2, 18446744044289092413, 0, 100, 45444
2767298405779636230, 1578871911.056813002, 7187, 3, 1, 2, 18446744044289092413, 7, 100, 45444
2767298405779636231, 1578871911.056869030, 7187, 0, 2, 2, 18446744044289092413, 0, 100, 45444
2767298405779636231, 1578871911.062551737, 7187, 3, 1, 2, 18446744044289092413, 7, 100, 45444
2767298405779636232, 1578871911.062608004, 7187, 0, 2, 2, 18446744044289092413, 0, 100, 45444
2767298405779636232, 1578871911.068358421, 7187, 3, 1, 2, 18446744044289092413, 7, 100, 45444
2767298405779636233, 1578871911.068418026, 7187, 0, 2, 2, 18446744044289092413, 0, 100, 45444
2767298405779636233, 1578871911.074182987, 7187, 3, 1, 2, 18446744044289092413, 7, 100, 45444
2767298405779636234, 1578871911.074239731, 7187, 0, 2, 2, 18446744044289092413, 0, 100, 45444
2767298405779636234, 1578871911.079898357, 7187, 3, 1, 2, 18446744044289092413, 7, 100, 45444
2767298405779636235, 1578871911.079954624, 7187, 0, 2, 2, 18446744044289092413, 0, 100, 45444
2767298405779636235, 1578871911.085884809, 7187, 3, 1, 2, 18446744044289092413, 7, 100, 45444
2767298405779636236, 1578871911.085940838, 7187, 0, 2, 2, 18446744044289092413, 0, 100, 45444
2767298405779636236, 1578871911.091634274, 7187, 3, 1, 2, 18446744044289092413, 7, 100, 45444
2767298405779636237, 1578871911.091690540, 7187, 0, 2, 2, 18446744044289092413, 0, 100, 45444
2767298405779636237, 1578871911.097702265, 7187, 3, 1, 2, 18446744044289092413, 7, 100, 45444
2767298405779636238, 1578871911.097758293, 7187, 0, 2, 2, 18446744044289092413, 0, 100, 45444
2767298405779636238, 1578871911.103627920, 7187, 3, 1, 2, 18446744044289092413, 7, 100, 45444
2767298405779636239, 1578871911.103683710, 7187, 0, 2, 2, 18446744044289092413, 0, 100, 45444
2767298405779636239, 1578871911.109694242, 7187, 3, 1, 2, 18446744044289092413, 7, 100, 45444
2767298405779636240, 1578871911.109750509, 7187, 0, 2, 2, 18446744044289092413, 0, 100, 45444
2767298405779636240, 1578871911.115447044, 7187, 3, 1, 2, 18446744044289092413, 7, 100, 45444
2767298405779636241, 1578871911.115502834, 7187, 0, 2, 2, 18446744044289092413, 0, 100, 45444
2767298405779636241, 1578871911.121608973, 7187, 3, 1, 2, 18446744044289092413, 7, 100, 45444
2767298405779636242, 1578871911.121626139, 7187, 0, 2, 2, 18446744044289092413, 0, 100, 45444
2767298405779636242, 1578871911.127663851, 7187, 3, 1, 2, 18446744044289092413, 7, 100, 45444
2767298405779636243, 1578871911.127719879, 7187, 0, 2, 2, 18446744044289092413, 0, 100, 45444
2767298405779636243, 1578871911.133649111, 7187, 3, 1, 2, 18446744044289092413, 7, 100, 45444
2767298405779636244, 1578871911.133705378, 7187, 0, 2, 2, 18446744044289092413, 0, 100, 45444
2767298405779636244, 1578871911.139546394, 7187, 3, 1, 2, 18446744044289092413, 7, 100, 45444
2767298405779636245, 1578871911.139602184, 7187, 0, 2, 2, 18446744044289092413, 0, 100, 45444
2767298405779636245, 1578871911.145546675, 7187, 3, 1, 2, 18446744044289092413, 7, 100, 45444
2767298405779636246, 1578871911.145602465, 7187, 0, 2, 2, 18446744044289092413, 0, 100, 45444
2767298405779636246, 1578871911.151714087, 7187, 3, 1, 2, 18446744044289092413, 7, 100, 45444
2767298405779636247, 1578871911.151769638, 7187, 0, 2, 2, 18446744044289092413, 0, 100, 45444
2767298405779636247, 1578871911.157768488, 7187, 3, 1, 2, 18446744044289092413, 7, 100, 45444
2767298405779636248, 1578871911.157827854, 7187, 0, 2, 2, 18446744044289092413, 0, 100, 45444
2767298405779636248, 1578871911.163693666, 7187, 3, 1, 2, 18446744044289092413, 7, 100, 45444
2767298405779636249, 1578871911.163750172, 7187, 0, 2, 2, 18446744044289092413, 0, 100, 45444
2767298405779636249, 1578871911.169748783, 7187, 3, 1, 2, 18446744044289092413, 7, 100, 45444
2767298405779636250, 1578871911.169804811, 7187, 0, 2, 2, 18446744044289092413, 0, 100, 45444
2767298405779636250, 1578871911.175528288, 7187, 3, 1, 2, 18446744044289092413, 7, 100, 45444
2767298405779636251, 1578871911.175584078, 7187, 0, 2, 2, 18446744044289092413, 0, 100, 45444
2767298405779636251, 1578871911.181482553, 7187, 3, 1, 2, 18446744044289092413, 7, 100, 45444
2767298405779636252, 1578871911.181538582, 7187, 0, 2, 2, 18446744044289092413, 0, 100, 45444
2767298405779636252, 1578871911.187230349, 7187, 3, 1, 2, 18446744044289092413, 7, 100, 45444
2767298405779636253, 1578871911.187286377, 7187, 0, 2, 2, 18446744044289092413, 0, 100, 45444
2767298405779636253, 1578871911.192926168, 7187, 3, 1, 2, 18446744044289092413, 7, 100, 45444
2767298405779636254, 1578871911.192982435, 7187, 0, 2, 2, 18446744044289092413, 0, 100, 45444
2767298405779636254, 1578871911.198604822, 7187, 3, 1, 2, 18446744044289092413, 7, 100, 45444
2767298405779636255, 1578871911.198625326, 7187, 0, 2, 2, 18446744044289092413, 0, 100, 45444
2767298405779636255, 1578871911.204271317, 7187, 3, 1, 2, 18446744044289092413, 7, 100, 45444
2767298405779636256, 1578871911.204327106, 7187, 0, 2, 2, 18446744044289092413, 0, 100, 45444
2767298405779636256, 1578871911.210289478, 7187, 3, 1, 2, 18446744044289092413, 7, 100, 45444
2767298405779636257, 1578871911.210345030, 7187, 0, 2, 2, 18446744044289092413, 0, 100, 45444
2767298405779636257, 1578871911.216022015, 7187, 3, 1, 2, 18446744044289092413, 7, 100, 45444
2767298405779636258, 1578871911.216077566, 7187, 0, 2, 2, 18446744044289092413, 0, 100, 45444
2767298405779636258, 1578871911.221805811, 7187, 3, 1, 2, 18446744044289092413, 7, 100, 45444
2767298405779636259, 1578871911.221861362, 7187, 0, 2, 2, 18446744044289092413, 0, 100, 45444
2767298405779636259, 1578871911.227625847, 7187, 3, 1, 2, 18446744044289092413, 7, 100, 45444
2767298405779636260, 1578871911.227681875, 7187, 0, 2, 2, 18446744044289092413, 0, 100, 45444
2767298405779636260, 1578871911.233401775, 7187, 3, 1, 2, 18446744044289092413, 7, 100, 45444
2767298405779636261, 1578871911.233457088, 7187, 0, 2, 2, 18446744044289092413, 0, 100, 45444
2767298405779636261, 1578871911.239391327, 7187, 3, 1, 2, 18446744044289092413, 7, 100, 45444
2767298405779636262, 1578871911.239446878, 7187, 0, 2, 2, 18446744044289092413, 0, 100, 45444
2767298405779636262, 1578871911.245117664, 7187, 3, 1, 2, 18446744044289092413, 7, 100, 45444
2767298405779636263, 1578871911.245173216, 7187, 0, 2, 2, 18446744044289092413, 0, 100, 45444
2767298405779636263, 1578871911.250802279, 7187, 3, 1, 2, 18446744044289092413, 7, 100, 45444
2767298405779636264, 1578871911.250857830, 7187, 0, 2, 2, 18446744044289092413, 0, 100, 45444
2767298405779636264, 1578871911.256584644, 7187, 3, 1, 2, 18446744044289092413, 7, 100, 45444
2767298405779636265, 1578871911.256625175, 7187, 0, 2, 2, 18446744044289092413, 0, 100, 45444
2767298405779636265, 1578871911.262376308, 7187, 3, 1, 2, 18446744044289092413, 7, 100, 45444
2767298405779636266, 1578871911.262431622, 7187, 0, 2, 2, 18446744044289092413, 0, 100, 45444
2767298405779636266, 1578871911.268285751, 7187, 3, 1, 2, 18446744044289092413, 7, 100, 45444
2767298405779636267, 1578871911.268341303, 7187, 0, 2, 2, 18446744044289092413, 0, 100, 45444
2767298405779636267, 1578871911.274128199, 7187, 3, 1, 2, 18446744044289092413, 7, 100, 45444
2767298405779636268, 1578871911.274183512, 7187, 0, 2, 2, 18446744044289092413, 0, 100, 45444
2767298405779636268, 1578871911.279949188, 7187, 3, 1, 2, 18446744044289092413, 7, 100, 45444
2767298405779636269, 1578871911.280004501, 7187, 0, 2, 2, 18446744044289092413, 0, 100, 45444
2767298405779636269, 1578871911.285965204, 7187, 3, 1, 2, 18446744044289092413, 7, 100, 45444
2767298405779636270, 1578871911.286020756, 7187, 0, 2, 2, 18446744044289092413, 0, 100, 45444
2767298405779636270, 1578871911.291918039, 7187, 3, 1, 2, 18446744044289092413, 7, 100, 45444
2767298405779636271, 1578871911.291973591, 7187, 0, 2, 2, 18446744044289092413, 0, 100, 45444
2767298405779636271, 1578871911.297627687, 7187, 3, 1, 2, 18446744044289092413, 7, 100, 45444
2767298405779636272, 1578871911.297696114, 7187, 0, 2, 2, 18446744044289092413, 0, 100, 45444
2767298405779636272, 1578871911.303418159, 7187, 3, 1, 2, 18446744044289092413, 7, 100, 45444
2767298405779636273, 1578871911.303474903, 7187, 0, 2, 2, 18446744044289092413, 0, 100, 45444
2767298405779636273, 1578871911.309111834, 7187, 3, 1, 2, 18446744044289092413, 7, 100, 45444
2767298405779636274, 1578871911.309168339, 7187, 0, 2, 2, 18446744044289092413, 0, 100, 45444
2767298405779636274, 1578871911.314864874, 7187, 3, 1, 2, 18446744044289092413, 7, 100, 45444
2767298405779636275, 1578871911.314920902, 7187, 0, 2, 2, 18446744044289092413, 0, 100, 45444
2767298405779636275, 1578871911.320657015, 7187, 3, 1, 2, 18446744044289092413, 7, 100, 45444
2767298405779636276, 1578871911.320713043, 7187, 0, 2, 2, 18446744044289092413, 0, 100, 45444
2767298405779636276, 1578871911.326350689, 7187, 3, 1, 2, 18446744044289092413, 7, 100, 45444
2767298405779636277, 1578871911.326406240, 7187, 0, 2, 2, 18446744044289092413, 0, 100, 45444
2767298405779636277, 1578871911.332049131, 7187, 3, 1, 2, 18446744044289092413, 7, 100, 45444
2767298405779636278, 1578871911.332105160, 7187, 0, 2, 2, 18446744044289092413, 0, 100, 45444
2767298405779636278, 1578871911.337729692, 7187, 3, 1, 2, 18446744044289092413, 7, 100, 45444
2767298405779636279, 1578871911.337785482, 7187, 0, 2, 2, 18446744044289092413, 0, 100, 45444
2767298405779636279, 1578871911.343708038, 7187, 3, 1, 2, 18446744044289092413, 7, 100, 45444
2767298405779636280, 1578871911.343763828, 7187, 0, 2, 2, 18446744044289092413, 0, 100, 45444
2767298405779636280, 1578871911.349624395, 7187, 3, 1, 2, 18446744044289092413, 7, 100, 45444
2767298405779636281, 1578871911.349681616, 7187, 0, 2, 2, 18446744044289092413, 0, 100, 45444
2767298405779636281, 1578871911.355312347, 7187, 3, 1, 2, 18446744044289092413, 7, 100, 45444
2767298405779636282, 1578871911.355368137, 7187, 0, 2, 2, 18446744044289092413, 0, 100, 45444
2767298405779636282, 1578871911.361027718, 7187, 3, 1, 2, 18446744044289092413, 7, 100, 45444
2767298405779636283, 1578871911.361083031, 7187, 0, 2, 2, 18446744044289092413, 0, 100, 45444
2767298405779636283, 1578871911.366776466, 7187, 3, 1, 2, 18446744044289092413, 7, 100, 45444
2767298405779636284, 1578871911.366832018, 7187, 0, 2, 2, 18446744044289092413, 0, 100, 45444
2767298405779636284, 1578871911.373075485, 7187, 3, 1, 2, 18446744044289092413, 7, 100, 45444
2767298405779636285, 1578871911.373131037, 7187, 0, 2, 2, 18446744044289092413, 0, 100, 45444
2767298405779636285, 1578871911.378753901, 7187, 3, 1, 2, 18446744044289092413, 7, 100, 45444
2767298405779636286, 1578871911.378809452, 7187, 0, 2, 2, 18446744044289092413, 0, 100, 45444
2767298405779636286, 1578871911.384583712, 7187, 3, 1, 2, 18446744044289092413, 7, 100, 45444
2767298405779636287, 1578871911.384625196, 7187, 0, 2, 2, 18446744044289092413, 0, 100, 45444
2767298405779636287, 1578871911.390339613, 7187, 3, 1, 2, 18446744044289092413, 7, 100, 45444
2767298405779636288, 1578871911.390395164, 7187, 0, 2, 2, 18446744044289092413, 0, 100, 45444
2767298405779636288, 1578871911.396200180, 7187, 3, 1, 2, 18446744044289092413, 7, 100, 45444
2767298405779636289, 1578871911.396256208, 7187, 0, 2, 2, 18446744044289092413, 0, 100, 45444
2767298405779636289, 1578871911.401922703, 7187, 3, 1, 2, 18446744044289092413, 7, 100, 45444
2767298405779636290, 1578871911.401978493, 7187, 0, 2, 2, 18446744044289092413, 0, 100, 45444
2767298405779636290, 1578871911.407798290, 7187, 3, 1, 2, 18446744044289092413, 7, 100, 45444
2767298405779636291, 1578871911.407854080, 7187, 0, 2, 2, 18446744044289092413, 0, 100, 45444
2767298405779636291, 1578871911.413542747, 7187, 3, 1, 2, 18446744044289092413, 7, 100, 45444
2767298405779636292, 1578871911.413598537, 7187, 0, 2, 2, 18446744044289092413, 0, 100, 45444
2767298405779636292, 1578871911.419456959, 7187, 3, 1, 2, 18446744044289092413, 7, 100, 45444
2767298405779636293, 1578871911.419512510, 7187, 0, 2, 2, 18446744044289092413, 0, 100, 45444
2767298405779636293, 1578871911.425215960, 7187, 3, 1, 2, 18446744044289092413, 7, 100, 45444
2767298405779636294, 1578871911.425271273, 7187, 0, 2, 2, 18446744044289092413, 0, 100, 45444
2767298405779636294, 1578871911.430929422, 7187, 3, 1, 2, 18446744044289092413, 7, 100, 45444
2767298405779636295, 1578871911.430985212, 7187, 0, 2, 2, 18446744044289092413, 0, 100, 45444
2767298405779636295, 1578871911.436735868, 7187, 3, 1, 2, 18446744044289092413, 7, 100, 45444
2767298405779636296, 1578871911.436791658, 7187, 0, 2, 2, 18446744044289092413, 0, 100, 45444
2767298405779636296, 1578871911.442481756, 7187, 3, 1, 2, 18446744044289092413, 7, 100, 45444
2767298405779636297, 1578871911.442537546, 7187, 0, 2, 2, 18446744044289092413, 0, 100, 45444
2767298405779636297, 1578871911.448266983, 7187, 3, 1, 2, 18446744044289092413, 7, 100, 45444
2767298405779636298, 1578871911.448322535, 7187, 0, 2, 2, 18446744044289092413, 0, 100, 45444
2767298405779636298, 1578871911.454047203, 7187, 3, 1, 2, 18446744044289092413, 7, 100, 45444
2767298405779636299, 1578871911.454102755, 7187, 0, 2, 2, 18446744044289092413, 0, 100, 45444
2767298405779636299, 1578871911.459852934, 7187, 3, 1, 2, 18446744044289092413, 7, 100, 45444
2767298405779636300, 1578871911.459908485, 7187, 0, 2, 2, 18446744044289092413, 0, 100, 45444
2767298405779636300, 1578871911.465521336, 7187, 3, 1, 2, 18446744044289092413, 7, 100, 45444
2767298405779636301, 1578871911.465577126, 7187, 0, 2, 2, 18446744044289092413, 0, 100, 45444
2767298405779636301, 1578871911.471367121, 7187, 3, 1, 2, 18446744044289092413, 7, 100, 45444
2767298405779636302, 1578871911.471422672, 7187, 0, 2, 2, 18446744044289092413, 0, 100, 45444
2767298405779636302, 1578871911.477103710, 7187, 3, 1, 2, 18446744044289092413, 7, 100, 45444
2767298405779636303, 1578871911.477158785, 7187, 0, 2, 2, 18446744044289092413, 0, 100, 45444
2767298405779636303, 1578871911.482775688, 7187, 3, 1, 2, 18446744044289092413, 7, 100, 45444
2767298405779636304, 1578871911.482831001, 7187, 0, 2, 2, 18446744044289092413, 0, 100, 45444
2767298405779636304, 1578871911.488446474, 7187, 3, 1, 2, 18446744044289092413, 7, 100, 45444
2767298405779636305, 1578871911.488501787, 7187, 0, 2, 2, 18446744044289092413, 0, 100, 45444
2767298405779636305, 1578871911.494333029, 7187, 3, 1, 2, 18446744044289092413, 7, 100, 45444
2767298405779636306, 1578871911.494388342, 7187, 0, 2, 2, 18446744044289092413, 0, 100, 45444
2767298405779636306, 1578871911.500149012, 7187, 3, 1, 2, 18446744044289092413, 7, 100, 45444
2767298405779636307, 1578871911.500204325, 7187, 0, 2, 2, 18446744044289092413, 0, 100, 45444
2767298405779636307, 1578871911.505856276, 7187, 3, 1, 2, 18446744044289092413, 7, 100, 45444
2767298405779636308, 1578871911.505911589, 7187, 0, 2, 2, 18446744044289092413, 0, 100, 45444
2767298405779636308, 1578871911.511589527, 7187, 3, 1, 2, 18446744044289092413, 7, 100, 45444
2767298405779636309, 1578871911.511624813, 7187, 0, 2, 2, 18446744044289092413, 0, 100, 45444
2767298405779636309, 1578871911.517340660, 7187, 3, 1, 2, 18446744044289092413, 7, 100, 45444
2767298405779636310, 1578871911.517395973, 7187, 0, 2, 2, 18446744044289092413, 0, 100, 45444
2767298405779636310, 1578871911.523292542, 7187, 3, 1, 2, 18446744044289092413, 7, 100, 45444
2767298405779636311, 1578871911.523347855, 7187, 0, 2, 2, 18446744044289092413, 0, 100, 45444
2767298405779636311, 1578871911.529008627, 7187, 3, 1, 2, 18446744044289092413, 7, 100, 45444
2767298405779636312, 1578871911.529063940, 7187, 0, 2, 2, 18446744044289092413, 0, 100, 45444
2767298405779636312, 1578871911.534790516, 7187, 3, 1, 2, 18446744044289092413, 7, 100, 45444
2767298405779636313, 1578871911.534851789, 7187, 0, 2, 2, 18446744044289092413, 0, 100, 45444
2767298405779636313, 1578871911.540697575, 7187, 3, 1, 2, 18446744044289092413, 7, 100, 45444
2767298405779636314, 1578871911.540753126, 7187, 0, 2, 2, 18446744044289092413, 0, 100, 45444
2767298405779636314, 1578871911.547286510, 7187, 3, 1, 2, 18446744044289092413, 7, 100, 45444
2767298405779636315, 1578871911.547347307, 7187, 0, 2, 2, 18446744044289092413, 0, 100, 45444
2767298405779636315, 1578871911.553103924, 7187, 3, 1, 2, 18446744044289092413, 7, 100, 45444
2767298405779636316, 1578871911.553161383, 7187, 0, 2, 2, 18446744044289092413, 0, 100, 45444
2767298405779636316, 1578871911.558869123, 7187, 3, 1, 2, 18446744044289092413, 7, 100, 45444
2767298405779636317, 1578871911.558924675, 7187, 0, 2, 2, 18446744044289092413, 0, 100, 45444
2767298405779636317, 1578871911.564696312, 7187, 3, 1, 2, 18446744044289092413, 7, 100, 45444
2767298405779636318, 1578871911.564752102, 7187, 0, 2, 2, 18446744044289092413, 0, 100, 45444
2767298405779636318, 1578871911.570687294, 7187, 3, 1, 2, 18446744044289092413, 7, 100, 45444
2767298405779636319, 1578871911.570742846, 7187, 0, 2, 2, 18446744044289092413, 0, 100, 45444
2767298405779636319, 1578871911.576382637, 7187, 3, 1, 2, 18446744044289092413, 7, 100, 45444
2767298405779636320, 1578871911.576437950, 7187, 0, 2, 2, 18446744044289092413, 0, 100, 45444
2767298405779636320, 1578871911.582262754, 7187, 3, 1, 2, 18446744044289092413, 7, 100, 45444
2767298405779636321, 1578871911.582318306, 7187, 0, 2, 2, 18446744044289092413, 0, 100, 45444
2767298405779636321, 1578871911.588042259, 7187, 3, 1, 2, 18446744044289092413, 7, 100, 45444
2767298405779636322, 1578871911.588098049, 7187, 0, 2, 2, 18446744044289092413, 0, 100, 45444
2767298405779636322, 1578871911.593791723, 7187, 3, 1, 2, 18446744044289092413, 7, 100, 45444
2767298405779636323, 1578871911.593847036, 7187, 0, 2, 2, 18446744044289092413, 0, 100, 45444
2767298405779636323, 1578871911.599551678, 7187, 3, 1, 2, 18446744044289092413, 7, 100, 45444
