1
7187, alpha_do_work
12766027346549407744, 1578871910.995992422, 7187, 0, 2, 2, 18446744046617102908, 0, 101, 0
12766027346549407744, 1578871911.032502890, 7187, 3, 1, 2, 18446744046617102908, 7, 101, 39172
12766027346549407745, 1578871911.032582998, 7187, 0, 2, 2, 18446744046617102908, 0, 101, 43436
12766027346549407745, 1578871911.044450045, 7187, 3, 1, 2, 18446744046617102908, 7, 101, 43436
12766027346549407746, 1578871911.044507504, 7187, 0, 2, 2, 18446744046617102908, 0, 101, 43436
12766027346549407746, 1578871911.056383610, 7187, 3, 1, 2, 18446744046617102908, 7, 101, 43436
12766027346549407747, 1578871911.056439638, 7187, 0, 2, 2, 18446744046617102908, 0, 101, 43436
12766027346549407747, 1578871911.067999840, 7187, 3, 1, 2, 18446744046617102908, 7, 101, 43436
12766027346549407748, 1578871911.068066835, 7187, 0, 2, 2, 18446744046617102908, 0, 101, 43436
12766027346549407748, 1578871911.079956293, 7187, 3, 1, 2, 18446744046617102908, 7, 101, 43436
12766027346549407749, 1578871911.080015659, 7187, 0, 2, 2, 18446744046617102908, 0, 101, 43436
12766027346549407749, 1578871911.091837168, 7187, 3, 1, 2, 18446744046617102908, 7, 101, 43436
12766027346549407750, 1578871911.091893673, 7187, 0, 2, 2, 18446744046617102908, 0, 101, 43436
12766027346549407750, 1578871911.103641272, 7187, 3, 1, 2, 18446744046617102908, 7, 101, 43436
12766027346549407751, 1578871911.103698015, 7187, 0, 2, 2, 18446744046617102908, 0, 101, 43436
12766027346549407751, 1578871911.115439177, 7187, 3, 1, 2, 18446744046617102908, 7, 101, 43436
12766027346549407752, 1578871911.115495443, 7187, 0, 2, 2, 18446744046617102908, 0, 101, 43436
12766027346549407752, 1578871911.128851891, 7187, 3, 1, 2, 18446744046617102908, 7, 101, 43436
12766027346549407753, 1578871911.128908157, 7187, 0, 2, 2, 18446744046617102908, 0, 101, 43436
12766027346549407753, 1578871911.140741825, 7187, 3, 1, 2, 18446744046617102908, 7, 101, 43436
12766027346549407754, 1578871911.140797377, 7187, 0, 2, 2, 18446744046617102908, 0, 101, 43436
12766027346549407754, 1578871911.152063847, 7187, 3, 1, 2, 18446744046617102908, 7, 101, 43436
12766027346549407755, 1578871911.152120590, 7187, 0, 2, 2, 18446744046617102908, 0, 101, 43436
12766027346549407755, 1578871911.163698673, 7187, 3, 1, 2, 18446744046617102908, 7, 101, 43436
12766027346549407756, 1578871911.163754940, 7187, 0, 2, 2, 18446744046617102908, 0, 101, 43436
12766027346549407756, 1578871911.175422192, 7187, 3, 1, 2, 18446744046617102908, 7, 101, 43436
12766027346549407757, 1578871911.175478220, 7187, 0, 2, 2, 18446744046617102908, 0, 101, 43436
12766027346549407757, 1578871911.187058687, 7187, 3, 1, 2, 18446744046617102908, 7, 101, 43436
12766027346549407758, 1578871911.187114954, 7187, 0, 2, 2, 18446744046617102908, 0, 101, 43436
12766027346549407758, 1578871911.198712111, 7187, 3, 1, 2, 18446744046617102908, 7, 101, 43436
12766027346549407759, 1578871911.198768139, 7187, 0, 2, 2, 18446744046617102908, 0, 101, 43436
12766027346549407759, 1578871911.210416079, 7187, 3, 1, 2, 18446744046617102908, 7, 101, 43436
12766027346549407760, 1578871911.210472584, 7187, 0, 2, 2, 18446744046617102908, 0, 101, 43436
12766027346549407760, 1578871911.221937180, 7187, 3, 1, 2, 18446744046617102908, 7, 101, 43436
12766027346549407761, 1578871911.221993208, 7187, 0, 2, 2, 18446744046617102908, 0, 101, 43436
12766027346549407761, 1578871911.233516932, 7187, 3, 1, 2, 18446744046617102908, 7, 101, 43436
12766027346549407762, 1578871911.233572960, 7187, 0, 2, 2, 18446744046617102908, 0, 101, 43436
12766027346549407762, 1578871911.245016098, 7187, 3, 1, 2, 18446744046617102908, 7, 101, 43436
12766027346549407763, 1578871911.245071888, 7187, 0, 2, 2, 18446744046617102908, 0, 101, 43436
12766027346549407763, 1578871911.256632805, 7187, 3, 1, 2, 18446744046617102908, 7, 101, 43436
12766027346549407764, 1578871911.256688833, 7187, 0, 2, 2, 18446744046617102908, 0, 101, 43436
12766027346549407764, 1578871911.268449306, 7187, 3, 1, 2, 18446744046617102908, 7, 101, 43436
12766027346549407765, 1578871911.268505096, 7187, 0, 2, 2, 18446744046617102908, 0, 101, 43436
12766027346549407765, 1578871911.279915810, 7187, 3, 1, 2, 18446744046617102908, 7, 101, 43436
12766027346549407766, 1578871911.279971838, 7187, 0, 2, 2, 18446744046617102908, 0, 101, 43436
12766027346549407766, 1578871911.291340113, 7187, 3, 1, 2, 18446744046617102908, 7, 101, 43436
12766027346549407767, 1578871911.291395664, 7187, 0, 2, 2, 18446744046617102908, 0, 101, 43436
12766027346549407767, 1578871911.302845240, 7187, 3, 1, 2, 18446744046617102908, 7, 101, 43436
12766027346549407768, 1578871911.302905798, 7187, 0, 2, 2, 18446744046617102908, 0, 101, 43436
12766027346549407768, 1578871911.314504623, 7187, 3, 1, 2, 18446744046617102908, 7, 101, 43436
12766027346549407769, 1578871911.314563036, 7187, 0, 2, 2, 18446744046617102908, 0, 101, 43436
12766027346549407769, 1578871911.326061964, 7187, 3, 1, 2, 18446744046617102908, 7, 101, 43436
12766027346549407770, 1578871911.326118946, 7187, 0, 2, 2, 18446744046617102908, 0, 101, 43436
12766027346549407770, 1578871911.337442636, 7187, 3, 1, 2, 18446744046617102908, 7, 101, 43436
12766027346549407771, 1578871911.337498665, 7187, 0, 2, 2, 18446744046617102908, 0, 101, 43436
12766027346549407771, 1578871911.349060774, 7187, 3, 1, 2, 18446744046617102908, 7, 101, 43436
12766027346549407772, 1578871911.349117756, 7187, 0, 2, 2, 18446744046617102908, 0, 101, 43436
12766027346549407772, 1578871911.360878468, 7187, 3, 1, 2, 18446744046617102908, 7, 101, 43436
12766027346549407773, 1578871911.360934496, 7187, 0, 2, 2, 18446744046617102908, 0, 101, 43436
12766027346549407773, 1578871911.372322321, 7187, 3, 1, 2, 18446744046617102908, 7, 101, 43436
12766027346549407774, 1578871911.372378826, 7187, 0, 2, 2, 18446744046617102908, 0, 101, 43436
12766027346549407774, 1578871911.383758545, 7187, 3, 1, 2, 18446744046617102908, 7, 101, 43436
12766027346549407775, 1578871911.383814812, 7187, 0, 2, 2, 18446744046617102908, 0, 101, 43436
12766027346549407775, 1578871911.395189762, 7187, 3, 1, 2, 18446744046617102908, 7, 101, 43436
12766027346549407776, 1578871911.395245790, 7187, 0, 2, 2, 18446744046617102908, 0, 101, 43436
12766027346549407776, 1578871911.406759262, 7187, 3, 1, 2, 18446744046617102908, 7, 101, 43436
12766027346549407777, 1578871911.406815290, 7187, 0, 2, 2, 18446744046617102908, 0, 101, 43436
12766027346549407777, 1578871911.418174505, 7187, 3, 1, 2, 18446744046617102908, 7, 101, 43436
12766027346549407778, 1578871911.418230295, 7187, 0, 2, 2, 18446744046617102908, 0, 101, 43436
12766027346549407778, 1578871911.429809093, 7187, 3, 1, 2, 18446744046617102908, 7, 101, 43436
12766027346549407779, 1578871911.429864883, 7187, 0, 2, 2, 18446744046617102908, 0, 101, 43436
12766027346549407779, 1578871911.441247940, 7187, 3, 1, 2, 18446744046617102908, 7, 101, 43436
12766027346549407780, 1578871911.441303492, 7187, 0, 2, 2, 18446744046617102908, 0, 101, 43436
12766027346549407780, 1578871911.452817917, 7187, 3, 1, 2, 18446744046617102908, 7, 101, 43436
12766027346549407781, 1578871911.452873468, 7187, 0, 2, 2, 18446744046617102908, 0, 101, 43436
12766027346549407781, 1578871911.464389086, 7187, 3, 1, 2, 18446744046617102908, 7, 101, 43436
12766027346549407782, 1578871911.464444876, 7187, 0, 2, 2, 18446744046617102908, 0, 101, 43436
12766027346549407782, 1578871911.476084948, 7187, 3, 1, 2, 18446744046617102908, 7, 101, 43436
12766027346549407783, 1578871911.476140499, 7187, 0, 2, 2, 18446744046617102908, 0, 101, 43436
12766027346549407783, 1578871911.487772942, 7187, 3, 1, 2, 18446744046617102908, 7, 101, 43436
12766027346549407784, 1578871911.487828493, 7187, 0, 2, 2, 18446744046617102908, 0, 101, 43436
12766027346549407784, 1578871911.499191284, 7187, 3, 1, 2, 18446744046617102908, 7, 101, 43436
12766027346549407785, 1578871911.499246836, 7187, 0, 2, 2, 18446744046617102908, 0, 101, 43436
12766027346549407785, 1578871911.510804892, 7187, 3, 1, 2, 18446744046617102908, 7, 101, 43436
12766027346549407786, 1578871911.510860443, 7187, 0, 2, 2, 18446744046617102908, 0, 101, 43436
12766027346549407786, 1578871911.522708654, 7187, 3, 1, 2, 18446744046617102908, 7, 101, 43436
12766027346549407787, 1578871911.522764206, 7187, 0, 2, 2, 18446744046617102908, 0, 101, 43436
12766027346549407787, 1578871911.534568071, 7187, 3, 1, 2, 18446744046617102908, 7, 101, 43436
12766027346549407788, 1578871911.534624577, 7187, 0, 2, 2, 18446744046617102908, 0, 101, 43436
12766027346549407788, 1578871911.546423435, 7187, 3, 1, 2, 18446744046617102908, 7, 101, 43436
12766027346549407789, 1578871911.546459198, 7187, 0, 2, 2, 18446744046617102908, 0, 101, 43436
12766027346549407789, 1578871911.557838440, 7187, 3, 1, 2, 18446744046617102908, 7, 101, 43436
12766027346549407790, 1578871911.557896137, 7187, 0, 2, 2, 18446744046617102908, 0, 101, 43436
12766027346549407790, 1578871911.569427967, 7187, 3, 1, 2, 18446744046617102908, 7, 101, 43436
12766027346549407791, 1578871911.569483995, 7187, 0, 2, 2, 18446744046617102908, 0, 101, 43436
12766027346549407791, 1578871911.581007957, 7187, 3, 1, 2, 18446744046617102908, 7, 101, 43436
12766027346549407792, 1578871911.581063509, 7187, 0, 2, 2, 18446744046617102908, 0, 101, 43436
12766027346549407792, 1578871911.592650652, 7187, 3, 1, 2, 18446744046617102908, 7, 101, 43436
12766027346549407793, 1578871911.592706442, 7187, 0, 2, 2, 18446744046617102908, 0, 101, 43436
12766027346549407793, 1578871911.604262829, 7187, 3, 1, 2, 18446744046617102908, 7, 101, 43436
12766027346549407794, 1578871911.604318380, 7187, 0, 2, 2, 18446744046617102908, 0, 101, 43436
12766027346549407794, 1578871911.615719795, 7187, 3, 1, 2, 18446744046617102908, 7, 101, 43436
12766027346549407795, 1578871911.615775347, 7187, 0, 2, 2, 18446744046617102908, 0, 101, 43436
12766027346549407795, 1578871911.627087831, 7187, 3, 1, 2, 18446744046617102908, 7, 101, 43436
12766027346549407796, 1578871911.627143383, 7187, 0, 2, 2, 18446744046617102908, 0, 101, 43436
12766027346549407796, 1578871911.638917446, 7187, 3, 1, 2, 18446744046617102908, 7, 101, 43436
12766027346549407797, 1578871911.638972998, 7187, 0, 2, 2, 18446744046617102908, 0, 101, 43436
12766027346549407797, 1578871911.650360823, 7187, 3, 1, 2, 18446744046617102908, 7, 101, 43436
12766027346549407798, 1578871911.650416613, 7187, 0, 2, 2, 18446744046617102908, 0, 101, 43436
12766027346549407798, 1578871911.661658525, 7187, 3, 1, 2, 18446744046617102908, 7, 101, 43436
12766027346549407799, 1578871911.661713839, 7187, 0, 2, 2, 18446744046617102908, 0, 101, 43436
12766027346549407799, 1578871911.673240185, 7187, 3, 1, 2, 18446744046617102908, 7, 101, 43436
12766027346549407800, 1578871911.673295736, 7187, 0, 2, 2, 18446744046617102908, 0, 101, 43436
12766027346549407800, 1578871911.684816599, 7187, 3, 1, 2, 18446744046617102908, 7, 101, 43436
12766027346549407801, 1578871911.684872150, 7187, 0, 2, 2, 18446744046617102908, 0, 101, 43436
12766027346549407801, 1578871911.696356058, 7187, 3, 1, 2, 18446744046617102908, 7, 101, 43436
12766027346549407802, 1578871911.696411610, 7187, 0, 2, 2, 18446744046617102908, 0, 101, 43436
12766027346549407802, 1578871911.707794428, 7187, 3, 1, 2, 18446744046617102908, 7, 101, 43436
12766027346549407803, 1578871911.707849979, 7187, 0, 2, 2, 18446744046617102908, 0, 101, 43436
12766027346549407803, 1578871911.719390392, 7187, 3, 1, 2, 18446744046617102908, 7, 101, 43436
12766027346549407804, 1578871911.719445944, 7187, 0, 2, 2, 18446744046617102908, 0, 101, 43436
12766027346549407804, 1578871911.730766296, 7187, 3, 1, 2, 18446744046617102908, 7, 101, 43436
12766027346549407805, 1578871911.730821848, 7187, 0, 2, 2, 18446744046617102908, 0, 101, 43436
12766027346549407805, 1578871911.742260695, 7187, 3, 1, 2, 18446744046617102908, 7, 101, 43436
12766027346549407806, 1578871911.742316961, 7187, 0, 2, 2, 18446744046617102908, 0, 101, 43436
12766027346549407806, 1578871911.753958941, 7187, 3, 1, 2, 18446744046617102908, 7, 101, 43436
12766027346549407807, 1578871911.754014492, 7187, 0, 2, 2, 18446744046617102908, 0, 101, 43436
12766027346549407807, 1578871911.765404940, 7187, 3, 1, 2, 18446744046617102908, 7, 101, 43436
12766027346549407808, 1578871911.765460491, 7187, 0, 2, 2, 18446744046617102908, 0, 101, 43436
12766027346549407808, 1578871911.777024746, 7187, 3, 1, 2, 18446744046617102908, 7, 101, 43436
12766027346549407809, 1578871911.777080297, 7187, 0, 2, 2, 18446744046617102908, 0, 101, 43436
12766027346549407809, 1578871911.788472652, 7187, 3, 1, 2, 18446744046617102908, 7, 101, 43436
12766027346549407810, 1578871911.788527966, 7187, 0, 2, 2, 18446744046617102908, 0, 101, 43436
12766027346549407810, 1578871911.800360203, 7187, 3, 1, 2, 18446744046617102908, 7, 101, 43436
12766027346549407811, 1578871911.800415516, 7187, 0, 2, 2, 18446744046617102908, 0, 101, 43436
12766027346549407811, 1578871911.811841488, 7187, 3, 1, 2, 18446744046617102908, 7, 101, 43436
12766027346549407812, 1578871911.811896801, 7187, 0, 2, 2, 18446744046617102908, 0, 101, 43436
12766027346549407812, 1578871911.823343277, 7187, 3, 1, 2, 18446744046617102908, 7, 101, 43436
12766027346549407813, 1578871911.823398590, 7187, 0, 2, 2, 18446744046617102908, 0, 101, 43436
12766027346549407813, 1578871911.834952354, 7187, 3, 1, 2, 18446744046617102908, 7, 101, 43436
12766027346549407814, 1578871911.835007668, 7187, 0, 2, 2, 18446744046617102908, 0, 101, 43436
12766027346549407814, 1578871911.846269608, 7187, 3, 1, 2, 18446744046617102908, 7, 101, 43436
12766027346549407815, 1578871911.846325397, 7187, 0, 2, 2, 18446744046617102908, 0, 101, 43436
12766027346549407815, 1578871911.857748270, 7187, 3, 1, 2, 18446744046617102908, 7, 101, 43436
12766027346549407816, 1578871911.857803822, 7187, 0, 2, 2, 18446744046617102908, 0, 101, 43436
12766027346549407816, 1578871911.869355440, 7187, 3, 1, 2, 18446744046617102908, 7, 101, 43436
12766027346549407817, 1578871911.869410515, 7187, 0, 2, 2, 18446744046617102908, 0, 101, 43436
12766027346549407817, 1578871911.880657911, 7187, 3, 1, 2, 18446744046617102908, 7, 101, 43436
12766027346549407818, 1578871911.880713463, 7187, 0, 2, 2, 18446744046617102908, 0, 101, 43436
12766027346549407818, 1578871911.892144442, 7187, 3, 1, 2, 18446744046617102908, 7, 101, 43436
12766027346549407819, 1578871911.892199993, 7187, 0, 2, 2, 18446744046617102908, 0, 101, 43436
12766027346549407819, 1578871911.903645515, 7187, 3, 1, 2, 18446744046617102908, 7, 101, 43436
12766027346549407820, 1578871911.903701067, 7187, 0, 2, 2, 18446744046617102908, 0, 101, 43436
12766027346549407820, 1578871911.914986134, 7187, 3, 1, 2, 18446744046617102908, 7, 101, 43436
12766027346549407821, 1578871911.915041447, 7187, 0, 2, 2, 18446744046617102908, 0, 101, 43436
12766027346549407821, 1578871911.926500082, 7187, 3, 1, 2, 18446744046617102908, 7, 101, 43436
12766027346549407822, 1578871911.926555634, 7187, 0, 2, 2, 18446744046617102908, 0, 101, 43436
12766027346549407822, 1578871911.937772989, 7187, 3, 1, 2, 18446744046617102908, 7, 101, 43436
12766027346549407823, 1578871911.937828541, 7187, 0, 2, 2, 18446744046617102908, 0, 101, 43436
12766027346549407823, 1578871911.949283838, 7187, 3, 1, 2, 18446744046617102908, 7, 101, 43436
12766027346549407824, 1578871911.949344397, 7187, 0, 2, 2, 18446744046617102908, 0, 101, 43436
12766027346549407824, 1578871911.960581064, 7187, 3, 1, 2, 18446744046617102908, 7, 101, 43436
12766027346549407825, 1578871911.960625172, 7187, 0, 2, 2, 18446744046617102908, 0, 101, 43436
12766027346549407825, 1578871911.972212076, 7187, 3, 1, 2, 18446744046617102908, 7, 101, 43436
12766027346549407826, 1578871911.972268105, 7187, 0, 2, 2, 18446744046617102908, 0, 101, 43436
12766027346549407826, 1578871911.983691454, 7187, 3, 1, 2, 18446744046617102908, 7, 101, 43436
12766027346549407827, 1578871911.983747244, 7187, 0, 2, 2, 18446744046617102908, 0, 101, 43436
12766027346549407827, 1578871911.995215893, 7187, 3, 1, 2, 18446744046617102908, 7, 101, 43436
12766027346549407828, 1578871911.995271444, 7187, 0, 2, 2, 18446744046617102908, 0, 101, 43436
12766027346549407828, 1578871912.006916761, 7187, 3, 1, 2, 18446744046617102908, 7, 101, 43436
12766027346549407829, 1578871912.006972313, 7187, 0, 2, 2, 18446744046617102908, 0, 101, 43436
12766027346549407829, 1578871912.018360853, 7187, 3, 1, 2, 18446744046617102908, 7, 101, 43436
12766027346549407830, 1578871912.018416405, 7187, 0, 2, 2, 18446744046617102908, 0, 101, 43436
12766027346549407830, 1578871912.029786825, 7187, 3, 1, 2, 18446744046617102908, 7, 101, 43436
12766027346549407831, 1578871912.029842377, 7187, 0, 2, 2, 18446744046617102908, 0, 101, 43436
12766027346549407831, 1578871912.041219234, 7187, 3, 1, 2, 18446744046617102908, 7, 101, 43436
12766027346549407832, 1578871912.041274786, 7187, 0, 2, 2, 18446744046617102908, 0, 101, 43436
12766027346549407832, 1578871912.052702188, 7187, 3, 1, 2, 18446744046617102908, 7, 101, 43436
12766027346549407833, 1578871912.052757740, 7187, 0, 2, 2, 18446744046617102908, 0, 101, 43436
12766027346549407833, 1578871912.064085484, 7187, 3, 1, 2, 18446744046617102908, 7, 101, 43436
12766027346549407834, 1578871912.064141035, 7187, 0, 2, 2, 18446744046617102908, 0, 101, 43436
12766027346549407834, 1578871912.075551271, 7187, 3, 1, 2, 18446744046617102908, 7, 101, 43436
12766027346549407835, 1578871912.075606585, 7187, 0, 2, 2, 18446744046617102908, 0, 101, 43436
12766027346549407835, 1578871912.086845875, 7187, 3, 1, 2, 18446744046617102908, 7, 101, 43436
12766027346549407836, 1578871912.086901426, 7187, 0, 2, 2, 18446744046617102908, 0, 101, 43436
12766027346549407836, 1578871912.098627329, 7187, 3, 1, 2, 18446744046617102908, 7, 101, 43436
12766027346549407837, 1578871912.098682880, 7187, 0, 2, 2, 18446744046617102908, 0, 101, 43436
12766027346549407837, 1578871912.110243082, 7187, 3, 1, 2, 18446744046617102908, 7, 101, 43436
12766027346549407838, 1578871912.110298395, 7187, 0, 2, 2, 18446744046617102908, 0, 101, 43436
12766027346549407838, 1578871912.121690273, 7187, 3, 1, 2, 18446744046617102908, 7, 101, 43436
12766027346549407839, 1578871912.121745586, 7187, 0, 2, 2, 18446744046617102908, 0, 101, 43436
12766027346549407839, 1578871912.133123875, 7187, 3, 1, 2, 18446744046617102908, 7, 101, 43436
12766027346549407840, 1578871912.133179665, 7187, 0, 2, 2, 18446744046617102908, 0, 101, 43436
12766027346549407840, 1578871912.144458771, 7187, 3, 1, 2, 18446744046617102908, 7, 101, 43436
12766027346549407841, 1578871912.144514561, 7187, 0, 2, 2, 18446744046617102908, 0, 101, 43436
12766027346549407841, 1578871912.155920982, 7187, 3, 1, 2, 18446744046617102908, 7, 101, 43436
12766027346549407842, 1578871912.155976534, 7187, 0, 2, 2, 18446744046617102908, 0, 101, 43436
12766027346549407842, 1578871912.167322636, 7187, 3, 1, 2, 18446744046617102908, 7, 101, 43436
12766027346549407843, 1578871912.167377949, 7187, 0, 2, 2, 18446744046617102908, 0, 101, 43436
12766027346549407843, 1578871912.178731680, 7187, 3, 1, 2, 18446744046617102908, 7, 101, 43436
12766027346549407844, 1578871912.178902388, 54048, 0, 2, 2, 18446744046617102908, 0, 101, 43436
12766027346549407844, 1578871912.178952217, 54048, 3, 1, 2, 18446744046617102908, 3, 101, 43700
