1
7187, alpha_do_work
7989646366160715776, 1578871910.995987892, 7187, 0, 2, 2, 18446744041210047754, 0, 101, 0
7989646366160715776, 1578871911.017701864, 7187, 3, 1, 2, 18446744041210047754, 7, 101, 37268
7989646366160715777, 1578871911.017788410, 7187, 0, 2, 2, 18446744041210047754, 0, 101, 41356
7989646366160715777, 1578871911.020920277, 7187, 3, 1, 2, 18446744041210047754, 7, 101, 41356
7989646366160715778, 1578871911.020978928, 7187, 0, 2, 2, 18446744041210047754, 0, 101, 41356
7989646366160715778, 1578871911.024075747, 7187, 3, 1, 2, 18446744041210047754, 7, 101, 41356
7989646366160715779, 1578871911.024132490, 7187, 0, 2, 2, 18446744041210047754, 0, 101, 41356
7989646366160715779, 1578871911.027234316, 7187, 3, 1, 2, 18446744041210047754, 7, 101, 41356
7989646366160715780, 1578871911.027290821, 7187, 0, 2, 2, 18446744041210047754, 0, 101, 41356
7989646366160715780, 1578871911.030438900, 7187, 3, 1, 2, 18446744041210047754, 7, 101, 41356
7989646366160715781, 1578871911.030494928, 7187, 0, 2, 2, 18446744041210047754, 0, 101, 41356
7989646366160715781, 1578871911.033507824, 7187, 3, 1, 2, 18446744041210047754, 7, 101, 41356
7989646366160715782, 1578871911.033564329, 7187, 0, 2, 2, 18446744041210047754, 0, 101, 41356
7989646366160715782, 1578871911.036625147, 7187, 3, 1, 2, 18446744041210047754, 7, 101, 41356
7989646366160715783, 1578871911.036682129, 7187, 0, 2, 2, 18446744041210047754, 0, 101, 41356
7989646366160715783, 1578871911.039899111, 7187, 3, 1, 2, 18446744041210047754, 7, 101, 41356
7989646366160715784, 1578871911.039955378, 7187, 0, 2, 2, 18446744041210047754, 0, 101, 41356
7989646366160715784, 1578871911.042885303, 7187, 3, 1, 2, 18446744041210047754, 7, 101, 41356
7989646366160715785, 1578871911.042941570, 7187, 0, 2, 2, 18446744041210047754, 0, 101, 41356
7989646366160715785, 1578871911.045933008, 7187, 3, 1, 2, 18446744041210047754, 7, 101, 41356
7989646366160715786, 1578871911.045989275, 7187, 0, 2, 2, 18446744041210047754, 0, 101, 41356
7989646366160715786, 1578871911.048889875, 7187, 3, 1, 2, 18446744041210047754, 7, 101, 41356
7989646366160715787, 1578871911.048945904, 7187, 0, 2, 2, 18446744041210047754, 0, 101, 41356
7989646366160715787, 1578871911.051830769, 7187, 3, 1, 2, 18446744041210047754, 7, 101, 41356
7989646366160715788, 1578871911.051886797, 7187, 0, 2, 2, 18446744041210047754, 0, 101, 41356
7989646366160715788, 1578871911.054578066, 7187, 3, 1, 2, 18446744041210047754, 7, 101, 41356
7989646366160715789, 1578871911.054625511, 7187, 0, 2, 2, 18446744041210047754, 0, 101, 41356
7989646366160715789, 1578871911.057330132, 7187, 3, 1, 2, 18446744041210047754, 7, 101, 41356
7989646366160715790, 1578871911.057386398, 7187, 0, 2, 2, 18446744041210047754, 0, 101, 41356
7989646366160715790, 1578871911.060102224, 7187, 3, 1, 2, 18446744041210047754, 7, 101, 41356
7989646366160715791, 1578871911.060158253, 7187, 0, 2, 2, 18446744041210047754, 0, 101, 41356
7989646366160715791, 1578871911.063011408, 7187, 3, 1, 2, 18446744041210047754, 7, 101, 41356
7989646366160715792, 1578871911.063067913, 7187, 0, 2, 2, 18446744041210047754, 0, 101, 41356
7989646366160715792, 1578871911.065993547, 7187, 3, 1, 2, 18446744041210047754, 7, 101, 41356
7989646366160715793, 1578871911.066049576, 7187, 0, 2, 2, 18446744041210047754, 0, 101, 41356
7989646366160715793, 1578871911.068897724, 7187, 3, 1, 2, 18446744041210047754, 7, 101, 41356
7989646366160715794, 1578871911.068953991, 7187, 0, 2, 2, 18446744041210047754, 0, 101, 41356
7989646366160715794, 1578871911.071758509, 7187, 3, 1, 2, 18446744041210047754, 7, 101, 41356
7989646366160715795, 1578871911.071814537, 7187, 0, 2, 2, 18446744041210047754, 0, 101, 41356
7989646366160715795, 1578871911.074533939, 7187, 3, 1, 2, 18446744041210047754, 7, 101, 41356
7989646366160715796, 1578871911.074590206, 7187, 0, 2, 2, 18446744041210047754, 0, 101, 41356
7989646366160715796, 1578871911.077487707, 7187, 3, 1, 2, 18446744041210047754, 7, 101, 41356
7989646366160715797, 1578871911.077543736, 7187, 0, 2, 2, 18446744041210047754, 0, 101, 41356
7989646366160715797, 1578871911.080238819, 7187, 3, 1, 2, 18446744041210047754, 7, 101, 41356
7989646366160715798, 1578871911.080294847, 7187, 0, 2, 2, 18446744041210047754, 0, 101, 41356
7989646366160715798, 1578871911.083034515, 7187, 3, 1, 2, 18446744041210047754, 7, 101, 41356
7989646366160715799, 1578871911.083090305, 7187, 0, 2, 2, 18446744041210047754, 0, 101, 41356
7989646366160715799, 1578871911.085814953, 7187, 3, 1, 2, 18446744041210047754, 7, 101, 41356
7989646366160715800, 1578871911.085871458, 7187, 0, 2, 2, 18446744041210047754, 0, 101, 41356
7989646366160715800, 1578871911.088749886, 7187, 3, 1, 2, 18446744041210047754, 7, 101, 41356
7989646366160715801, 1578871911.088805914, 7187, 0, 2, 2, 18446744041210047754, 0, 101, 41356
7989646366160715801, 1578871911.091845512, 7187, 3, 1, 2, 18446744041210047754, 7, 101, 41356
7989646366160715802, 1578871911.091901779, 7187, 0, 2, 2, 18446744041210047754, 0, 101, 41356
7989646366160715802, 1578871911.094795465, 7187, 3, 1, 2, 18446744041210047754, 7, 101, 41356
7989646366160715803, 1578871911.094851732, 7187, 0, 2, 2, 18446744041210047754, 0, 101, 41356
7989646366160715803, 1578871911.097754478, 7187, 3, 1, 2, 18446744041210047754, 7, 101, 41356
7989646366160715804, 1578871911.097810507, 7187, 0, 2, 2, 18446744041210047754, 0, 101, 41356
7989646366160715804, 1578871911.100521803, 7187, 3, 1, 2, 18446744041210047754, 7, 101, 41356
7989646366160715805, 1578871911.100577593, 7187, 0, 2, 2, 18446744041210047754, 0, 101, 41356
7989646366160715805, 1578871911.103485584, 7187, 3, 1, 2, 18446744041210047754, 7, 101, 41356
7989646366160715806, 1578871911.103542089, 7187, 0, 2, 2, 18446744041210047754, 0, 101, 41356
7989646366160715806, 1578871911.106439829, 7187, 3, 1, 2, 18446744041210047754, 7, 101, 41356
7989646366160715807, 1578871911.106495857, 7187, 0, 2, 2, 18446744041210047754, 0, 101, 41356
7989646366160715807, 1578871911.109208107, 7187, 3, 1, 2, 18446744041210047754, 7, 101, 41356
7989646366160715808, 1578871911.109263897, 7187, 0, 2, 2, 18446744041210047754, 0, 101, 41356
7989646366160715808, 1578871911.111950874, 7187, 3, 1, 2, 18446744041210047754, 7, 101, 41356
7989646366160715809, 1578871911.112006187, 7187, 0, 2, 2, 18446744041210047754, 0, 101, 41356
7989646366160715809, 1578871911.114685535, 7187, 3, 1, 2, 18446744041210047754, 7, 101, 41356
7989646366160715810, 1578871911.114749432, 7187, 0, 2, 2, 18446744041210047754, 0, 101, 41356
7989646366160715810, 1578871911.117655277, 7187, 3, 1, 2, 18446744041210047754, 7, 101, 41356
7989646366160715811, 1578871911.117710352, 7187, 0, 2, 2, 18446744041210047754, 0, 101, 41356
7989646366160715811, 1578871911.120502234, 7187, 3, 1, 2, 18446744041210047754, 7, 101, 41356
7989646366160715812, 1578871911.120557547, 7187, 0, 2, 2, 18446744041210047754, 0, 101, 41356
7989646366160715812, 1578871911.123434782, 7187, 3, 1, 2, 18446744041210047754, 7, 101, 41356
7989646366160715813, 1578871911.123490334, 7187, 0, 2, 2, 18446744041210047754, 0, 101, 41356
7989646366160715813, 1578871911.126246452, 7187, 3, 1, 2, 18446744041210047754, 7, 101, 41356
7989646366160715814, 1578871911.126301765, 7187, 0, 2, 2, 18446744041210047754, 0, 101, 41356
7989646366160715814, 1578871911.129061460, 7187, 3, 1, 2, 18446744041210047754, 7, 101, 41356
7989646366160715815, 1578871911.129116774, 7187, 0, 2, 2, 18446744041210047754, 0, 101, 41356
7989646366160715815, 1578871911.131861687, 7187, 3, 1, 2, 18446744041210047754, 7, 101, 41356
7989646366160715816, 1578871911.131917000, 7187, 0, 2, 2, 18446744041210047754, 0, 101, 41356
7989646366160715816, 1578871911.134607077, 7187, 3, 1, 2, 18446744041210047754, 7, 101, 41356
7989646366160715817, 1578871911.134625912, 7187, 0, 2, 2, 18446744041210047754, 0, 101, 41356
7989646366160715817, 1578871911.137422323, 7187, 3, 1, 2, 18446744041210047754, 7, 101, 41356
7989646366160715818, 1578871911.137477875, 7187, 0, 2, 2, 18446744041210047754, 0, 101, 41356
7989646366160715818, 1578871911.140152454, 7187, 3, 1, 2, 18446744041210047754, 7, 101, 41356
7989646366160715819, 1578871911.140207767, 7187, 0, 2, 2, 18446744041210047754, 0, 101, 41356
7989646366160715819, 1578871911.142890453, 7187, 3, 1, 2, 18446744041210047754, 7, 101, 41356
7989646366160715820, 1578871911.142945766, 7187, 0, 2, 2, 18446744041210047754, 0, 101, 41356
7989646366160715820, 1578871911.145827532, 7187, 3, 1, 2, 18446744041210047754, 7, 101, 41356
7989646366160715821, 1578871911.145882845, 7187, 0, 2, 2, 18446744041210047754, 0, 101, 41356
7989646366160715821, 1578871911.148757935, 7187, 3, 1, 2, 18446744041210047754, 7, 101, 41356
7989646366160715822, 1578871911.148813248, 7187, 0, 2, 2, 18446744041210047754, 0, 101, 41356
7989646366160715822, 1578871911.151786566, 7187, 3, 1, 2, 18446744041210047754, 7, 101, 41356
7989646366160715823, 1578871911.151841879, 7187, 0, 2, 2, 18446744041210047754, 0, 101, 41356
7989646366160715823, 1578871911.154817343, 7187, 3, 1, 2, 18446744041210047754, 7, 101, 41356
7989646366160715824, 1578871911.154872656, 7187, 0, 2, 2, 18446744041210047754, 0, 101, 41356
7989646366160715824, 1578871911.157859564, 7187, 3, 1, 2, 18446744041210047754, 7, 101, 41356
7989646366160715825, 1578871911.157915115, 7187, 0, 2, 2, 18446744041210047754, 0, 101, 41356
7989646366160715825, 1578871911.160864830, 7187, 3, 1, 2, 18446744041210047754, 7, 101, 41356
7989646366160715826, 1578871911.160924673, 7187, 0, 2, 2, 18446744041210047754, 0, 101, 41356
7989646366160715826, 1578871911.163798809, 7187, 3, 1, 2, 18446744041210047754, 7, 101, 41356
7989646366160715827, 1578871911.163854361, 7187, 0, 2, 2, 18446744041210047754, 0, 101, 41356
7989646366160715827, 1578871911.166718960, 7187, 3, 1, 2, 18446744041210047754, 7, 101, 41356
7989646366160715828, 1578871911.166774750, 7187, 0, 2, 2, 18446744041210047754, 0, 101, 41356
7989646366160715828, 1578871911.169814110, 7187, 3, 1, 2, 18446744041210047754, 7, 101, 41356
7989646366160715829, 1578871911.169869423, 7187, 0, 2, 2, 18446744041210047754, 0, 101, 41356
7989646366160715829, 1578871911.172708273, 7187, 3, 1, 2, 18446744041210047754, 7, 101, 41356
7989646366160715830, 1578871911.172763586, 7187, 0, 2, 2, 18446744041210047754, 0, 101, 41356
7989646366160715830, 1578871911.175658941, 7187, 3, 1, 2, 18446744041210047754, 7, 101, 41356
7989646366160715831, 1578871911.175714016, 7187, 0, 2, 2, 18446744041210047754, 0, 101, 41356
7989646366160715831, 1578871911.178610086, 7187, 3, 1, 2, 18446744041210047754, 7, 101, 41356
7989646366160715832, 1578871911.178625584, 7187, 0, 2, 2, 18446744041210047754, 0, 101, 41356
7989646366160715832, 1578871911.181467772, 7187, 3, 1, 2, 18446744041210047754, 7, 101, 41356
7989646366160715833, 1578871911.181523085, 7187, 0, 2, 2, 18446744041210047754, 0, 101, 41356
7989646366160715833, 1578871911.184391499, 7187, 3, 1, 2, 18446744041210047754, 7, 101, 41356
7989646366160715834, 1578871911.184447050, 7187, 0, 2, 2, 18446744041210047754, 0, 101, 41356
7989646366160715834, 1578871911.187352180, 7187, 3, 1, 2, 18446744041210047754, 7, 101, 41356
7989646366160715835, 1578871911.187407255, 7187, 0, 2, 2, 18446744041210047754, 0, 101, 41356
7989646366160715835, 1578871911.190268278, 7187, 3, 1, 2, 18446744041210047754, 7, 101, 41356
7989646366160715836, 1578871911.190323353, 7187, 0, 2, 2, 18446744041210047754, 0, 101, 41356
7989646366160715836, 1578871911.193323374, 7187, 3, 1, 2, 18446744041210047754, 7, 101, 41356
7989646366160715837, 1578871911.193378687, 7187, 0, 2, 2, 18446744041210047754, 0, 101, 41356
7989646366160715837, 1578871911.196344614, 7187, 3, 1, 2, 18446744041210047754, 7, 101, 41356
7989646366160715838, 1578871911.196400166, 7187, 0, 2, 2, 18446744041210047754, 0, 101, 41356
7989646366160715838, 1578871911.199321508, 7187, 3, 1, 2, 18446744041210047754, 7, 101, 41356
7989646366160715839, 1578871911.199377060, 7187, 0, 2, 2, 18446744041210047754, 0, 101, 41356
7989646366160715839, 1578871911.202372551, 7187, 3, 1, 2, 18446744041210047754, 7, 101, 41356
7989646366160715840, 1578871911.202428102, 7187, 0, 2, 2, 18446744041210047754, 0, 101, 41356
7989646366160715840, 1578871911.205421209, 7187, 3, 1, 2, 18446744041210047754, 7, 101, 41356
7989646366160715841, 1578871911.205476522, 7187, 0, 2, 2, 18446744041210047754, 0, 101, 41356
7989646366160715841, 1578871911.208379984, 7187, 3, 1, 2, 18446744041210047754, 7, 101, 41356
7989646366160715842, 1578871911.208435297, 7187, 0, 2, 2, 18446744041210047754, 0, 101, 41356
7989646366160715842, 1578871911.211408138, 7187, 3, 1, 2, 18446744041210047754, 7, 101, 41356
7989646366160715843, 1578871911.211463690, 7187, 0, 2, 2, 18446744041210047754, 0, 101, 41356
7989646366160715843, 1578871911.214169741, 7187, 3, 1, 2, 18446744041210047754, 7, 101, 41356
7989646366160715844, 1578871911.214225531, 7187, 0, 2, 2, 18446744041210047754, 0, 101, 41356
7989646366160715844, 1578871911.216990471, 7187, 3, 1, 2, 18446744041210047754, 7, 101, 41356
7989646366160715845, 1578871911.217046022, 7187, 0, 2, 2, 18446744041210047754, 0, 101, 41356
7989646366160715845, 1578871911.219771147, 7187, 3, 1, 2, 18446744041210047754, 7, 101, 41356
7989646366160715846, 1578871911.219826460, 7187, 0, 2, 2, 18446744041210047754, 0, 101, 41356
7989646366160715846, 1578871911.222498178, 7187, 3, 1, 2, 18446744041210047754, 7, 101, 41356
7989646366160715847, 1578871911.222553492, 7187, 0, 2, 2, 18446744041210047754, 0, 101, 41356
7989646366160715847, 1578871911.225304365, 7187, 3, 1, 2, 18446744041210047754, 7, 101, 41356
7989646366160715848, 1578871911.225359678, 7187, 0, 2, 2, 18446744041210047754, 0, 101, 41356
7989646366160715848, 1578871911.228082418, 7187, 3, 1, 2, 18446744041210047754, 7, 101, 41356
7989646366160715849, 1578871911.228138208, 7187, 0, 2, 2, 18446744041210047754, 0, 101, 41356
7989646366160715849, 1578871911.230713606, 7187, 3, 1, 2, 18446744041210047754, 7, 101, 41356
7989646366160715850, 1578871911.230769396, 7187, 0, 2, 2, 18446744041210047754, 0, 101, 41356
7989646366160715850, 1578871911.233465195, 7187, 3, 1, 2, 18446744041210047754, 7, 101, 41356
7989646366160715851, 1578871911.233520269, 7187, 0, 2, 2, 18446744041210047754, 0, 101, 41356
7989646366160715851, 1578871911.236261129, 7187, 3, 1, 2, 18446744041210047754, 7, 101, 41356
7989646366160715852, 1578871911.236316442, 7187, 0, 2, 2, 18446744041210047754, 0, 101, 41356
7989646366160715852, 1578871911.238865614, 7187, 3, 1, 2, 18446744041210047754, 7, 101, 41356
7989646366160715853, 1578871911.238921165, 7187, 0, 2, 2, 18446744041210047754, 0, 101, 41356
7989646366160715853, 1578871911.241685629, 7187, 3, 1, 2, 18446744041210047754, 7, 101, 41356
7989646366160715854, 1578871911.241741419, 7187, 0, 2, 2, 18446744041210047754, 0, 101, 41356
7989646366160715854, 1578871911.244388580, 7187, 3, 1, 2, 18446744041210047754, 7, 101, 41356
7989646366160715855, 1578871911.244444132, 7187, 0, 2, 2, 18446744041210047754, 0, 101, 41356
7989646366160715855, 1578871911.246960640, 7187, 3, 1, 2, 18446744041210047754, 7, 101, 41356
7989646366160715856, 1578871911.247015953, 7187, 0, 2, 2, 18446744041210047754, 0, 101, 41356
7989646366160715856, 1578871911.249550819, 7187, 3, 1, 2, 18446744041210047754, 7, 101, 41356
7989646366160715857, 1578871911.249606133, 7187, 0, 2, 2, 18446744041210047754, 0, 101, 41356
7989646366160715857, 1578871911.252340317, 7187, 3, 1, 2, 18446744041210047754, 7, 101, 41356
7989646366160715858, 1578871911.252395630, 7187, 0, 2, 2, 18446744041210047754, 0, 101, 41356
7989646366160715858, 1578871911.254924059, 7187, 3, 1, 2, 18446744041210047754, 7, 101, 41356
7989646366160715859, 1578871911.254979372, 7187, 0, 2, 2, 18446744041210047754, 0, 101, 41356
7989646366160715859, 1578871911.257566929, 7187, 3, 1, 2, 18446744041210047754, 7, 101, 41356
7989646366160715860, 1578871911.257625341, 7187, 0, 2, 2, 18446744041210047754, 0, 101, 41356
7989646366160715860, 1578871911.260260105, 7187, 3, 1, 2, 18446744041210047754, 7, 101, 41356
7989646366160715861, 1578871911.260315657, 7187, 0, 2, 2, 18446744041210047754, 0, 101, 41356
7989646366160715861, 1578871911.262866974, 7187, 3, 1, 2, 18446744041210047754, 7, 101, 41356
7989646366160715862, 1578871911.262922287, 7187, 0, 2, 2, 18446744041210047754, 0, 101, 41356
7989646366160715862, 1578871911.265537262, 7187, 3, 1, 2, 18446744041210047754, 7, 101, 41356
7989646366160715863, 1578871911.265592813, 7187, 0, 2, 2, 18446744041210047754, 0, 101, 41356
7989646366160715863, 1578871911.268136024, 7187, 3, 1, 2, 18446744041210047754, 7, 101, 41356
7989646366160715864, 1578871911.268191338, 7187, 0, 2, 2, 18446744041210047754, 0, 101, 41356
7989646366160715864, 1578871911.270732641, 7187, 3, 1, 2, 18446744041210047754, 7, 101, 41356
7989646366160715865, 1578871911.270787954, 7187, 0, 2, 2, 18446744041210047754, 0, 101, 41356
7989646366160715865, 1578871911.273357153, 7187, 3, 1, 2, 18446744041210047754, 7, 101, 41356
7989646366160715866, 1578871911.273412466, 7187, 0, 2, 2, 18446744041210047754, 0, 101, 41356
7989646366160715866, 1578871911.276087284, 7187, 3, 1, 2, 18446744041210047754, 7, 101, 41356
7989646366160715867, 1578871911.276142597, 7187, 0, 2, 2, 18446744041210047754, 0, 101, 41356
7989646366160715867, 1578871911.278680086, 7187, 3, 1, 2, 18446744041210047754, 7, 101, 41356
7989646366160715868, 1578871911.278735638, 7187, 0, 2, 2, 18446744041210047754, 0, 101, 41356
7989646366160715868, 1578871911.281268120, 7187, 3, 1, 2, 18446744041210047754, 7, 101, 41356
7989646366160715869, 1578871911.281323671, 7187, 0, 2, 2, 18446744041210047754, 0, 101, 41356
7989646366160715869, 1578871911.283995628, 7187, 3, 1, 2, 18446744041210047754, 7, 101, 41356
7989646366160715870, 1578871911.284051180, 7187, 0, 2, 2, 18446744041210047754, 0, 101, 41356
7989646366160715870, 1578871911.286578178, 7187, 3, 1, 2, 18446744041210047754, 7, 101, 41356
7989646366160715871, 1578871911.286625862, 7187, 0, 2, 2, 18446744041210047754, 0, 101, 41356
7989646366160715871, 1578871911.289201498, 7187, 3, 1, 2, 18446744041210047754, 7, 101, 41356
7989646366160715872, 1578871911.289257050, 7187, 0, 2, 2, 18446744041210047754, 0, 101, 41356
7989646366160715872, 1578871911.291886806, 7187, 3, 1, 2, 18446744041210047754, 7, 101, 41356
7989646366160715873, 1578871911.291942120, 7187, 0, 2, 2, 18446744041210047754, 0, 101, 41356
7989646366160715873, 1578871911.294566154, 7187, 3, 1, 2, 18446744041210047754, 7, 101, 41356
7989646366160715874, 1578871911.294624090, 7187, 0, 2, 2, 18446744041210047754, 0, 101, 41356
7989646366160715874, 1578871911.297457695, 7187, 3, 1, 2, 18446744041210047754, 7, 101, 41356
7989646366160715875, 1578871911.297513008, 7187, 0, 2, 2, 18446744041210047754, 0, 101, 41356
7989646366160715875, 1578871911.300401688, 7187, 3, 1, 2, 18446744041210047754, 7, 101, 41356
7989646366160715876, 1578871912.178909779, 54048, 0, 2, 2, 18446744041210047754, 0, 101, 41356
7989646366160715876, 1578871912.179009438, 54048, 3, 1, 2, 18446744041210047754, 3, 101, 41620
