1
7187, alpha_do_work
2210869681592467456, 1578871910.995990515, 7187, 0, 2, 2, 18446744044159538755, 0, 101, 0
2210869681592467456, 1578871911.020094156, 7187, 3, 1, 2, 18446744044159538755, 7, 101, 37172
2210869681592467457, 1578871911.020175457, 7187, 0, 2, 2, 18446744044159538755, 0, 101, 41376
2210869681592467457, 1578871911.026116610, 7187, 3, 1, 2, 18446744044159538755, 7, 101, 41376
2210869681592467458, 1578871911.026176929, 7187, 0, 2, 2, 18446744044159538755, 0, 101, 41376
2210869681592467458, 1578871911.032814264, 7187, 3, 1, 2, 18446744044159538755, 7, 101, 41376
2210869681592467459, 1578871911.032871246, 7187, 0, 2, 2, 18446744044159538755, 0, 101, 41376
2210869681592467459, 1578871911.038998842, 7187, 3, 1, 2, 18446744044159538755, 7, 101, 41376
2210869681592467460, 1578871911.039057255, 7187, 0, 2, 2, 18446744044159538755, 0, 101, 41376
2210869681592467460, 1578871911.044909000, 7187, 3, 1, 2, 18446744044159538755, 7, 101, 41376
2210869681592467461, 1578871911.044965267, 7187, 0, 2, 2, 18446744044159538755, 0, 101, 41376
2210869681592467461, 1578871911.050585032, 7187, 3, 1, 2, 18446744044159538755, 7, 101, 41376
2210869681592467462, 1578871911.050626278, 7187, 0, 2, 2, 18446744044159538755, 0, 101, 41376
2210869681592467462, 1578871911.056836128, 7187, 3, 1, 2, 18446744044159538755, 7, 101, 41376
2210869681592467463, 1578871911.056892395, 7187, 0, 2, 2, 18446744044159538755, 0, 101, 41376
2210869681592467463, 1578871911.062574625, 7187, 3, 1, 2, 18446744044159538755, 7, 101, 41376
2210869681592467464, 1578871911.062625647, 7187, 0, 2, 2, 18446744044159538755, 0, 101, 41376
2210869681592467464, 1578871911.068386555, 7187, 3, 1, 2, 18446744044159538755, 7, 101, 41376
2210869681592467465, 1578871911.068444252, 7187, 0, 2, 2, 18446744044159538755, 0, 101, 41376
2210869681592467465, 1578871911.074205160, 7187, 3, 1, 2, 18446744044159538755, 7, 101, 41376
2210869681592467466, 1578871911.074261427, 7187, 0, 2, 2, 18446744044159538755, 0, 101, 41376
2210869681592467466, 1578871911.079921484, 7187, 3, 1, 2, 18446744044159538755, 7, 101, 41376
2210869681592467467, 1578871911.079977989, 7187, 0, 2, 2, 18446744044159538755, 0, 101, 41376
2210869681592467467, 1578871911.085908175, 7187, 3, 1, 2, 18446744044159538755, 7, 101, 41376
2210869681592467468, 1578871911.085964441, 7187, 0, 2, 2, 18446744044159538755, 0, 101, 41376
2210869681592467468, 1578871911.091661930, 7187, 3, 1, 2, 18446744044159538755, 7, 101, 41376
2210869681592467469, 1578871911.091718435, 7187, 0, 2, 2, 18446744044159538755, 0, 101, 41376
2210869681592467469, 1578871911.097730875, 7187, 3, 1, 2, 18446744044159538755, 7, 101, 41376
2210869681592467470, 1578871911.097787142, 7187, 0, 2, 2, 18446744044159538755, 0, 101, 41376
2210869681592467470, 1578871911.103657246, 7187, 3, 1, 2, 18446744044159538755, 7, 101, 41376
2210869681592467471, 1578871911.103713512, 7187, 0, 2, 2, 18446744044159538755, 0, 101, 41376
2210869681592467471, 1578871911.109723568, 7187, 3, 1, 2, 18446744044159538755, 7, 101, 41376
2210869681592467472, 1578871911.109779596, 7187, 0, 2, 2, 18446744044159538755, 0, 101, 41376
2210869681592467472, 1578871911.115476608, 7187, 3, 1, 2, 18446744044159538755, 7, 101, 41376
2210869681592467473, 1578871911.115532875, 7187, 0, 2, 2, 18446744044159538755, 0, 101, 41376
2210869681592467473, 1578871911.121639967, 7187, 3, 1, 2, 18446744044159538755, 7, 101, 41376
2210869681592467474, 1578871911.121696472, 7187, 0, 2, 2, 18446744044159538755, 0, 101, 41376
2210869681592467474, 1578871911.127700329, 7187, 3, 1, 2, 18446744044159538755, 7, 101, 41376
2210869681592467475, 1578871911.127756357, 7187, 0, 2, 2, 18446744044159538755, 0, 101, 41376
2210869681592467475, 1578871911.133678198, 7187, 3, 1, 2, 18446744044159538755, 7, 101, 41376
2210869681592467476, 1578871911.133734226, 7187, 0, 2, 2, 18446744044159538755, 0, 101, 41376
2210869681592467476, 1578871911.139568806, 7187, 3, 1, 2, 18446744044159538755, 7, 101, 41376
2210869681592467477, 1578871911.139625549, 7187, 0, 2, 2, 18446744044159538755, 0, 101, 41376
2210869681592467477, 1578871911.145567894, 7187, 3, 1, 2, 18446744044159538755, 7, 101, 41376
2210869681592467478, 1578871911.145627022, 7187, 0, 2, 2, 18446744044159538755, 0, 101, 41376
2210869681592467478, 1578871911.151737452, 7187, 3, 1, 2, 18446744044159538755, 7, 101, 41376
2210869681592467479, 1578871911.151793480, 7187, 0, 2, 2, 18446744044159538755, 0, 101, 41376
2210869681592467479, 1578871911.157800198, 7187, 3, 1, 2, 18446744044159538755, 7, 101, 41376
2210869681592467480, 1578871911.157856703, 7187, 0, 2, 2, 18446744044159538755, 0, 101, 41376
2210869681592467480, 1578871911.163719416, 7187, 3, 1, 2, 18446744044159538755, 7, 101, 41376
2210869681592467481, 1578871911.163775444, 7187, 0, 2, 2, 18446744044159538755, 0, 101, 41376
2210869681592467481, 1578871911.169770956, 7187, 3, 1, 2, 18446744044159538755, 7, 101, 41376
2210869681592467482, 1578871911.169827461, 7187, 0, 2, 2, 18446744044159538755, 0, 101, 41376
2210869681592467482, 1578871911.175550222, 7187, 3, 1, 2, 18446744044159538755, 7, 101, 41376
2210869681592467483, 1578871911.175606251, 7187, 0, 2, 2, 18446744044159538755, 0, 101, 41376
2210869681592467483, 1578871911.181506157, 7187, 3, 1, 2, 18446744044159538755, 7, 101, 41376
2210869681592467484, 1578871911.181562185, 7187, 0, 2, 2, 18446744044159538755, 0, 101, 41376
2210869681592467484, 1578871911.187252283, 7187, 3, 1, 2, 18446744044159538755, 7, 101, 41376
2210869681592467485, 1578871911.187308311, 7187, 0, 2, 2, 18446744044159538755, 0, 101, 41376
2210869681592467485, 1578871911.192948341, 7187, 3, 1, 2, 18446744044159538755, 7, 101, 41376
2210869681592467486, 1578871911.193005323, 7187, 0, 2, 2, 18446744044159538755, 0, 101, 41376
2210869681592467486, 1578871911.198629618, 7187, 3, 1, 2, 18446744044159538755, 7, 101, 41376
2210869681592467487, 1578871911.198686123, 7187, 0, 2, 2, 18446744044159538755, 0, 101, 41376
2210869681592467487, 1578871911.204308271, 7187, 3, 1, 2, 18446744044159538755, 7, 101, 41376
2210869681592467488, 1578871911.204364538, 7187, 0, 2, 2, 18446744044159538755, 0, 101, 41376
2210869681592467488, 1578871911.210316420, 7187, 3, 1, 2, 18446744044159538755, 7, 101, 41376
2210869681592467489, 1578871911.210372686, 7187, 0, 2, 2, 18446744044159538755, 0, 101, 41376
2210869681592467489, 1578871911.216050148, 7187, 3, 1, 2, 18446744044159538755, 7, 101, 41376
2210869681592467490, 1578871911.216106176, 7187, 0, 2, 2, 18446744044159538755, 0, 101, 41376
2210869681592467490, 1578871911.221835136, 7187, 3, 1, 2, 18446744044159538755, 7, 101, 41376
2210869681592467491, 1578871911.221890926, 7187, 0, 2, 2, 18446744044159538755, 0, 101, 41376
2210869681592467491, 1578871911.227656603, 7187, 3, 1, 2, 18446744044159538755, 7, 101, 41376
2210869681592467492, 1578871911.227712631, 7187, 0, 2, 2, 18446744044159538755, 0, 101, 41376
2210869681592467492, 1578871911.233431578, 7187, 3, 1, 2, 18446744044159538755, 7, 101, 41376
2210869681592467493, 1578871911.233487368, 7187, 0, 2, 2, 18446744044159538755, 0, 101, 41376
2210869681592467493, 1578871911.239420652, 7187, 3, 1, 2, 18446744044159538755, 7, 101, 41376
2210869681592467494, 1578871911.239476681, 7187, 0, 2, 2, 18446744044159538755, 0, 101, 41376
2210869681592467494, 1578871911.245145559, 7187, 3, 1, 2, 18446744044159538755, 7, 101, 41376
2210869681592467495, 1578871911.245201588, 7187, 0, 2, 2, 18446744044159538755, 0, 101, 41376
2210869681592467495, 1578871911.250830173, 7187, 3, 1, 2, 18446744044159538755, 7, 101, 41376
2210869681592467496, 1578871911.250885725, 7187, 0, 2, 2, 18446744044159538755, 0, 101, 41376
2210869681592467496, 1578871911.256613016, 7187, 3, 1, 2, 18446744044159538755, 7, 101, 41376
2210869681592467497, 1578871911.256625414, 7187, 0, 2, 2, 18446744044159538755, 0, 101, 41376
2210869681592467497, 1578871911.262396336, 7187, 3, 1, 2, 18446744044159538755, 7, 101, 41376
2210869681592467498, 1578871911.262452126, 7187, 0, 2, 2, 18446744044159538755, 0, 101, 41376
2210869681592467498, 1578871911.268305779, 7187, 3, 1, 2, 18446744044159538755, 7, 101, 41376
2210869681592467499, 1578871911.268361568, 7187, 0, 2, 2, 18446744044159538755, 0, 101, 41376
2210869681592467499, 1578871911.274149895, 7187, 3, 1, 2, 18446744044159538755, 7, 101, 41376
2210869681592467500, 1578871911.274208546, 7187, 0, 2, 2, 18446744044159538755, 0, 101, 41376
2210869681592467500, 1578871911.279969931, 7187, 3, 1, 2, 18446744044159538755, 7, 101, 41376
2210869681592467501, 1578871911.280025721, 7187, 0, 2, 2, 18446744044159538755, 0, 101, 41376
2210869681592467501, 1578871911.285986423, 7187, 3, 1, 2, 18446744044159538755, 7, 101, 41376
2210869681592467502, 1578871911.286042213, 7187, 0, 2, 2, 18446744044159538755, 0, 101, 41376
2210869681592467502, 1578871911.291939259, 7187, 3, 1, 2, 18446744044159538755, 7, 101, 41376
2210869681592467503, 1578871911.291994810, 7187, 0, 2, 2, 18446744044159538755, 0, 101, 41376
2210869681592467503, 1578871911.297644854, 7187, 3, 1, 2, 18446744044159538755, 7, 101, 41376
2210869681592467504, 1578871911.297700644, 7187, 0, 2, 2, 18446744044159538755, 0, 101, 41376
2210869681592467504, 1578871911.303438663, 7187, 3, 1, 2, 18446744044159538755, 7, 101, 41376
2210869681592467505, 1578871911.303494453, 7187, 0, 2, 2, 18446744044159538755, 0, 101, 41376
2210869681592467505, 1578871911.309132814, 7187, 3, 1, 2, 18446744044159538755, 7, 101, 41376
2210869681592467506, 1578871911.309188604, 7187, 0, 2, 2, 18446744044159538755, 0, 101, 41376
2210869681592467506, 1578871911.314885139, 7187, 3, 1, 2, 18446744044159538755, 7, 101, 41376
2210869681592467507, 1578871911.314940929, 7187, 0, 2, 2, 18446744044159538755, 0, 101, 41376
2210869681592467507, 1578871911.320678234, 7187, 3, 1, 2, 18446744044159538755, 7, 101, 41376
2210869681592467508, 1578871911.320734024, 7187, 0, 2, 2, 18446744044159538755, 0, 101, 41376
2210869681592467508, 1578871911.326372623, 7187, 3, 1, 2, 18446744044159538755, 7, 101, 41376
2210869681592467509, 1578871911.326428413, 7187, 0, 2, 2, 18446744044159538755, 0, 101, 41376
2210869681592467509, 1578871911.332071781, 7187, 3, 1, 2, 18446744044159538755, 7, 101, 41376
2210869681592467510, 1578871911.332127810, 7187, 0, 2, 2, 18446744044159538755, 0, 101, 41376
2210869681592467510, 1578871911.337752104, 7187, 3, 1, 2, 18446744044159538755, 7, 101, 41376
2210869681592467511, 1578871911.337807894, 7187, 0, 2, 2, 18446744044159538755, 0, 101, 41376
2210869681592467511, 1578871911.343729496, 7187, 3, 1, 2, 18446744044159538755, 7, 101, 41376
2210869681592467512, 1578871911.343785524, 7187, 0, 2, 2, 18446744044159538755, 0, 101, 41376
2210869681592467512, 1578871911.349649191, 7187, 3, 1, 2, 18446744044159538755, 7, 101, 41376
2210869681592467513, 1578871911.349704981, 7187, 0, 2, 2, 18446744044159538755, 0, 101, 41376
2210869681592467513, 1578871911.355334997, 7187, 3, 1, 2, 18446744044159538755, 7, 101, 41376
2210869681592467514, 1578871911.355390787, 7187, 0, 2, 2, 18446744044159538755, 0, 101, 41376
2210869681592467514, 1578871911.361049414, 7187, 3, 1, 2, 18446744044159538755, 7, 101, 41376
2210869681592467515, 1578871911.361105204, 7187, 0, 2, 2, 18446744044159538755, 0, 101, 41376
2210869681592467515, 1578871911.366799355, 7187, 3, 1, 2, 18446744044159538755, 7, 101, 41376
2210869681592467516, 1578871911.366854668, 7187, 0, 2, 2, 18446744044159538755, 0, 101, 41376
2210869681592467516, 1578871911.373100281, 7187, 3, 1, 2, 18446744044159538755, 7, 101, 41376
2210869681592467517, 1578871911.373156071, 7187, 0, 2, 2, 18446744044159538755, 0, 101, 41376
2210869681592467517, 1578871911.378776789, 7187, 3, 1, 2, 18446744044159538755, 7, 101, 41376
2210869681592467518, 1578871911.378832340, 7187, 0, 2, 2, 18446744044159538755, 0, 101, 41376
2210869681592467518, 1578871911.384606600, 7187, 3, 1, 2, 18446744044159538755, 7, 101, 41376
2210869681592467519, 1578871911.384625196, 7187, 0, 2, 2, 18446744044159538755, 0, 101, 41376
2210869681592467519, 1578871911.390316963, 7187, 3, 1, 2, 18446744044159538755, 7, 101, 41376
2210869681592467520, 1578871911.390372753, 7187, 0, 2, 2, 18446744044159538755, 0, 101, 41376
2210869681592467520, 1578871911.396177292, 7187, 3, 1, 2, 18446744044159538755, 7, 101, 41376
2210869681592467521, 1578871911.396233082, 7187, 0, 2, 2, 18446744044159538755, 0, 101, 41376
2210869681592467521, 1578871911.401900291, 7187, 3, 1, 2, 18446744044159538755, 7, 101, 41376
2210869681592467522, 1578871911.401956081, 7187, 0, 2, 2, 18446744044159538755, 0, 101, 41376
2210869681592467522, 1578871911.407776594, 7187, 3, 1, 2, 18446744044159538755, 7, 101, 41376
2210869681592467523, 1578871911.407833099, 7187, 0, 2, 2, 18446744044159538755, 0, 101, 41376
2210869681592467523, 1578871911.413521767, 7187, 3, 1, 2, 18446744044159538755, 7, 101, 41376
2210869681592467524, 1578871911.413578749, 7187, 0, 2, 2, 18446744044159538755, 0, 101, 41376
2210869681592467524, 1578871911.419434786, 7187, 3, 1, 2, 18446744044159538755, 7, 101, 41376
2210869681592467525, 1578871911.419490576, 7187, 0, 2, 2, 18446744044159538755, 0, 101, 41376
2210869681592467525, 1578871911.425194025, 7187, 3, 1, 2, 18446744044159538755, 7, 101, 41376
2210869681592467526, 1578871911.425251007, 7187, 0, 2, 2, 18446744044159538755, 0, 101, 41376
2210869681592467526, 1578871911.430907488, 7187, 3, 1, 2, 18446744044159538755, 7, 101, 41376
2210869681592467527, 1578871911.430963278, 7187, 0, 2, 2, 18446744044159538755, 0, 101, 41376
2210869681592467527, 1578871911.436713219, 7187, 3, 1, 2, 18446744044159538755, 7, 101, 41376
2210869681592467528, 1578871911.436768770, 7187, 0, 2, 2, 18446744044159538755, 0, 101, 41376
2210869681592467528, 1578871911.442459583, 7187, 3, 1, 2, 18446744044159538755, 7, 101, 41376
2210869681592467529, 1578871911.442515373, 7187, 0, 2, 2, 18446744044159538755, 0, 101, 41376
2210869681592467529, 1578871911.448244572, 7187, 3, 1, 2, 18446744044159538755, 7, 101, 41376
2210869681592467530, 1578871911.448302507, 7187, 0, 2, 2, 18446744044159538755, 0, 101, 41376
2210869681592467530, 1578871911.454025507, 7187, 3, 1, 2, 18446744044159538755, 7, 101, 41376
2210869681592467531, 1578871911.454081059, 7187, 0, 2, 2, 18446744044159538755, 0, 101, 41376
2210869681592467531, 1578871911.459830523, 7187, 3, 1, 2, 18446744044159538755, 7, 101, 41376
2210869681592467532, 1578871911.459887266, 7187, 0, 2, 2, 18446744044159538755, 0, 101, 41376
2210869681592467532, 1578871911.465498209, 7187, 3, 1, 2, 18446744044159538755, 7, 101, 41376
2210869681592467533, 1578871911.465553999, 7187, 0, 2, 2, 18446744044159538755, 0, 101, 41376
2210869681592467533, 1578871911.471343279, 7187, 3, 1, 2, 18446744044159538755, 7, 101, 41376
2210869681592467534, 1578871911.471400023, 7187, 0, 2, 2, 18446744044159538755, 0, 101, 41376
2210869681592467534, 1578871911.477081060, 7187, 3, 1, 2, 18446744044159538755, 7, 101, 41376
2210869681592467535, 1578871911.477136850, 7187, 0, 2, 2, 18446744044159538755, 0, 101, 41376
2210869681592467535, 1578871911.482754469, 7187, 3, 1, 2, 18446744044159538755, 7, 101, 41376
2210869681592467536, 1578871911.482811213, 7187, 0, 2, 2, 18446744044159538755, 0, 101, 41376
2210869681592467536, 1578871911.488425016, 7187, 3, 1, 2, 18446744044159538755, 7, 101, 41376
2210869681592467537, 1578871911.488480568, 7187, 0, 2, 2, 18446744044159538755, 0, 101, 41376
2210869681592467537, 1578871911.494312286, 7187, 3, 1, 2, 18446744044159538755, 7, 101, 41376
2210869681592467538, 1578871911.494369030, 7187, 0, 2, 2, 18446744044159538755, 0, 101, 41376
2210869681592467538, 1578871911.500121117, 7187, 3, 1, 2, 18446744044159538755, 7, 101, 41376
2210869681592467539, 1578871911.500176668, 7187, 0, 2, 2, 18446744044159538755, 0, 101, 41376
2210869681592467539, 1578871911.505829573, 7187, 3, 1, 2, 18446744044159538755, 7, 101, 41376
2210869681592467540, 1578871911.505885363, 7187, 0, 2, 2, 18446744044159538755, 0, 101, 41376
2210869681592467540, 1578871911.511566877, 7187, 3, 1, 2, 18446744044159538755, 7, 101, 41376
2210869681592467541, 1578871911.511623859, 7187, 0, 2, 2, 18446744044159538755, 0, 101, 41376
2210869681592467541, 1578871911.517318249, 7187, 3, 1, 2, 18446744044159538755, 7, 101, 41376
2210869681592467542, 1578871911.517374277, 7187, 0, 2, 2, 18446744044159538755, 0, 101, 41376
2210869681592467542, 1578871911.523270130, 7187, 3, 1, 2, 18446744044159538755, 7, 101, 41376
2210869681592467543, 1578871911.523325682, 7187, 0, 2, 2, 18446744044159538755, 0, 101, 41376
2210869681592467543, 1578871911.528986454, 7187, 3, 1, 2, 18446744044159538755, 7, 101, 41376
2210869681592467544, 1578871911.529042006, 7187, 0, 2, 2, 18446744044159538755, 0, 101, 41376
2210869681592467544, 1578871911.534767389, 7187, 3, 1, 2, 18446744044159538755, 7, 101, 41376
2210869681592467545, 1578871911.534822941, 7187, 0, 2, 2, 18446744044159538755, 0, 101, 41376
2210869681592467545, 1578871911.540668249, 7187, 3, 1, 2, 18446744044159538755, 7, 101, 41376
2210869681592467546, 1578871911.540725946, 7187, 0, 2, 2, 18446744044159538755, 0, 101, 41376
2210869681592467546, 1578871911.547264814, 7187, 3, 1, 2, 18446744044159538755, 7, 101, 41376
2210869681592467547, 1578871911.547325611, 7187, 0, 2, 2, 18446744044159538755, 0, 101, 41376
2210869681592467547, 1578871911.553081274, 7187, 3, 1, 2, 18446744044159538755, 7, 101, 41376
2210869681592467548, 1578871911.553137541, 7187, 0, 2, 2, 18446744044159538755, 0, 101, 41376
2210869681592467548, 1578871911.558835745, 7187, 3, 1, 2, 18446744044159538755, 7, 101, 41376
2210869681592467549, 1578871911.558891535, 7187, 0, 2, 2, 18446744044159538755, 0, 101, 41376
2210869681592467549, 1578871911.564672470, 7187, 3, 1, 2, 18446744044159538755, 7, 101, 41376
2210869681592467550, 1578871911.564728260, 7187, 0, 2, 2, 18446744044159538755, 0, 101, 41376
2210869681592467550, 1578871911.570667982, 7187, 3, 1, 2, 18446744044159538755, 7, 101, 41376
2210869681592467551, 1578871911.570723534, 7187, 0, 2, 2, 18446744044159538755, 0, 101, 41376
2210869681592467551, 1578871911.576361418, 7187, 3, 1, 2, 18446744044159538755, 7, 101, 41376
2210869681592467552, 1578871911.576416969, 7187, 0, 2, 2, 18446744044159538755, 0, 101, 41376
2210869681592467552, 1578871911.582242250, 7187, 3, 1, 2, 18446744044159538755, 7, 101, 41376
2210869681592467553, 1578871911.582297802, 7187, 0, 2, 2, 18446744044159538755, 0, 101, 41376
2210869681592467553, 1578871911.588022470, 7187, 3, 1, 2, 18446744044159538755, 7, 101, 41376
2210869681592467554, 1578871911.588078260, 7187, 0, 2, 2, 18446744044159538755, 0, 101, 41376
2210869681592467554, 1578871911.593768358, 7187, 3, 1, 2, 18446744044159538755, 7, 101, 41376
2210869681592467555, 1578871911.593823671, 7187, 0, 2, 2, 18446744044159538755, 0, 101, 41376
2210869681592467555, 1578871911.599529743, 7187, 3, 1, 2, 18446744044159538755, 7, 101, 41376
2210869681592467556, 1578871912.178918362, 54048, 0, 2, 2, 18446744044159538755, 0, 101, 41376
2210869681592467556, 1578871912.178997278, 54048, 3, 1, 2, 18446744044159538755, 3, 101, 41640
