1
7187, alpha_do_work
11125917501009952768, 1578871910.995993614, 7187, 0, 2, 2, 18446744046235235077, 0, 100, 0
11125917501009952768, 1578871911.028834343, 7187, 3, 1, 2, 18446744046235235077, 7, 100, 39188
11125917501009952769, 1578871911.028917074, 7187, 0, 2, 2, 18446744046235235077, 0, 100, 43288
11125917501009952769, 1578871911.038489103, 7187, 3, 1, 2, 18446744046235235077, 7, 100, 43288
11125917501009952770, 1578871911.038546801, 7187, 0, 2, 2, 18446744046235235077, 0, 100, 43288
11125917501009952770, 1578871911.047526360, 7187, 3, 1, 2, 18446744046235235077, 7, 100, 43288
11125917501009952771, 1578871911.047583342, 7187, 0, 2, 2, 18446744046235235077, 0, 100, 43288
11125917501009952771, 1578871911.056495190, 7187, 3, 1, 2, 18446744046235235077, 7, 100, 43288
11125917501009952772, 1578871911.056551695, 7187, 0, 2, 2, 18446744046235235077, 0, 100, 43288
11125917501009952772, 1578871911.065366745, 7187, 3, 1, 2, 18446744046235235077, 7, 100, 43288
11125917501009952773, 1578871911.065423012, 7187, 0, 2, 2, 18446744046235235077, 0, 100, 43288
11125917501009952773, 1578871911.074280500, 7187, 3, 1, 2, 18446744046235235077, 7, 100, 43288
11125917501009952774, 1578871911.074336290, 7187, 0, 2, 2, 18446744046235235077, 0, 100, 43288
11125917501009952774, 1578871911.082813025, 7187, 3, 1, 2, 18446744046235235077, 7, 100, 43288
11125917501009952775, 1578871911.082869053, 7187, 0, 2, 2, 18446744046235235077, 0, 100, 43288
11125917501009952775, 1578871911.088717222, 7187, 3, 1, 2, 18446744046235235077, 7, 100, 43288
11125917501009952776, 1578871911.088773251, 7187, 0, 2, 2, 18446744046235235077, 0, 100, 43288
11125917501009952776, 1578871911.095148563, 7187, 3, 1, 2, 18446744046235235077, 7, 100, 43288
11125917501009952777, 1578871911.095204592, 7187, 0, 2, 2, 18446744046235235077, 0, 100, 43288
11125917501009952777, 1578871911.103818417, 7187, 3, 1, 2, 18446744046235235077, 7, 100, 43288
11125917501009952778, 1578871911.103874445, 7187, 0, 2, 2, 18446744046235235077, 0, 100, 43288
11125917501009952778, 1578871911.112503767, 7187, 3, 1, 2, 18446744046235235077, 7, 100, 43288
11125917501009952779, 1578871911.112559557, 7187, 0, 2, 2, 18446744046235235077, 0, 100, 43288
11125917501009952779, 1578871911.121342182, 7187, 3, 1, 2, 18446744046235235077, 7, 100, 43288
11125917501009952780, 1578871911.121398211, 7187, 0, 2, 2, 18446744046235235077, 0, 100, 43288
11125917501009952780, 1578871911.130095243, 7187, 3, 1, 2, 18446744046235235077, 7, 100, 43288
11125917501009952781, 1578871911.130151033, 7187, 0, 2, 2, 18446744046235235077, 0, 100, 43288
11125917501009952781, 1578871911.138823271, 7187, 3, 1, 2, 18446744046235235077, 7, 100, 43288
11125917501009952782, 1578871911.138878822, 7187, 0, 2, 2, 18446744046235235077, 0, 100, 43288
11125917501009952782, 1578871911.147404671, 7187, 3, 1, 2, 18446744046235235077, 7, 100, 43288
11125917501009952783, 1578871911.147460699, 7187, 0, 2, 2, 18446744046235235077, 0, 100, 43288
11125917501009952783, 1578871911.156083822, 7187, 3, 1, 2, 18446744046235235077, 7, 100, 43288
11125917501009952784, 1578871911.156139851, 7187, 0, 2, 2, 18446744046235235077, 0, 100, 43288
11125917501009952784, 1578871911.164709806, 7187, 3, 1, 2, 18446744046235235077, 7, 100, 43288
11125917501009952785, 1578871911.164765596, 7187, 0, 2, 2, 18446744046235235077, 0, 100, 43288
11125917501009952785, 1578871911.173197746, 7187, 3, 1, 2, 18446744046235235077, 7, 100, 43288
11125917501009952786, 1578871911.173253775, 7187, 0, 2, 2, 18446744046235235077, 0, 100, 43288
11125917501009952786, 1578871911.181723356, 7187, 3, 1, 2, 18446744046235235077, 7, 100, 43288
11125917501009952787, 1578871911.181779146, 7187, 0, 2, 2, 18446744046235235077, 0, 100, 43288
11125917501009952787, 1578871911.190454721, 7187, 3, 1, 2, 18446744046235235077, 7, 100, 43288
11125917501009952788, 1578871911.190510273, 7187, 0, 2, 2, 18446744046235235077, 0, 100, 43288
11125917501009952788, 1578871911.199219704, 7187, 3, 1, 2, 18446744046235235077, 7, 100, 43288
11125917501009952789, 1578871911.199275255, 7187, 0, 2, 2, 18446744046235235077, 0, 100, 43288
11125917501009952789, 1578871911.207837820, 7187, 3, 1, 2, 18446744046235235077, 7, 100, 43288
11125917501009952790, 1578871911.207893610, 7187, 0, 2, 2, 18446744046235235077, 0, 100, 43288
11125917501009952790, 1578871911.216651440, 7187, 3, 1, 2, 18446744046235235077, 7, 100, 43288
11125917501009952791, 1578871911.216751575, 7187, 0, 2, 2, 18446744046235235077, 0, 100, 43288
11125917501009952791, 1578871911.225519896, 7187, 3, 1, 2, 18446744046235235077, 7, 100, 43288
11125917501009952792, 1578871911.225580931, 7187, 0, 2, 2, 18446744046235235077, 0, 100, 43288
11125917501009952792, 1578871911.234439135, 7187, 3, 1, 2, 18446744046235235077, 7, 100, 43288
11125917501009952793, 1578871911.234495640, 7187, 0, 2, 2, 18446744046235235077, 0, 100, 43288
11125917501009952793, 1578871911.243370295, 7187, 3, 1, 2, 18446744046235235077, 7, 100, 43288
11125917501009952794, 1578871911.243426800, 7187, 0, 2, 2, 18446744046235235077, 0, 100, 43288
11125917501009952794, 1578871911.252317905, 7187, 3, 1, 2, 18446744046235235077, 7, 100, 43288
11125917501009952795, 1578871911.252374411, 7187, 0, 2, 2, 18446744046235235077, 0, 100, 43288
11125917501009952795, 1578871911.261088610, 7187, 3, 1, 2, 18446744046235235077, 7, 100, 43288
11125917501009952796, 1578871911.261179686, 7187, 0, 2, 2, 18446744046235235077, 0, 100, 43288
11125917501009952796, 1578871911.269969702, 7187, 3, 1, 2, 18446744046235235077, 7, 100, 43288
11125917501009952797, 1578871911.270030260, 7187, 0, 2, 2, 18446744046235235077, 0, 100, 43288
11125917501009952797, 1578871911.278887272, 7187, 3, 1, 2, 18446744046235235077, 7, 100, 43288
11125917501009952798, 1578871911.278944254, 7187, 0, 2, 2, 18446744046235235077, 0, 100, 43288
11125917501009952798, 1578871911.287616491, 7187, 3, 1, 2, 18446744046235235077, 7, 100, 43288
11125917501009952799, 1578871911.288184881, 7187, 0, 2, 2, 18446744046235235077, 0, 100, 43288
11125917501009952799, 1578871911.296716928, 7187, 3, 1, 2, 18446744046235235077, 7, 100, 43288
11125917501009952800, 1578871911.296774864, 7187, 0, 2, 2, 18446744046235235077, 0, 100, 43288
11125917501009952800, 1578871911.305747747, 7187, 3, 1, 2, 18446744046235235077, 7, 100, 43288
11125917501009952801, 1578871911.305804014, 7187, 0, 2, 2, 18446744046235235077, 0, 100, 43288
11125917501009952801, 1578871911.314273596, 7187, 3, 1, 2, 18446744046235235077, 7, 100, 43288
11125917501009952802, 1578871911.314329624, 7187, 0, 2, 2, 18446744046235235077, 0, 100, 43288
11125917501009952802, 1578871911.323127508, 7187, 3, 1, 2, 18446744046235235077, 7, 100, 43288
11125917501009952803, 1578871911.323183775, 7187, 0, 2, 2, 18446744046235235077, 0, 100, 43288
11125917501009952803, 1578871911.331846952, 7187, 3, 1, 2, 18446744046235235077, 7, 100, 43288
11125917501009952804, 1578871911.331902981, 7187, 0, 2, 2, 18446744046235235077, 0, 100, 43288
11125917501009952804, 1578871911.340683222, 7187, 3, 1, 2, 18446744046235235077, 7, 100, 43288
11125917501009952805, 1578871911.340739250, 7187, 0, 2, 2, 18446744046235235077, 0, 100, 43288
11125917501009952805, 1578871911.349701881, 7187, 3, 1, 2, 18446744046235235077, 7, 100, 43288
11125917501009952806, 1578871911.349758148, 7187, 0, 2, 2, 18446744046235235077, 0, 100, 43288
11125917501009952806, 1578871911.358543158, 7187, 3, 1, 2, 18446744046235235077, 7, 100, 43288
11125917501009952807, 1578871911.358599424, 7187, 0, 2, 2, 18446744046235235077, 0, 100, 43288
11125917501009952807, 1578871911.367387295, 7187, 3, 1, 2, 18446744046235235077, 7, 100, 43288
11125917501009952808, 1578871911.367443085, 7187, 0, 2, 2, 18446744046235235077, 0, 100, 43288
11125917501009952808, 1578871911.376061678, 7187, 3, 1, 2, 18446744046235235077, 7, 100, 43288
11125917501009952809, 1578871911.376117945, 7187, 0, 2, 2, 18446744046235235077, 0, 100, 43288
11125917501009952809, 1578871911.384916067, 7187, 3, 1, 2, 18446744046235235077, 7, 100, 43288
11125917501009952810, 1578871911.384972095, 7187, 0, 2, 2, 18446744046235235077, 0, 100, 43288
11125917501009952810, 1578871911.393667221, 7187, 3, 1, 2, 18446744046235235077, 7, 100, 43288
11125917501009952811, 1578871911.393723249, 7187, 0, 2, 2, 18446744046235235077, 0, 100, 43288
11125917501009952811, 1578871911.402521610, 7187, 3, 1, 2, 18446744046235235077, 7, 100, 43288
11125917501009952812, 1578871911.402577639, 7187, 0, 2, 2, 18446744046235235077, 0, 100, 43288
11125917501009952812, 1578871911.411617756, 7187, 3, 1, 2, 18446744046235235077, 7, 100, 43288
11125917501009952813, 1578871911.411624670, 7187, 0, 2, 2, 18446744046235235077, 0, 100, 43288
11125917501009952813, 1578871911.420438766, 7187, 3, 1, 2, 18446744046235235077, 7, 100, 43288
11125917501009952814, 1578871911.420494795, 7187, 0, 2, 2, 18446744046235235077, 0, 100, 43288
11125917501009952814, 1578871911.429066420, 7187, 3, 1, 2, 18446744046235235077, 7, 100, 43288
11125917501009952815, 1578871911.429122210, 7187, 0, 2, 2, 18446744046235235077, 0, 100, 43288
11125917501009952815, 1578871911.438046694, 7187, 3, 1, 2, 18446744046235235077, 7, 100, 43288
11125917501009952816, 1578871911.438102961, 7187, 0, 2, 2, 18446744046235235077, 0, 100, 43288
11125917501009952816, 1578871911.446830750, 7187, 3, 1, 2, 18446744046235235077, 7, 100, 43288
11125917501009952817, 1578871911.446886778, 7187, 0, 2, 2, 18446744046235235077, 0, 100, 43288
11125917501009952817, 1578871911.455452681, 7187, 3, 1, 2, 18446744046235235077, 7, 100, 43288
11125917501009952818, 1578871911.455508709, 7187, 0, 2, 2, 18446744046235235077, 0, 100, 43288
11125917501009952818, 1578871911.463965416, 7187, 3, 1, 2, 18446744046235235077, 7, 100, 43288
11125917501009952819, 1578871911.464021206, 7187, 0, 2, 2, 18446744046235235077, 0, 100, 43288
11125917501009952819, 1578871911.472769499, 7187, 3, 1, 2, 18446744046235235077, 7, 100, 43288
11125917501009952820, 1578871911.472825527, 7187, 0, 2, 2, 18446744046235235077, 0, 100, 43288
11125917501009952820, 1578871911.481384754, 7187, 3, 1, 2, 18446744046235235077, 7, 100, 43288
11125917501009952821, 1578871911.481440783, 7187, 0, 2, 2, 18446744046235235077, 0, 100, 43288
11125917501009952821, 1578871911.490015268, 7187, 3, 1, 2, 18446744046235235077, 7, 100, 43288
11125917501009952822, 1578871911.490071058, 7187, 0, 2, 2, 18446744046235235077, 0, 100, 43288
11125917501009952822, 1578871911.498597860, 7187, 3, 1, 2, 18446744046235235077, 7, 100, 43288
11125917501009952823, 1578871911.498625040, 7187, 0, 2, 2, 18446744046235235077, 0, 100, 43288
11125917501009952823, 1578871911.507088184, 7187, 3, 1, 2, 18446744046235235077, 7, 100, 43288
11125917501009952824, 1578871911.507143974, 7187, 0, 2, 2, 18446744046235235077, 0, 100, 43288
11125917501009952824, 1578871911.515875101, 7187, 3, 1, 2, 18446744046235235077, 7, 100, 43288
11125917501009952825, 1578871911.515930653, 7187, 0, 2, 2, 18446744046235235077, 0, 100, 43288
11125917501009952825, 1578871911.524538994, 7187, 3, 1, 2, 18446744046235235077, 7, 100, 43288
11125917501009952826, 1578871911.524594784, 7187, 0, 2, 2, 18446744046235235077, 0, 100, 43288
11125917501009952826, 1578871911.533153057, 7187, 3, 1, 2, 18446744046235235077, 7, 100, 43288
11125917501009952827, 1578871911.533208370, 7187, 0, 2, 2, 18446744046235235077, 0, 100, 43288
11125917501009952827, 1578871911.541754246, 7187, 3, 1, 2, 18446744046235235077, 7, 100, 43288
11125917501009952828, 1578871911.541872501, 7187, 0, 2, 2, 18446744046235235077, 0, 100, 43288
11125917501009952828, 1578871911.551286936, 7187, 3, 1, 2, 18446744046235235077, 7, 100, 43288
11125917501009952829, 1578871911.551859379, 7187, 0, 2, 2, 18446744046235235077, 0, 100, 43288
11125917501009952829, 1578871911.560097456, 7187, 3, 1, 2, 18446744046235235077, 7, 100, 43288
11125917501009952830, 1578871911.560156345, 7187, 0, 2, 2, 18446744046235235077, 0, 100, 43288
11125917501009952830, 1578871911.569048166, 7187, 3, 1, 2, 18446744046235235077, 7, 100, 43288
11125917501009952831, 1578871911.569103956, 7187, 0, 2, 2, 18446744046235235077, 0, 100, 43288
11125917501009952831, 1578871911.577616215, 7187, 3, 1, 2, 18446744046235235077, 7, 100, 43288
11125917501009952832, 1578871911.577625036, 7187, 0, 2, 2, 18446744046235235077, 0, 100, 43288
11125917501009952832, 1578871911.586166143, 7187, 3, 1, 2, 18446744046235235077, 7, 100, 43288
11125917501009952833, 1578871911.586221695, 7187, 0, 2, 2, 18446744046235235077, 0, 100, 43288
11125917501009952833, 1578871911.594794035, 7187, 3, 1, 2, 18446744046235235077, 7, 100, 43288
11125917501009952834, 1578871911.594849586, 7187, 0, 2, 2, 18446744046235235077, 0, 100, 43288
11125917501009952834, 1578871911.603739500, 7187, 3, 1, 2, 18446744046235235077, 7, 100, 43288
11125917501009952835, 1578871911.603795290, 7187, 0, 2, 2, 18446744046235235077, 0, 100, 43288
11125917501009952835, 1578871911.612504482, 7187, 3, 1, 2, 18446744046235235077, 7, 100, 43288
11125917501009952836, 1578871911.612559795, 7187, 0, 2, 2, 18446744046235235077, 0, 100, 43288
11125917501009952836, 1578871911.621442318, 7187, 3, 1, 2, 18446744046235235077, 7, 100, 43288
11125917501009952837, 1578871911.621498108, 7187, 0, 2, 2, 18446744046235235077, 0, 100, 43288
11125917501009952837, 1578871911.630238533, 7187, 3, 1, 2, 18446744046235235077, 7, 100, 43288
11125917501009952838, 1578871911.630294085, 7187, 0, 2, 2, 18446744046235235077, 0, 100, 43288
11125917501009952838, 1578871911.639267445, 7187, 3, 1, 2, 18446744046235235077, 7, 100, 43288
11125917501009952839, 1578871911.639322758, 7187, 0, 2, 2, 18446744046235235077, 0, 100, 43288
11125917501009952839, 1578871911.647898197, 7187, 3, 1, 2, 18446744046235235077, 7, 100, 43288
11125917501009952840, 1578871911.647953749, 7187, 0, 2, 2, 18446744046235235077, 0, 100, 43288
11125917501009952840, 1578871911.656966448, 7187, 3, 1, 2, 18446744046235235077, 7, 100, 43288
11125917501009952841, 1578871911.657022238, 7187, 0, 2, 2, 18446744046235235077, 0, 100, 43288
11125917501009952841, 1578871911.665483236, 7187, 3, 1, 2, 18446744046235235077, 7, 100, 43288
11125917501009952842, 1578871911.665538549, 7187, 0, 2, 2, 18446744046235235077, 0, 100, 43288
11125917501009952842, 1578871911.674185276, 7187, 3, 1, 2, 18446744046235235077, 7, 100, 43288
11125917501009952843, 1578871911.674241066, 7187, 0, 2, 2, 18446744046235235077, 0, 100, 43288
11125917501009952843, 1578871911.682994127, 7187, 3, 1, 2, 18446744046235235077, 7, 100, 43288
11125917501009952844, 1578871911.683049440, 7187, 0, 2, 2, 18446744046235235077, 0, 100, 43288
11125917501009952844, 1578871911.691651344, 7187, 3, 1, 2, 18446744046235235077, 7, 100, 43288
11125917501009952845, 1578871911.691706896, 7187, 0, 2, 2, 18446744046235235077, 0, 100, 43288
11125917501009952845, 1578871911.700451136, 7187, 3, 1, 2, 18446744046235235077, 7, 100, 43288
11125917501009952846, 1578871911.700506687, 7187, 0, 2, 2, 18446744046235235077, 0, 100, 43288
11125917501009952846, 1578871911.709055662, 7187, 3, 1, 2, 18446744046235235077, 7, 100, 43288
11125917501009952847, 1578871911.709110975, 7187, 0, 2, 2, 18446744046235235077, 0, 100, 43288
11125917501009952847, 1578871911.717741013, 7187, 3, 1, 2, 18446744046235235077, 7, 100, 43288
11125917501009952848, 1578871911.717803478, 7187, 0, 2, 2, 18446744046235235077, 0, 100, 43288
11125917501009952848, 1578871911.726509094, 7187, 3, 1, 2, 18446744046235235077, 7, 100, 43288
11125917501009952849, 1578871911.726564407, 7187, 0, 2, 2, 18446744046235235077, 0, 100, 43288
11125917501009952849, 1578871911.735323668, 7187, 3, 1, 2, 18446744046235235077, 7, 100, 43288
11125917501009952850, 1578871911.735378981, 7187, 0, 2, 2, 18446744046235235077, 0, 100, 43288
11125917501009952850, 1578871911.741207838, 7187, 3, 1, 2, 18446744046235235077, 7, 100, 43288
11125917501009952851, 1578871911.741263390, 7187, 0, 2, 2, 18446744046235235077, 0, 100, 43288
11125917501009952851, 1578871911.747515678, 7187, 3, 1, 2, 18446744046235235077, 7, 100, 43288
11125917501009952852, 1578871911.747570992, 7187, 0, 2, 2, 18446744046235235077, 0, 100, 43288
11125917501009952852, 1578871911.759003162, 7187, 3, 1, 2, 18446744046235235077, 7, 100, 43288
11125917501009952853, 1578871911.759058475, 7187, 0, 2, 2, 18446744046235235077, 0, 100, 43288
11125917501009952853, 1578871911.768358231, 7187, 3, 1, 2, 18446744046235235077, 7, 100, 43288
11125917501009952854, 1578871911.768413782, 7187, 0, 2, 2, 18446744046235235077, 0, 100, 43288
11125917501009952854, 1578871911.777086973, 7187, 3, 1, 2, 18446744046235235077, 7, 100, 43288
11125917501009952855, 1578871911.777142763, 7187, 0, 2, 2, 18446744046235235077, 0, 100, 43288
11125917501009952855, 1578871911.785754681, 7187, 3, 1, 2, 18446744046235235077, 7, 100, 43288
11125917501009952856, 1578871911.785810232, 7187, 0, 2, 2, 18446744046235235077, 0, 100, 43288
11125917501009952856, 1578871911.794484138, 7187, 3, 1, 2, 18446744046235235077, 7, 100, 43288
11125917501009952857, 1578871911.794544458, 7187, 0, 2, 2, 18446744046235235077, 0, 100, 43288
11125917501009952857, 1578871911.803146839, 7187, 3, 1, 2, 18446744046235235077, 7, 100, 43288
11125917501009952858, 1578871911.803202629, 7187, 0, 2, 2, 18446744046235235077, 0, 100, 43288
11125917501009952858, 1578871911.811839581, 7187, 3, 1, 2, 18446744046235235077, 7, 100, 43288
11125917501009952859, 1578871911.811895132, 7187, 0, 2, 2, 18446744046235235077, 0, 100, 43288
11125917501009952859, 1578871911.820421696, 7187, 3, 1, 2, 18446744046235235077, 7, 100, 43288
11125917501009952860, 1578871911.820477486, 7187, 0, 2, 2, 18446744046235235077, 0, 100, 43288
11125917501009952860, 1578871911.829262495, 7187, 3, 1, 2, 18446744046235235077, 7, 100, 43288
11125917501009952861, 1578871911.829318047, 7187, 0, 2, 2, 18446744046235235077, 0, 100, 43288
11125917501009952861, 1578871911.838102102, 7187, 3, 1, 2, 18446744046235235077, 7, 100, 43288
11125917501009952862, 1578871911.838157654, 7187, 0, 2, 2, 18446744046235235077, 0, 100, 43288
11125917501009952862, 1578871911.846718550, 7187, 3, 1, 2, 18446744046235235077, 7, 100, 43288
11125917501009952863, 1578871911.846774101, 7187, 0, 2, 2, 18446744046235235077, 0, 100, 43288
11125917501009952863, 1578871911.855375528, 7187, 3, 1, 2, 18446744046235235077, 7, 100, 43288
11125917501009952864, 1578871911.855431080, 7187, 0, 2, 2, 18446744046235235077, 0, 100, 43288
11125917501009952864, 1578871911.863940239, 7187, 3, 1, 2, 18446744046235235077, 7, 100, 43288
11125917501009952865, 1578871911.863995790, 7187, 0, 2, 2, 18446744046235235077, 0, 100, 43288
11125917501009952865, 1578871911.872655630, 7187, 3, 1, 2, 18446744046235235077, 7, 100, 43288
11125917501009952866, 1578871911.872711420, 7187, 0, 2, 2, 18446744046235235077, 0, 100, 43288
11125917501009952866, 1578871911.881247282, 7187, 3, 1, 2, 18446744046235235077, 7, 100, 43288
11125917501009952867, 1578871911.881302595, 7187, 0, 2, 2, 18446744046235235077, 0, 100, 43288
11125917501009952867, 1578871911.890028238, 7187, 3, 1, 2, 18446744046235235077, 7, 100, 43288
