1
7187, alpha_do_work
5000613672360345600, 1578871910.995988607, 7187, 0, 2, 2, 18446744044809076644, 0, 101, 0
5000613672360345600, 1578871911.028875113, 7187, 3, 1, 2, 18446744044809076644, 7, 101, 37276
5000613672360345601, 1578871911.028953075, 7187, 0, 2, 2, 18446744044809076644, 0, 101, 41380
5000613672360345601, 1578871911.038522005, 7187, 3, 1, 2, 18446744044809076644, 7, 101, 41380
5000613672360345602, 1578871911.038579941, 7187, 0, 2, 2, 18446744044809076644, 0, 101, 41380
5000613672360345602, 1578871911.047545671, 7187, 3, 1, 2, 18446744044809076644, 7, 101, 41380
5000613672360345603, 1578871911.047601938, 7187, 0, 2, 2, 18446744044809076644, 0, 101, 41380
5000613672360345603, 1578871911.056524038, 7187, 3, 1, 2, 18446744044809076644, 7, 101, 41380
5000613672360345604, 1578871911.056580067, 7187, 0, 2, 2, 18446744044809076644, 0, 101, 41380
5000613672360345604, 1578871911.065396309, 7187, 3, 1, 2, 18446744044809076644, 7, 101, 41380
5000613672360345605, 1578871911.065452099, 7187, 0, 2, 2, 18446744044809076644, 0, 101, 41380
5000613672360345605, 1578871911.074313641, 7187, 3, 1, 2, 18446744044809076644, 7, 101, 41380
5000613672360345606, 1578871911.074386358, 7187, 0, 2, 2, 18446744044809076644, 0, 101, 41380
5000613672360345606, 1578871911.083253622, 7187, 3, 1, 2, 18446744044809076644, 7, 101, 41380
5000613672360345607, 1578871911.083310843, 7187, 0, 2, 2, 18446744044809076644, 0, 101, 41380
5000613672360345607, 1578871911.094587088, 7187, 3, 1, 2, 18446744044809076644, 7, 101, 41380
5000613672360345608, 1578871911.094625711, 7187, 0, 2, 2, 18446744044809076644, 0, 101, 41380
5000613672360345608, 1578871911.103749275, 7187, 3, 1, 2, 18446744044809076644, 7, 101, 41380
5000613672360345609, 1578871911.103805304, 7187, 0, 2, 2, 18446744044809076644, 0, 101, 41380
5000613672360345609, 1578871911.112457514, 7187, 3, 1, 2, 18446744044809076644, 7, 101, 41380
5000613672360345610, 1578871911.112513304, 7187, 0, 2, 2, 18446744044809076644, 0, 101, 41380
5000613672360345610, 1578871911.121277094, 7187, 3, 1, 2, 18446744044809076644, 7, 101, 41380
5000613672360345611, 1578871911.121344566, 7187, 0, 2, 2, 18446744044809076644, 0, 101, 41380
5000613672360345611, 1578871911.130047798, 7187, 3, 1, 2, 18446744044809076644, 7, 101, 41380
5000613672360345612, 1578871911.130103350, 7187, 0, 2, 2, 18446744044809076644, 0, 101, 41380
5000613672360345612, 1578871911.138758898, 7187, 3, 1, 2, 18446744044809076644, 7, 101, 41380
5000613672360345613, 1578871911.138814449, 7187, 0, 2, 2, 18446744044809076644, 0, 101, 41380
5000613672360345613, 1578871911.147359610, 7187, 3, 1, 2, 18446744044809076644, 7, 101, 41380
5000613672360345614, 1578871911.147415638, 7187, 0, 2, 2, 18446744044809076644, 0, 101, 41380
5000613672360345614, 1578871911.156037092, 7187, 3, 1, 2, 18446744044809076644, 7, 101, 41380
5000613672360345615, 1578871911.156092644, 7187, 0, 2, 2, 18446744044809076644, 0, 101, 41380
5000613672360345615, 1578871911.164661169, 7187, 3, 1, 2, 18446744044809076644, 7, 101, 41380
5000613672360345616, 1578871911.164717197, 7187, 0, 2, 2, 18446744044809076644, 0, 101, 41380
5000613672360345616, 1578871911.173151493, 7187, 3, 1, 2, 18446744044809076644, 7, 101, 41380
5000613672360345617, 1578871911.173207283, 7187, 0, 2, 2, 18446744044809076644, 0, 101, 41380
5000613672360345617, 1578871911.181678057, 7187, 3, 1, 2, 18446744044809076644, 7, 101, 41380
5000613672360345618, 1578871911.181733608, 7187, 0, 2, 2, 18446744044809076644, 0, 101, 41380
5000613672360345618, 1578871911.190409184, 7187, 3, 1, 2, 18446744044809076644, 7, 101, 41380
5000613672360345619, 1578871911.190464735, 7187, 0, 2, 2, 18446744044809076644, 0, 101, 41380
5000613672360345619, 1578871911.199175119, 7187, 3, 1, 2, 18446744044809076644, 7, 101, 41380
5000613672360345620, 1578871911.199231148, 7187, 0, 2, 2, 18446744044809076644, 0, 101, 41380
5000613672360345620, 1578871911.207787514, 7187, 3, 1, 2, 18446744044809076644, 7, 101, 41380
5000613672360345621, 1578871911.207843065, 7187, 0, 2, 2, 18446744044809076644, 0, 101, 41380
5000613672360345621, 1578871911.216516972, 7187, 3, 1, 2, 18446744044809076644, 7, 101, 41380
5000613672360345622, 1578871911.216586828, 7187, 0, 2, 2, 18446744044809076644, 0, 101, 41380
5000613672360345622, 1578871911.225465298, 7187, 3, 1, 2, 18446744044809076644, 7, 101, 41380
5000613672360345623, 1578871911.225522518, 7187, 0, 2, 2, 18446744044809076644, 0, 101, 41380
5000613672360345623, 1578871911.234391451, 7187, 3, 1, 2, 18446744044809076644, 7, 101, 41380
5000613672360345624, 1578871911.234448195, 7187, 0, 2, 2, 18446744044809076644, 0, 101, 41380
5000613672360345624, 1578871911.243323565, 7187, 3, 1, 2, 18446744044809076644, 7, 101, 41380
5000613672360345625, 1578871911.243379831, 7187, 0, 2, 2, 18446744044809076644, 0, 101, 41380
5000613672360345625, 1578871911.252266884, 7187, 3, 1, 2, 18446744044809076644, 7, 101, 41380
5000613672360345626, 1578871911.252323151, 7187, 0, 2, 2, 18446744044809076644, 0, 101, 41380
5000613672360345626, 1578871911.261045456, 7187, 3, 1, 2, 18446744044809076644, 7, 101, 41380
5000613672360345627, 1578871911.261101723, 7187, 0, 2, 2, 18446744044809076644, 0, 101, 41380
5000613672360345627, 1578871911.269917727, 7187, 3, 1, 2, 18446744044809076644, 7, 101, 41380
5000613672360345628, 1578871911.269974232, 7187, 0, 2, 2, 18446744044809076644, 0, 101, 41380
5000613672360345628, 1578871911.278842926, 7187, 3, 1, 2, 18446744044809076644, 7, 101, 41380
5000613672360345629, 1578871911.278899193, 7187, 0, 2, 2, 18446744044809076644, 0, 101, 41380
5000613672360345629, 1578871911.287571430, 7187, 3, 1, 2, 18446744044809076644, 7, 101, 41380
5000613672360345630, 1578871911.287626266, 7187, 0, 2, 2, 18446744044809076644, 0, 101, 41380
5000613672360345630, 1578871911.296662331, 7187, 3, 1, 2, 18446744044809076644, 7, 101, 41380
5000613672360345631, 1578871911.296718359, 7187, 0, 2, 2, 18446744044809076644, 0, 101, 41380
5000613672360345631, 1578871911.305699587, 7187, 3, 1, 2, 18446744044809076644, 7, 101, 41380
5000613672360345632, 1578871911.305756092, 7187, 0, 2, 2, 18446744044809076644, 0, 101, 41380
5000613672360345632, 1578871911.314226389, 7187, 3, 1, 2, 18446744044809076644, 7, 101, 41380
5000613672360345633, 1578871911.314282179, 7187, 0, 2, 2, 18446744044809076644, 0, 101, 41380
5000613672360345633, 1578871911.323081732, 7187, 3, 1, 2, 18446744044809076644, 7, 101, 41380
5000613672360345634, 1578871911.323137522, 7187, 0, 2, 2, 18446744044809076644, 0, 101, 41380
5000613672360345634, 1578871911.331801653, 7187, 3, 1, 2, 18446744044809076644, 7, 101, 41380
5000613672360345635, 1578871911.331857443, 7187, 0, 2, 2, 18446744044809076644, 0, 101, 41380
5000613672360345635, 1578871911.340567827, 7187, 3, 1, 2, 18446744044809076644, 7, 101, 41380
5000613672360345636, 1578871911.340624809, 7187, 0, 2, 2, 18446744044809076644, 0, 101, 41380
5000613672360345636, 1578871911.349652290, 7187, 3, 1, 2, 18446744044809076644, 7, 101, 41380
5000613672360345637, 1578871911.349708557, 7187, 0, 2, 2, 18446744044809076644, 0, 101, 41380
5000613672360345637, 1578871911.358500242, 7187, 3, 1, 2, 18446744044809076644, 7, 101, 41380
5000613672360345638, 1578871911.358556032, 7187, 0, 2, 2, 18446744044809076644, 0, 101, 41380
5000613672360345638, 1578871911.367331743, 7187, 3, 1, 2, 18446744044809076644, 7, 101, 41380
5000613672360345639, 1578871911.367387772, 7187, 0, 2, 2, 18446744044809076644, 0, 101, 41380
5000613672360345639, 1578871911.376000881, 7187, 3, 1, 2, 18446744044809076644, 7, 101, 41380
5000613672360345640, 1578871911.376056671, 7187, 0, 2, 2, 18446744044809076644, 0, 101, 41380
5000613672360345640, 1578871911.384873629, 7187, 3, 1, 2, 18446744044809076644, 7, 101, 41380
5000613672360345641, 1578871911.384929419, 7187, 0, 2, 2, 18446744044809076644, 0, 101, 41380
5000613672360345641, 1578871911.393618584, 7187, 3, 1, 2, 18446744044809076644, 7, 101, 41380
5000613672360345642, 1578871911.393678427, 7187, 0, 2, 2, 18446744044809076644, 0, 101, 41380
5000613672360345642, 1578871911.402426720, 7187, 3, 1, 2, 18446744044809076644, 7, 101, 41380
5000613672360345643, 1578871911.402487040, 7187, 0, 2, 2, 18446744044809076644, 0, 101, 41380
5000613672360345643, 1578871911.411575079, 7187, 3, 1, 2, 18446744044809076644, 7, 101, 41380
5000613672360345644, 1578871911.411625385, 7187, 0, 2, 2, 18446744044809076644, 0, 101, 41380
5000613672360345644, 1578871911.420455694, 7187, 3, 1, 2, 18446744044809076644, 7, 101, 41380
5000613672360345645, 1578871911.420511484, 7187, 0, 2, 2, 18446744044809076644, 0, 101, 41380
5000613672360345645, 1578871911.429084301, 7187, 3, 1, 2, 18446744044809076644, 7, 101, 41380
5000613672360345646, 1578871911.429140091, 7187, 0, 2, 2, 18446744044809076644, 0, 101, 41380
5000613672360345646, 1578871911.438070774, 7187, 3, 1, 2, 18446744044809076644, 7, 101, 41380
5000613672360345647, 1578871911.438126564, 7187, 0, 2, 2, 18446744044809076644, 0, 101, 41380
5000613672360345647, 1578871911.446850061, 7187, 3, 1, 2, 18446744044809076644, 7, 101, 41380
5000613672360345648, 1578871911.446905851, 7187, 0, 2, 2, 18446744044809076644, 0, 101, 41380
5000613672360345648, 1578871911.455470085, 7187, 3, 1, 2, 18446744044809076644, 7, 101, 41380
5000613672360345649, 1578871911.455525875, 7187, 0, 2, 2, 18446744044809076644, 0, 101, 41380
5000613672360345649, 1578871911.463981152, 7187, 3, 1, 2, 18446744044809076644, 7, 101, 41380
5000613672360345650, 1578871911.464036942, 7187, 0, 2, 2, 18446744044809076644, 0, 101, 41380
5000613672360345650, 1578871911.472787857, 7187, 3, 1, 2, 18446744044809076644, 7, 101, 41380
5000613672360345651, 1578871911.472843647, 7187, 0, 2, 2, 18446744044809076644, 0, 101, 41380
5000613672360345651, 1578871911.481401205, 7187, 3, 1, 2, 18446744044809076644, 7, 101, 41380
5000613672360345652, 1578871911.481457472, 7187, 0, 2, 2, 18446744044809076644, 0, 101, 41380
5000613672360345652, 1578871911.490032434, 7187, 3, 1, 2, 18446744044809076644, 7, 101, 41380
5000613672360345653, 1578871911.490087986, 7187, 0, 2, 2, 18446744044809076644, 0, 101, 41380
5000613672360345653, 1578871911.498615026, 7187, 3, 1, 2, 18446744044809076644, 7, 101, 41380
5000613672360345654, 1578871911.498625040, 7187, 0, 2, 2, 18446744044809076644, 0, 101, 41380
5000613672360345654, 1578871911.507043839, 7187, 3, 1, 2, 18446744044809076644, 7, 101, 41380
5000613672360345655, 1578871911.507099390, 7187, 0, 2, 2, 18446744044809076644, 0, 101, 41380
5000613672360345655, 1578871911.515828848, 7187, 3, 1, 2, 18446744044809076644, 7, 101, 41380
5000613672360345656, 1578871911.515884161, 7187, 0, 2, 2, 18446744044809076644, 0, 101, 41380
5000613672360345656, 1578871911.524477720, 7187, 3, 1, 2, 18446744044809076644, 7, 101, 41380
5000613672360345657, 1578871911.524533033, 7187, 0, 2, 2, 18446744044809076644, 0, 101, 41380
5000613672360345657, 1578871911.533107519, 7187, 3, 1, 2, 18446744044809076644, 7, 101, 41380
5000613672360345658, 1578871911.533162832, 7187, 0, 2, 2, 18446744044809076644, 0, 101, 41380
5000613672360345658, 1578871911.541710615, 7187, 3, 1, 2, 18446744044809076644, 7, 101, 41380
5000613672360345659, 1578871911.541765690, 7187, 0, 2, 2, 18446744044809076644, 0, 101, 41380
5000613672360345659, 1578871911.551130056, 7187, 3, 1, 2, 18446744044809076644, 7, 101, 41380
5000613672360345660, 1578871911.551189661, 7187, 0, 2, 2, 18446744044809076644, 0, 101, 41380
5000613672360345660, 1578871911.560038567, 7187, 3, 1, 2, 18446744044809076644, 7, 101, 41380
5000613672360345661, 1578871911.560094595, 7187, 0, 2, 2, 18446744044809076644, 0, 101, 41380
5000613672360345661, 1578871911.569001198, 7187, 3, 1, 2, 18446744044809076644, 7, 101, 41380
5000613672360345662, 1578871911.569057226, 7187, 0, 2, 2, 18446744044809076644, 0, 101, 41380
5000613672360345662, 1578871911.577569962, 7187, 3, 1, 2, 18446744044809076644, 7, 101, 41380
5000613672360345663, 1578871911.577625036, 7187, 0, 2, 2, 18446744044809076644, 0, 101, 41380
5000613672360345663, 1578871911.586195707, 7187, 3, 1, 2, 18446744044809076644, 7, 101, 41380
5000613672360345664, 1578871911.586251497, 7187, 0, 2, 2, 18446744044809076644, 0, 101, 41380
5000613672360345664, 1578871911.594836712, 7187, 3, 1, 2, 18446744044809076644, 7, 101, 41380
5000613672360345665, 1578871911.594892263, 7187, 0, 2, 2, 18446744044809076644, 0, 101, 41380
5000613672360345665, 1578871911.603766203, 7187, 3, 1, 2, 18446744044809076644, 7, 101, 41380
5000613672360345666, 1578871911.603821754, 7187, 0, 2, 2, 18446744044809076644, 0, 101, 41380
5000613672360345666, 1578871911.612532377, 7187, 3, 1, 2, 18446744044809076644, 7, 101, 41380
5000613672360345667, 1578871911.612587690, 7187, 0, 2, 2, 18446744044809076644, 0, 101, 41380
5000613672360345667, 1578871911.621467829, 7187, 3, 1, 2, 18446744044809076644, 7, 101, 41380
5000613672360345668, 1578871911.621523619, 7187, 0, 2, 2, 18446744044809076644, 0, 101, 41380
5000613672360345668, 1578871911.630264997, 7187, 3, 1, 2, 18446744044809076644, 7, 101, 41380
5000613672360345669, 1578871911.630320549, 7187, 0, 2, 2, 18446744044809076644, 0, 101, 41380
5000613672360345669, 1578871911.639294386, 7187, 3, 1, 2, 18446744044809076644, 7, 101, 41380
5000613672360345670, 1578871911.639349937, 7187, 0, 2, 2, 18446744044809076644, 0, 101, 41380
5000613672360345670, 1578871911.647923708, 7187, 3, 1, 2, 18446744044809076644, 7, 101, 41380
5000613672360345671, 1578871911.647979259, 7187, 0, 2, 2, 18446744044809076644, 0, 101, 41380
5000613672360345671, 1578871911.656995535, 7187, 3, 1, 2, 18446744044809076644, 7, 101, 41380
5000613672360345672, 1578871911.657050848, 7187, 0, 2, 2, 18446744044809076644, 0, 101, 41380
5000613672360345672, 1578871911.665509701, 7187, 3, 1, 2, 18446744044809076644, 7, 101, 41380
5000613672360345673, 1578871911.665565014, 7187, 0, 2, 2, 18446744044809076644, 0, 101, 41380
5000613672360345673, 1578871911.674214125, 7187, 3, 1, 2, 18446744044809076644, 7, 101, 41380
5000613672360345674, 1578871911.674269438, 7187, 0, 2, 2, 18446744044809076644, 0, 101, 41380
5000613672360345674, 1578871911.683019876, 7187, 3, 1, 2, 18446744044809076644, 7, 101, 41380
5000613672360345675, 1578871911.683075190, 7187, 0, 2, 2, 18446744044809076644, 0, 101, 41380
5000613672360345675, 1578871911.691677570, 7187, 3, 1, 2, 18446744044809076644, 7, 101, 41380
5000613672360345676, 1578871911.691733122, 7187, 0, 2, 2, 18446744044809076644, 0, 101, 41380
5000613672360345676, 1578871911.700477600, 7187, 3, 1, 2, 18446744044809076644, 7, 101, 41380
5000613672360345677, 1578871911.700533152, 7187, 0, 2, 2, 18446744044809076644, 0, 101, 41380
5000613672360345677, 1578871911.709081650, 7187, 3, 1, 2, 18446744044809076644, 7, 101, 41380
5000613672360345678, 1578871911.709137201, 7187, 0, 2, 2, 18446744044809076644, 0, 101, 41380
5000613672360345678, 1578871911.717769384, 7187, 3, 1, 2, 18446744044809076644, 7, 101, 41380
5000613672360345679, 1578871911.717825174, 7187, 0, 2, 2, 18446744044809076644, 0, 101, 41380
5000613672360345679, 1578871911.726541996, 7187, 3, 1, 2, 18446744044809076644, 7, 101, 41380
5000613672360345680, 1578871911.726611376, 7187, 0, 2, 2, 18446744044809076644, 0, 101, 41380
5000613672360345680, 1578871911.738334417, 7187, 3, 1, 2, 18446744044809076644, 7, 101, 41380
5000613672360345681, 1578871911.738391638, 7187, 0, 2, 2, 18446744044809076644, 0, 101, 41380
5000613672360345681, 1578871911.747445822, 7187, 3, 1, 2, 18446744044809076644, 7, 101, 41380
5000613672360345682, 1578871911.747502327, 7187, 0, 2, 2, 18446744044809076644, 0, 101, 41380
5000613672360345682, 1578871911.756550550, 7187, 3, 1, 2, 18446744044809076644, 7, 101, 41380
5000613672360345683, 1578871911.756606340, 7187, 0, 2, 2, 18446744044809076644, 0, 101, 41380
5000613672360345683, 1578871911.767941475, 7187, 3, 1, 2, 18446744044809076644, 7, 101, 41380
5000613672360345684, 1578871911.767997503, 7187, 0, 2, 2, 18446744044809076644, 0, 101, 41380
5000613672360345684, 1578871911.777057886, 7187, 3, 1, 2, 18446744044809076644, 7, 101, 41380
5000613672360345685, 1578871911.777113438, 7187, 0, 2, 2, 18446744044809076644, 0, 101, 41380
5000613672360345685, 1578871911.785730600, 7187, 3, 1, 2, 18446744044809076644, 7, 101, 41380
5000613672360345686, 1578871911.785789013, 7187, 0, 2, 2, 18446744044809076644, 0, 101, 41380
5000613672360345686, 1578871911.794460297, 7187, 3, 1, 2, 18446744044809076644, 7, 101, 41380
5000613672360345687, 1578871911.794516325, 7187, 0, 2, 2, 18446744044809076644, 0, 101, 41380
5000613672360345687, 1578871911.803118944, 7187, 3, 1, 2, 18446744044809076644, 7, 101, 41380
5000613672360345688, 1578871911.803178310, 7187, 0, 2, 2, 18446744044809076644, 0, 101, 41380
5000613672360345688, 1578871911.811810017, 7187, 3, 1, 2, 18446744044809076644, 7, 101, 41380
5000613672360345689, 1578871911.811868191, 7187, 0, 2, 2, 18446744044809076644, 0, 101, 41380
5000613672360345689, 1578871911.820396900, 7187, 3, 1, 2, 18446744044809076644, 7, 101, 41380
5000613672360345690, 1578871911.820453405, 7187, 0, 2, 2, 18446744044809076644, 0, 101, 41380
5000613672360345690, 1578871911.829235792, 7187, 3, 1, 2, 18446744044809076644, 7, 101, 41380
5000613672360345691, 1578871911.829292059, 7187, 0, 2, 2, 18446744044809076644, 0, 101, 41380
5000613672360345691, 1578871911.838077068, 7187, 3, 1, 2, 18446744044809076644, 7, 101, 41380
5000613672360345692, 1578871911.838133097, 7187, 0, 2, 2, 18446744044809076644, 0, 101, 41380
5000613672360345692, 1578871911.846695423, 7187, 3, 1, 2, 18446744044809076644, 7, 101, 41380
5000613672360345693, 1578871911.846751213, 7187, 0, 2, 2, 18446744044809076644, 0, 101, 41380
5000613672360345693, 1578871911.855351686, 7187, 3, 1, 2, 18446744044809076644, 7, 101, 41380
5000613672360345694, 1578871911.855407476, 7187, 0, 2, 2, 18446744044809076644, 0, 101, 41380
5000613672360345694, 1578871911.863913774, 7187, 3, 1, 2, 18446744044809076644, 7, 101, 41380
5000613672360345695, 1578871911.863969564, 7187, 0, 2, 2, 18446744044809076644, 0, 101, 41380
5000613672360345695, 1578871911.872629881, 7187, 3, 1, 2, 18446744044809076644, 7, 101, 41380
5000613672360345696, 1578871911.872685909, 7187, 0, 2, 2, 18446744044809076644, 0, 101, 41380
5000613672360345696, 1578871911.881222963, 7187, 3, 1, 2, 18446744044809076644, 7, 101, 41380
5000613672360345697, 1578871911.881278753, 7187, 0, 2, 2, 18446744044809076644, 0, 101, 41380
5000613672360345697, 1578871911.890003443, 7187, 3, 1, 2, 18446744044809076644, 7, 101, 41380
5000613672360345698, 1578871911.890059233, 7187, 0, 2, 2, 18446744044809076644, 0, 101, 41380
5000613672360345698, 1578871911.895901680, 7187, 3, 1, 2, 18446744044809076644, 7, 101, 41380
5000613672360345699, 1578871911.895957470, 7187, 0, 2, 2, 18446744044809076644, 0, 101, 41380
5000613672360345699, 1578871911.898796320, 7187, 3, 1, 2, 18446744044809076644, 7, 101, 41380
5000613672360345700, 1578871912.178908825, 54048, 0, 2, 2, 18446744044809076644, 0, 101, 41380
5000613672360345700, 1578871912.178966045, 54048, 3, 1, 2, 18446744044809076644, 3, 101, 41644
