1
7187, alpha_do_work
2177525342212718592, 1578871910.995997667, 7187, 0, 2, 2, 18446744044151775171, 0, 100, 0
2177525342212718592, 1578871911.032592058, 7187, 3, 1, 2, 18446744044151775171, 7, 100, 39180
2177525342212718593, 1578871911.032631874, 7187, 0, 2, 2, 18446744044151775171, 0, 100, 43300
2177525342212718593, 1578871911.044512987, 7187, 3, 1, 2, 18446744044151775171, 7, 100, 43300
2177525342212718594, 1578871911.044571638, 7187, 0, 2, 2, 18446744044151775171, 0, 100, 43300
2177525342212718594, 1578871911.056442738, 7187, 3, 1, 2, 18446744044151775171, 7, 100, 43300
2177525342212718595, 1578871911.056500196, 7187, 0, 2, 2, 18446744044151775171, 0, 100, 43300
2177525342212718595, 1578871911.068087578, 7187, 3, 1, 2, 18446744044151775171, 7, 100, 43300
2177525342212718596, 1578871911.068145275, 7187, 0, 2, 2, 18446744044151775171, 0, 100, 43300
2177525342212718596, 1578871911.080010891, 7187, 3, 1, 2, 18446744044151775171, 7, 100, 43300
2177525342212718597, 1578871911.080068111, 7187, 0, 2, 2, 18446744044151775171, 0, 100, 43300
2177525342212718597, 1578871911.091896772, 7187, 3, 1, 2, 18446744044151775171, 7, 100, 43300
2177525342212718598, 1578871911.091963291, 7187, 0, 2, 2, 18446744044151775171, 0, 100, 43300
2177525342212718598, 1578871911.103704214, 7187, 3, 1, 2, 18446744044151775171, 7, 100, 43300
2177525342212718599, 1578871911.103765965, 7187, 0, 2, 2, 18446744044151775171, 0, 100, 43300
2177525342212718599, 1578871911.115501404, 7187, 3, 1, 2, 18446744044151775171, 7, 100, 43300
2177525342212718600, 1578871911.115559101, 7187, 0, 2, 2, 18446744044151775171, 0, 100, 43300
2177525342212718600, 1578871911.128922701, 7187, 3, 1, 2, 18446744044151775171, 7, 100, 43300
2177525342212718601, 1578871911.128979921, 7187, 0, 2, 2, 18446744044151775171, 0, 100, 43300
2177525342212718601, 1578871911.140800714, 7187, 3, 1, 2, 18446744044151775171, 7, 100, 43300
2177525342212718602, 1578871911.140857697, 7187, 0, 2, 2, 18446744044151775171, 0, 100, 43300
2177525342212718602, 1578871911.152119875, 7187, 3, 1, 2, 18446744044151775171, 7, 100, 43300
2177525342212718603, 1578871911.152176380, 7187, 0, 2, 2, 18446744044151775171, 0, 100, 43300
2177525342212718603, 1578871911.163753986, 7187, 3, 1, 2, 18446744044151775171, 7, 100, 43300
2177525342212718604, 1578871911.163810968, 7187, 0, 2, 2, 18446744044151775171, 0, 100, 43300
2177525342212718604, 1578871911.175481081, 7187, 3, 1, 2, 18446744044151775171, 7, 100, 43300
2177525342212718605, 1578871911.175537825, 7187, 0, 2, 2, 18446744044151775171, 0, 100, 43300
2177525342212718605, 1578871911.187116385, 7187, 3, 1, 2, 18446744044151775171, 7, 100, 43300
2177525342212718606, 1578871911.187172890, 7187, 0, 2, 2, 18446744044151775171, 0, 100, 43300
2177525342212718606, 1578871911.198768854, 7187, 3, 1, 2, 18446744044151775171, 7, 100, 43300
2177525342212718607, 1578871911.198825359, 7187, 0, 2, 2, 18446744044151775171, 0, 100, 43300
2177525342212718607, 1578871911.210479259, 7187, 3, 1, 2, 18446744044151775171, 7, 100, 43300
2177525342212718608, 1578871911.210535765, 7187, 0, 2, 2, 18446744044151775171, 0, 100, 43300
2177525342212718608, 1578871911.221993923, 7187, 3, 1, 2, 18446744044151775171, 7, 100, 43300
2177525342212718609, 1578871911.222050667, 7187, 0, 2, 2, 18446744044151775171, 0, 100, 43300
2177525342212718609, 1578871911.233572960, 7187, 3, 1, 2, 18446744044151775171, 7, 100, 43300
2177525342212718610, 1578871911.233626366, 7187, 0, 2, 2, 18446744044151775171, 0, 100, 43300
2177525342212718610, 1578871911.245068789, 7187, 3, 1, 2, 18446744044151775171, 7, 100, 43300
2177525342212718611, 1578871911.245125055, 7187, 0, 2, 2, 18446744044151775171, 0, 100, 43300
2177525342212718611, 1578871911.256684542, 7187, 3, 1, 2, 18446744044151775171, 7, 100, 43300
2177525342212718612, 1578871911.256741047, 7187, 0, 2, 2, 18446744044151775171, 0, 100, 43300
2177525342212718612, 1578871911.268501997, 7187, 3, 1, 2, 18446744044151775171, 7, 100, 43300
2177525342212718613, 1578871911.268558264, 7187, 0, 2, 2, 18446744044151775171, 0, 100, 43300
2177525342212718613, 1578871911.279968739, 7187, 3, 1, 2, 18446744044151775171, 7, 100, 43300
2177525342212718614, 1578871911.280025244, 7187, 0, 2, 2, 18446744044151775171, 0, 100, 43300
2177525342212718614, 1578871911.291396856, 7187, 3, 1, 2, 18446744044151775171, 7, 100, 43300
2177525342212718615, 1578871911.291452885, 7187, 0, 2, 2, 18446744044151775171, 0, 100, 43300
2177525342212718615, 1578871911.302897215, 7187, 3, 1, 2, 18446744044151775171, 7, 100, 43300
2177525342212718616, 1578871911.302954435, 7187, 0, 2, 2, 18446744044151775171, 0, 100, 43300
2177525342212718616, 1578871911.314561605, 7187, 3, 1, 2, 18446744044151775171, 7, 100, 43300
2177525342212718617, 1578871911.314618111, 7187, 0, 2, 2, 18446744044151775171, 0, 100, 43300
2177525342212718617, 1578871911.326115131, 7187, 3, 1, 2, 18446744044151775171, 7, 100, 43300
2177525342212718618, 1578871911.326171875, 7187, 0, 2, 2, 18446744044151775171, 0, 100, 43300
2177525342212718618, 1578871911.337499380, 7187, 3, 1, 2, 18446744044151775171, 7, 100, 43300
2177525342212718619, 1578871911.337555885, 7187, 0, 2, 2, 18446744044151775171, 0, 100, 43300
2177525342212718619, 1578871911.349113464, 7187, 3, 1, 2, 18446744044151775171, 7, 100, 43300
2177525342212718620, 1578871911.349170685, 7187, 0, 2, 2, 18446744044151775171, 0, 100, 43300
2177525342212718620, 1578871911.360931158, 7187, 3, 1, 2, 18446744044151775171, 7, 100, 43300
2177525342212718621, 1578871911.360987663, 7187, 0, 2, 2, 18446744044151775171, 0, 100, 43300
2177525342212718621, 1578871911.372376442, 7187, 3, 1, 2, 18446744044151775171, 7, 100, 43300
2177525342212718622, 1578871911.372433424, 7187, 0, 2, 2, 18446744044151775171, 0, 100, 43300
2177525342212718622, 1578871911.383811951, 7187, 3, 1, 2, 18446744044151775171, 7, 100, 43300
2177525342212718623, 1578871911.383868456, 7187, 0, 2, 2, 18446744044151775171, 0, 100, 43300
2177525342212718623, 1578871911.395245075, 7187, 3, 1, 2, 18446744044151775171, 7, 100, 43300
2177525342212718624, 1578871911.395301580, 7187, 0, 2, 2, 18446744044151775171, 0, 100, 43300
2177525342212718624, 1578871911.406812191, 7187, 3, 1, 2, 18446744044151775171, 7, 100, 43300
2177525342212718625, 1578871911.406868458, 7187, 0, 2, 2, 18446744044151775171, 0, 100, 43300
2177525342212718625, 1578871911.418227673, 7187, 3, 1, 2, 18446744044151775171, 7, 100, 43300
2177525342212718626, 1578871911.418283939, 7187, 0, 2, 2, 18446744044151775171, 0, 100, 43300
2177525342212718626, 1578871911.429860830, 7187, 3, 1, 2, 18446744044151775171, 7, 100, 43300
2177525342212718627, 1578871911.429917097, 7187, 0, 2, 2, 18446744044151775171, 0, 100, 43300
2177525342212718627, 1578871911.441302061, 7187, 3, 1, 2, 18446744044151775171, 7, 100, 43300
2177525342212718628, 1578871911.441358089, 7187, 0, 2, 2, 18446744044151775171, 0, 100, 43300
2177525342212718628, 1578871911.452873230, 7187, 3, 1, 2, 18446744044151775171, 7, 100, 43300
2177525342212718629, 1578871911.452929020, 7187, 0, 2, 2, 18446744044151775171, 0, 100, 43300
2177525342212718629, 1578871911.464440346, 7187, 3, 1, 2, 18446744044151775171, 7, 100, 43300
2177525342212718630, 1578871911.464499950, 7187, 0, 2, 2, 18446744044151775171, 0, 100, 43300
2177525342212718630, 1578871911.476138115, 7187, 3, 1, 2, 18446744044151775171, 7, 100, 43300
2177525342212718631, 1578871911.476194859, 7187, 0, 2, 2, 18446744044151775171, 0, 100, 43300
2177525342212718631, 1578871911.487825632, 7187, 3, 1, 2, 18446744044151775171, 7, 100, 43300
2177525342212718632, 1578871911.487881660, 7187, 0, 2, 2, 18446744044151775171, 0, 100, 43300
2177525342212718632, 1578871911.499246120, 7187, 3, 1, 2, 18446744044151775171, 7, 100, 43300
2177525342212718633, 1578871911.499301910, 7187, 0, 2, 2, 18446744044151775171, 0, 100, 43300
2177525342212718633, 1578871911.510859013, 7187, 3, 1, 2, 18446744044151775171, 7, 100, 43300
2177525342212718634, 1578871911.510914803, 7187, 0, 2, 2, 18446744044151775171, 0, 100, 43300
2177525342212718634, 1578871911.522765160, 7187, 3, 1, 2, 18446744044151775171, 7, 100, 43300
2177525342212718635, 1578871911.522821188, 7187, 0, 2, 2, 18446744044151775171, 0, 100, 43300
2177525342212718635, 1578871911.534625292, 7187, 3, 1, 2, 18446744044151775171, 7, 100, 43300
2177525342212718636, 1578871911.534681082, 7187, 0, 2, 2, 18446744044151775171, 0, 100, 43300
2177525342212718636, 1578871911.546393871, 7187, 3, 1, 2, 18446744044151775171, 7, 100, 43300
2177525342212718637, 1578871911.546489477, 7187, 0, 2, 2, 18446744044151775171, 0, 100, 43300
2177525342212718637, 1578871911.557862759, 7187, 3, 1, 2, 18446744044151775171, 7, 100, 43300
2177525342212718638, 1578871911.557921886, 7187, 0, 2, 2, 18446744044151775171, 0, 100, 43300
2177525342212718638, 1578871911.569451332, 7187, 3, 1, 2, 18446744044151775171, 7, 100, 43300
2177525342212718639, 1578871911.569507599, 7187, 0, 2, 2, 18446744044151775171, 0, 100, 43300
2177525342212718639, 1578871911.581031084, 7187, 3, 1, 2, 18446744044151775171, 7, 100, 43300
2177525342212718640, 1578871911.581086874, 7187, 0, 2, 2, 18446744044151775171, 0, 100, 43300
2177525342212718640, 1578871911.592672348, 7187, 3, 1, 2, 18446744044151775171, 7, 100, 43300
2177525342212718641, 1578871911.592728138, 7187, 0, 2, 2, 18446744044151775171, 0, 100, 43300
2177525342212718641, 1578871911.604283810, 7187, 3, 1, 2, 18446744044151775171, 7, 100, 43300
2177525342212718642, 1578871911.604339361, 7187, 0, 2, 2, 18446744044151775171, 0, 100, 43300
2177525342212718642, 1578871911.615740776, 7187, 3, 1, 2, 18446744044151775171, 7, 100, 43300
2177525342212718643, 1578871911.615796804, 7187, 0, 2, 2, 18446744044151775171, 0, 100, 43300
2177525342212718643, 1578871911.627110004, 7187, 3, 1, 2, 18446744044151775171, 7, 100, 43300
2177525342212718644, 1578871911.627165556, 7187, 0, 2, 2, 18446744044151775171, 0, 100, 43300
2177525342212718644, 1578871911.638944149, 7187, 3, 1, 2, 18446744044151775171, 7, 100, 43300
2177525342212718645, 1578871911.638999939, 7187, 0, 2, 2, 18446744044151775171, 0, 100, 43300
2177525342212718645, 1578871911.650382280, 7187, 3, 1, 2, 18446744044151775171, 7, 100, 43300
2177525342212718646, 1578871911.650437832, 7187, 0, 2, 2, 18446744044151775171, 0, 100, 43300
2177525342212718646, 1578871911.661680698, 7187, 3, 1, 2, 18446744044151775171, 7, 100, 43300
2177525342212718647, 1578871911.661736488, 7187, 0, 2, 2, 18446744044151775171, 0, 100, 43300
2177525342212718647, 1578871911.673261642, 7187, 3, 1, 2, 18446744044151775171, 7, 100, 43300
2177525342212718648, 1578871911.673317432, 7187, 0, 2, 2, 18446744044151775171, 0, 100, 43300
2177525342212718648, 1578871911.684838295, 7187, 3, 1, 2, 18446744044151775171, 7, 100, 43300
2177525342212718649, 1578871911.684894323, 7187, 0, 2, 2, 18446744044151775171, 0, 100, 43300
2177525342212718649, 1578871911.696377993, 7187, 3, 1, 2, 18446744044151775171, 7, 100, 43300
2177525342212718650, 1578871911.696433783, 7187, 0, 2, 2, 18446744044151775171, 0, 100, 43300
2177525342212718650, 1578871911.707817078, 7187, 3, 1, 2, 18446744044151775171, 7, 100, 43300
2177525342212718651, 1578871911.707873106, 7187, 0, 2, 2, 18446744044151775171, 0, 100, 43300
2177525342212718651, 1578871911.719412088, 7187, 3, 1, 2, 18446744044151775171, 7, 100, 43300
2177525342212718652, 1578871911.719467878, 7187, 0, 2, 2, 18446744044151775171, 0, 100, 43300
2177525342212718652, 1578871911.730788469, 7187, 3, 1, 2, 18446744044151775171, 7, 100, 43300
2177525342212718653, 1578871911.730844259, 7187, 0, 2, 2, 18446744044151775171, 0, 100, 43300
2177525342212718653, 1578871911.742283344, 7187, 3, 1, 2, 18446744044151775171, 7, 100, 43300
2177525342212718654, 1578871911.742340088, 7187, 0, 2, 2, 18446744044151775171, 0, 100, 43300
2177525342212718654, 1578871911.753980637, 7187, 3, 1, 2, 18446744044151775171, 7, 100, 43300
2177525342212718655, 1578871911.754036665, 7187, 0, 2, 2, 18446744044151775171, 0, 100, 43300
2177525342212718655, 1578871911.765426636, 7187, 3, 1, 2, 18446744044151775171, 7, 100, 43300
2177525342212718656, 1578871911.765482664, 7187, 0, 2, 2, 18446744044151775171, 0, 100, 43300
2177525342212718656, 1578871911.777045488, 7187, 3, 1, 2, 18446744044151775171, 7, 100, 43300
2177525342212718657, 1578871911.777101278, 7187, 0, 2, 2, 18446744044151775171, 0, 100, 43300
2177525342212718657, 1578871911.788493156, 7187, 3, 1, 2, 18446744044151775171, 7, 100, 43300
2177525342212718658, 1578871911.788548946, 7187, 0, 2, 2, 18446744044151775171, 0, 100, 43300
2177525342212718658, 1578871911.800383329, 7187, 3, 1, 2, 18446744044151775171, 7, 100, 43300
2177525342212718659, 1578871911.800439835, 7187, 0, 2, 2, 18446744044151775171, 0, 100, 43300
2177525342212718659, 1578871911.811862469, 7187, 3, 1, 2, 18446744044151775171, 7, 100, 43300
2177525342212718660, 1578871911.811918736, 7187, 0, 2, 2, 18446744044151775171, 0, 100, 43300
2177525342212718660, 1578871911.823363066, 7187, 3, 1, 2, 18446744044151775171, 7, 100, 43300
2177525342212718661, 1578871911.823419094, 7187, 0, 2, 2, 18446744044151775171, 0, 100, 43300
2177525342212718661, 1578871911.834971905, 7187, 3, 1, 2, 18446744044151775171, 7, 100, 43300
2177525342212718662, 1578871911.835027933, 7187, 0, 2, 2, 18446744044151775171, 0, 100, 43300
2177525342212718662, 1578871911.846290350, 7187, 3, 1, 2, 18446744044151775171, 7, 100, 43300
2177525342212718663, 1578871911.846346140, 7187, 0, 2, 2, 18446744044151775171, 0, 100, 43300
2177525342212718663, 1578871911.857767582, 7187, 3, 1, 2, 18446744044151775171, 7, 100, 43300
2177525342212718664, 1578871911.857823372, 7187, 0, 2, 2, 18446744044151775171, 0, 100, 43300
2177525342212718664, 1578871911.869375467, 7187, 3, 1, 2, 18446744044151775171, 7, 100, 43300
2177525342212718665, 1578871911.869431734, 7187, 0, 2, 2, 18446744044151775171, 0, 100, 43300
2177525342212718665, 1578871911.880677938, 7187, 3, 1, 2, 18446744044151775171, 7, 100, 43300
2177525342212718666, 1578871911.880733967, 7187, 0, 2, 2, 18446744044151775171, 0, 100, 43300
2177525342212718666, 1578871911.892164946, 7187, 3, 1, 2, 18446744044151775171, 7, 100, 43300
2177525342212718667, 1578871911.892220974, 7187, 0, 2, 2, 18446744044151775171, 0, 100, 43300
2177525342212718667, 1578871911.903666973, 7187, 3, 1, 2, 18446744044151775171, 7, 100, 43300
2177525342212718668, 1578871911.903723001, 7187, 0, 2, 2, 18446744044151775171, 0, 100, 43300
2177525342212718668, 1578871911.915006399, 7187, 3, 1, 2, 18446744044151775171, 7, 100, 43300
2177525342212718669, 1578871911.915061951, 7187, 0, 2, 2, 18446744044151775171, 0, 100, 43300
2177525342212718669, 1578871911.926520109, 7187, 3, 1, 2, 18446744044151775171, 7, 100, 43300
2177525342212718670, 1578871911.926575899, 7187, 0, 2, 2, 18446744044151775171, 0, 100, 43300
2177525342212718670, 1578871911.937793493, 7187, 3, 1, 2, 18446744044151775171, 7, 100, 43300
2177525342212718671, 1578871911.937849760, 7187, 0, 2, 2, 18446744044151775171, 0, 100, 43300
2177525342212718671, 1578871911.949306965, 7187, 3, 1, 2, 18446744044151775171, 7, 100, 43300
2177525342212718672, 1578871911.949362516, 7187, 0, 2, 2, 18446744044151775171, 0, 100, 43300
2177525342212718672, 1578871911.960601330, 7187, 3, 1, 2, 18446744044151775171, 7, 100, 43300
2177525342212718673, 1578871911.960625172, 7187, 0, 2, 2, 18446744044151775171, 0, 100, 43300
2177525342212718673, 1578871911.972236633, 7187, 3, 1, 2, 18446744044151775171, 7, 100, 43300
2177525342212718674, 1578871911.972292423, 7187, 0, 2, 2, 18446744044151775171, 0, 100, 43300
2177525342212718674, 1578871911.983712673, 7187, 3, 1, 2, 18446744044151775171, 7, 100, 43300
2177525342212718675, 1578871911.983768463, 7187, 0, 2, 2, 18446744044151775171, 0, 100, 43300
2177525342212718675, 1578871911.995236874, 7187, 3, 1, 2, 18446744044151775171, 7, 100, 43300
2177525342212718676, 1578871911.995292425, 7187, 0, 2, 2, 18446744044151775171, 0, 100, 43300
2177525342212718676, 1578871912.006937504, 7187, 3, 1, 2, 18446744044151775171, 7, 100, 43300
2177525342212718677, 1578871912.006993055, 7187, 0, 2, 2, 18446744044151775171, 0, 100, 43300
2177525342212718677, 1578871912.018380642, 7187, 3, 1, 2, 18446744044151775171, 7, 100, 43300
2177525342212718678, 1578871912.018436193, 7187, 0, 2, 2, 18446744044151775171, 0, 100, 43300
2177525342212718678, 1578871912.029807329, 7187, 3, 1, 2, 18446744044151775171, 7, 100, 43300
2177525342212718679, 1578871912.029862881, 7187, 0, 2, 2, 18446744044151775171, 0, 100, 43300
2177525342212718679, 1578871912.041239262, 7187, 3, 1, 2, 18446744044151775171, 7, 100, 43300
2177525342212718680, 1578871912.041294813, 7187, 0, 2, 2, 18446744044151775171, 0, 100, 43300
2177525342212718680, 1578871912.052722454, 7187, 3, 1, 2, 18446744044151775171, 7, 100, 43300
2177525342212718681, 1578871912.052782774, 7187, 0, 2, 2, 18446744044151775171, 0, 100, 43300
2177525342212718681, 1578871912.064106226, 7187, 3, 1, 2, 18446744044151775171, 7, 100, 43300
2177525342212718682, 1578871912.064162254, 7187, 0, 2, 2, 18446744044151775171, 0, 100, 43300
2177525342212718682, 1578871912.075571537, 7187, 3, 1, 2, 18446744044151775171, 7, 100, 43300
2177525342212718683, 1578871912.075625181, 7187, 0, 2, 2, 18446744044151775171, 0, 100, 43300
2177525342212718683, 1578871912.086866856, 7187, 3, 1, 2, 18446744044151775171, 7, 100, 43300
2177525342212718684, 1578871912.086922646, 7187, 0, 2, 2, 18446744044151775171, 0, 100, 43300
2177525342212718684, 1578871912.098648310, 7187, 3, 1, 2, 18446744044151775171, 7, 100, 43300
2177525342212718685, 1578871912.098703861, 7187, 0, 2, 2, 18446744044151775171, 0, 100, 43300
2177525342212718685, 1578871912.110263348, 7187, 3, 1, 2, 18446744044151775171, 7, 100, 43300
2177525342212718686, 1578871912.110318899, 7187, 0, 2, 2, 18446744044151775171, 0, 100, 43300
2177525342212718686, 1578871912.121709824, 7187, 3, 1, 2, 18446744044151775171, 7, 100, 43300
2177525342212718687, 1578871912.121765614, 7187, 0, 2, 2, 18446744044151775171, 0, 100, 43300
2177525342212718687, 1578871912.133145094, 7187, 3, 1, 2, 18446744044151775171, 7, 100, 43300
2177525342212718688, 1578871912.133201361, 7187, 0, 2, 2, 18446744044151775171, 0, 100, 43300
2177525342212718688, 1578871912.144478798, 7187, 3, 1, 2, 18446744044151775171, 7, 100, 43300
2177525342212718689, 1578871912.144534349, 7187, 0, 2, 2, 18446744044151775171, 0, 100, 43300
2177525342212718689, 1578871912.155942202, 7187, 3, 1, 2, 18446744044151775171, 7, 100, 43300
2177525342212718690, 1578871912.155997992, 7187, 0, 2, 2, 18446744044151775171, 0, 100, 43300
2177525342212718690, 1578871912.167343378, 7187, 3, 1, 2, 18446744044151775171, 7, 100, 43300
2177525342212718691, 1578871912.167398930, 7187, 0, 2, 2, 18446744044151775171, 0, 100, 43300
2177525342212718691, 1578871912.178753614, 7187, 3, 1, 2, 18446744044151775171, 7, 100, 43300
