1
7187, alpha_do_work
12079267732390936576, 1578871910.995991945, 7187, 0, 2, 2, 18446744046457204225, 0, 100, 0
12079267732390936576, 1578871911.032609224, 7187, 3, 1, 2, 18446744046457204225, 7, 100, 37284
12079267732390936577, 1578871911.032695293, 7187, 0, 2, 2, 18446744046457204225, 0, 100, 41372
12079267732390936577, 1578871911.044530630, 7187, 3, 1, 2, 18446744046457204225, 7, 100, 41372
12079267732390936578, 1578871911.044588089, 7187, 0, 2, 2, 18446744046457204225, 0, 100, 41372
12079267732390936578, 1578871911.056458950, 7187, 3, 1, 2, 18446744046457204225, 7, 100, 41372
12079267732390936579, 1578871911.056515455, 7187, 0, 2, 2, 18446744046457204225, 0, 100, 41372
12079267732390936579, 1578871911.068106890, 7187, 3, 1, 2, 18446744046457204225, 7, 100, 41372
12079267732390936580, 1578871911.068163395, 7187, 0, 2, 2, 18446744046457204225, 0, 100, 41372
12079267732390936580, 1578871911.080034971, 7187, 3, 1, 2, 18446744046457204225, 7, 100, 41372
12079267732390936581, 1578871911.080091000, 7187, 0, 2, 2, 18446744046457204225, 0, 100, 41372
12079267732390936581, 1578871911.091933012, 7187, 3, 1, 2, 18446744046457204225, 7, 100, 41372
12079267732390936582, 1578871911.091989040, 7187, 0, 2, 2, 18446744046457204225, 0, 100, 41372
12079267732390936582, 1578871911.103731394, 7187, 3, 1, 2, 18446744046457204225, 7, 100, 41372
12079267732390936583, 1578871911.103787661, 7187, 0, 2, 2, 18446744046457204225, 0, 100, 41372
12079267732390936583, 1578871911.115520954, 7187, 3, 1, 2, 18446744046457204225, 7, 100, 41372
12079267732390936584, 1578871911.115582943, 7187, 0, 2, 2, 18446744046457204225, 0, 100, 41372
12079267732390936584, 1578871911.128942013, 7187, 3, 1, 2, 18446744046457204225, 7, 100, 41372
12079267732390936585, 1578871911.128999233, 7187, 0, 2, 2, 18446744046457204225, 0, 100, 41372
12079267732390936585, 1578871911.140819073, 7187, 3, 1, 2, 18446744046457204225, 7, 100, 41372
12079267732390936586, 1578871911.140875101, 7187, 0, 2, 2, 18446744046457204225, 0, 100, 41372
12079267732390936586, 1578871911.152139187, 7187, 3, 1, 2, 18446744046457204225, 7, 100, 41372
12079267732390936587, 1578871911.152195215, 7187, 0, 2, 2, 18446744046457204225, 0, 100, 41372
12079267732390936587, 1578871911.163778305, 7187, 3, 1, 2, 18446744046457204225, 7, 100, 41372
12079267732390936588, 1578871911.163847923, 7187, 0, 2, 2, 18446744046457204225, 0, 100, 41372
12079267732390936588, 1578871911.175499201, 7187, 3, 1, 2, 18446744046457204225, 7, 100, 41372
12079267732390936589, 1578871911.175557613, 7187, 0, 2, 2, 18446744046457204225, 0, 100, 41372
12079267732390936589, 1578871911.187135458, 7187, 3, 1, 2, 18446744046457204225, 7, 100, 41372
12079267732390936590, 1578871911.187192917, 7187, 0, 2, 2, 18446744046457204225, 0, 100, 41372
12079267732390936590, 1578871911.198786974, 7187, 3, 1, 2, 18446744046457204225, 7, 100, 41372
12079267732390936591, 1578871911.198844194, 7187, 0, 2, 2, 18446744046457204225, 0, 100, 41372
12079267732390936591, 1578871911.210496426, 7187, 3, 1, 2, 18446744046457204225, 7, 100, 41372
12079267732390936592, 1578871911.210554361, 7187, 0, 2, 2, 18446744046457204225, 0, 100, 41372
12079267732390936592, 1578871911.222012281, 7187, 3, 1, 2, 18446744046457204225, 7, 100, 41372
12079267732390936593, 1578871911.222069263, 7187, 0, 2, 2, 18446744046457204225, 0, 100, 41372
12079267732390936593, 1578871911.233588934, 7187, 3, 1, 2, 18446744046457204225, 7, 100, 41372
12079267732390936594, 1578871911.233626604, 7187, 0, 2, 2, 18446744046457204225, 0, 100, 41372
12079267732390936594, 1578871911.245086908, 7187, 3, 1, 2, 18446744046457204225, 7, 100, 41372
12079267732390936595, 1578871911.245144367, 7187, 0, 2, 2, 18446744046457204225, 0, 100, 41372
12079267732390936595, 1578871911.256703377, 7187, 3, 1, 2, 18446744046457204225, 7, 100, 41372
12079267732390936596, 1578871911.256760120, 7187, 0, 2, 2, 18446744046457204225, 0, 100, 41372
12079267732390936596, 1578871911.268519878, 7187, 3, 1, 2, 18446744046457204225, 7, 100, 41372
12079267732390936597, 1578871911.268576622, 7187, 0, 2, 2, 18446744046457204225, 0, 100, 41372
12079267732390936597, 1578871911.279988527, 7187, 3, 1, 2, 18446744046457204225, 7, 100, 41372
12079267732390936598, 1578871911.280045271, 7187, 0, 2, 2, 18446744046457204225, 0, 100, 41372
12079267732390936598, 1578871911.291415453, 7187, 3, 1, 2, 18446744046457204225, 7, 100, 41372
12079267732390936599, 1578871911.291472197, 7187, 0, 2, 2, 18446744046457204225, 0, 100, 41372
12079267732390936599, 1578871911.302914858, 7187, 3, 1, 2, 18446744046457204225, 7, 100, 41372
12079267732390936600, 1578871911.302972555, 7187, 0, 2, 2, 18446744046457204225, 0, 100, 41372
12079267732390936600, 1578871911.314579248, 7187, 3, 1, 2, 18446744046457204225, 7, 100, 41372
12079267732390936601, 1578871911.314626217, 7187, 0, 2, 2, 18446744046457204225, 0, 100, 41372
12079267732390936601, 1578871911.326133251, 7187, 3, 1, 2, 18446744046457204225, 7, 100, 41372
12079267732390936602, 1578871911.326189995, 7187, 0, 2, 2, 18446744046457204225, 0, 100, 41372
12079267732390936602, 1578871911.337518454, 7187, 3, 1, 2, 18446744046457204225, 7, 100, 41372
12079267732390936603, 1578871911.337575197, 7187, 0, 2, 2, 18446744046457204225, 0, 100, 41372
12079267732390936603, 1578871911.349131346, 7187, 3, 1, 2, 18446744046457204225, 7, 100, 41372
12079267732390936604, 1578871911.349188089, 7187, 0, 2, 2, 18446744046457204225, 0, 100, 41372
12079267732390936604, 1578871911.360949516, 7187, 3, 1, 2, 18446744046457204225, 7, 100, 41372
12079267732390936605, 1578871911.361006498, 7187, 0, 2, 2, 18446744046457204225, 0, 100, 41372
12079267732390936605, 1578871911.372394562, 7187, 3, 1, 2, 18446744046457204225, 7, 100, 41372
12079267732390936606, 1578871911.372451782, 7187, 0, 2, 2, 18446744046457204225, 0, 100, 41372
12079267732390936606, 1578871911.383830547, 7187, 3, 1, 2, 18446744046457204225, 7, 100, 41372
12079267732390936607, 1578871911.383886814, 7187, 0, 2, 2, 18446744046457204225, 0, 100, 41372
12079267732390936607, 1578871911.395263672, 7187, 3, 1, 2, 18446744046457204225, 7, 100, 41372
12079267732390936608, 1578871911.395321131, 7187, 0, 2, 2, 18446744046457204225, 0, 100, 41372
12079267732390936608, 1578871911.406831503, 7187, 3, 1, 2, 18446744046457204225, 7, 100, 41372
12079267732390936609, 1578871911.406888008, 7187, 0, 2, 2, 18446744046457204225, 0, 100, 41372
12079267732390936609, 1578871911.418244839, 7187, 3, 1, 2, 18446744046457204225, 7, 100, 41372
12079267732390936610, 1578871911.418301344, 7187, 0, 2, 2, 18446744046457204225, 0, 100, 41372
12079267732390936610, 1578871911.429878950, 7187, 3, 1, 2, 18446744046457204225, 7, 100, 41372
12079267732390936611, 1578871911.429935694, 7187, 0, 2, 2, 18446744046457204225, 0, 100, 41372
12079267732390936611, 1578871911.441323042, 7187, 3, 1, 2, 18446744046457204225, 7, 100, 41372
12079267732390936612, 1578871911.441379547, 7187, 0, 2, 2, 18446744046457204225, 0, 100, 41372
12079267732390936612, 1578871911.452892542, 7187, 3, 1, 2, 18446744046457204225, 7, 100, 41372
12079267732390936613, 1578871911.452949047, 7187, 0, 2, 2, 18446744046457204225, 0, 100, 41372
12079267732390936613, 1578871911.464482784, 7187, 3, 1, 2, 18446744046457204225, 7, 100, 41372
12079267732390936614, 1578871911.464539289, 7187, 0, 2, 2, 18446744046457204225, 0, 100, 41372
12079267732390936614, 1578871911.476156235, 7187, 3, 1, 2, 18446744046457204225, 7, 100, 41372
12079267732390936615, 1578871911.476212740, 7187, 0, 2, 2, 18446744046457204225, 0, 100, 41372
12079267732390936615, 1578871911.487844944, 7187, 3, 1, 2, 18446744046457204225, 7, 100, 41372
12079267732390936616, 1578871911.487901688, 7187, 0, 2, 2, 18446744046457204225, 0, 100, 41372
12079267732390936616, 1578871911.499263763, 7187, 3, 1, 2, 18446744046457204225, 7, 100, 41372
12079267732390936617, 1578871911.499320269, 7187, 0, 2, 2, 18446744046457204225, 0, 100, 41372
12079267732390936617, 1578871911.510878086, 7187, 3, 1, 2, 18446744046457204225, 7, 100, 41372
12079267732390936618, 1578871911.510934353, 7187, 0, 2, 2, 18446744046457204225, 0, 100, 41372
12079267732390936618, 1578871911.522784948, 7187, 3, 1, 2, 18446744046457204225, 7, 100, 41372
12079267732390936619, 1578871911.522841454, 7187, 0, 2, 2, 18446744046457204225, 0, 100, 41372
12079267732390936619, 1578871911.534645557, 7187, 3, 1, 2, 18446744046457204225, 7, 100, 41372
12079267732390936620, 1578871911.534701586, 7187, 0, 2, 2, 18446744046457204225, 0, 100, 41372
12079267732390936620, 1578871911.546414852, 7187, 3, 1, 2, 18446744046457204225, 7, 100, 41372
12079267732390936621, 1578871911.546500444, 7187, 0, 2, 2, 18446744046457204225, 0, 100, 41372
12079267732390936621, 1578871911.557881594, 7187, 3, 1, 2, 18446744046457204225, 7, 100, 41372
12079267732390936622, 1578871911.557940483, 7187, 0, 2, 2, 18446744046457204225, 0, 100, 41372
12079267732390936622, 1578871911.569471121, 7187, 3, 1, 2, 18446744046457204225, 7, 100, 41372
12079267732390936623, 1578871911.569527626, 7187, 0, 2, 2, 18446744046457204225, 0, 100, 41372
12079267732390936623, 1578871911.581049681, 7187, 3, 1, 2, 18446744046457204225, 7, 100, 41372
12079267732390936624, 1578871911.581105947, 7187, 0, 2, 2, 18446744046457204225, 0, 100, 41372
12079267732390936624, 1578871911.592690468, 7187, 3, 1, 2, 18446744046457204225, 7, 100, 41372
12079267732390936625, 1578871911.592746735, 7187, 0, 2, 2, 18446744046457204225, 0, 100, 41372
12079267732390936625, 1578871911.604302645, 7187, 3, 1, 2, 18446744046457204225, 7, 100, 41372
12079267732390936626, 1578871911.604359150, 7187, 0, 2, 2, 18446744046457204225, 0, 100, 41372
12079267732390936626, 1578871911.615759373, 7187, 3, 1, 2, 18446744046457204225, 7, 100, 41372
12079267732390936627, 1578871911.615815878, 7187, 0, 2, 2, 18446744046457204225, 0, 100, 41372
12079267732390936627, 1578871911.627128839, 7187, 3, 1, 2, 18446744046457204225, 7, 100, 41372
12079267732390936628, 1578871911.627185345, 7187, 0, 2, 2, 18446744046457204225, 0, 100, 41372
12079267732390936628, 1578871911.638966799, 7187, 3, 1, 2, 18446744046457204225, 7, 100, 41372
12079267732390936629, 1578871911.639023066, 7187, 0, 2, 2, 18446744046457204225, 0, 100, 41372
12079267732390936629, 1578871911.650401115, 7187, 3, 1, 2, 18446744046457204225, 7, 100, 41372
12079267732390936630, 1578871911.650457621, 7187, 0, 2, 2, 18446744046457204225, 0, 100, 41372
12079267732390936630, 1578871911.661698103, 7187, 3, 1, 2, 18446744046457204225, 7, 100, 41372
12079267732390936631, 1578871911.661754370, 7187, 0, 2, 2, 18446744046457204225, 0, 100, 41372
12079267732390936631, 1578871911.673281193, 7187, 3, 1, 2, 18446744046457204225, 7, 100, 41372
12079267732390936632, 1578871911.673337460, 7187, 0, 2, 2, 18446744046457204225, 0, 100, 41372
12079267732390936632, 1578871911.684855938, 7187, 3, 1, 2, 18446744046457204225, 7, 100, 41372
12079267732390936633, 1578871911.684912443, 7187, 0, 2, 2, 18446744046457204225, 0, 100, 41372
12079267732390936633, 1578871911.696396112, 7187, 3, 1, 2, 18446744046457204225, 7, 100, 41372
12079267732390936634, 1578871911.696452379, 7187, 0, 2, 2, 18446744046457204225, 0, 100, 41372
12079267732390936634, 1578871911.707835674, 7187, 3, 1, 2, 18446744046457204225, 7, 100, 41372
12079267732390936635, 1578871911.707892418, 7187, 0, 2, 2, 18446744046457204225, 0, 100, 41372
12079267732390936635, 1578871911.719431162, 7187, 3, 1, 2, 18446744046457204225, 7, 100, 41372
12079267732390936636, 1578871911.719487667, 7187, 0, 2, 2, 18446744046457204225, 0, 100, 41372
12079267732390936636, 1578871911.730807543, 7187, 3, 1, 2, 18446744046457204225, 7, 100, 41372
12079267732390936637, 1578871911.730864763, 7187, 0, 2, 2, 18446744046457204225, 0, 100, 41372
12079267732390936637, 1578871911.742301702, 7187, 3, 1, 2, 18446744046457204225, 7, 100, 41372
12079267732390936638, 1578871911.742358685, 7187, 0, 2, 2, 18446744046457204225, 0, 100, 41372
12079267732390936638, 1578871911.753999949, 7187, 3, 1, 2, 18446744046457204225, 7, 100, 41372
12079267732390936639, 1578871911.754056454, 7187, 0, 2, 2, 18446744046457204225, 0, 100, 41372
12079267732390936639, 1578871911.765446186, 7187, 3, 1, 2, 18446744046457204225, 7, 100, 41372
12079267732390936640, 1578871911.765502691, 7187, 0, 2, 2, 18446744046457204225, 0, 100, 41372
12079267732390936640, 1578871911.777062654, 7187, 3, 1, 2, 18446744046457204225, 7, 100, 41372
12079267732390936641, 1578871911.777119160, 7187, 0, 2, 2, 18446744046457204225, 0, 100, 41372
12079267732390936641, 1578871911.788509369, 7187, 3, 1, 2, 18446744046457204225, 7, 100, 41372
12079267732390936642, 1578871911.788566113, 7187, 0, 2, 2, 18446744046457204225, 0, 100, 41372
12079267732390936642, 1578871911.800400734, 7187, 3, 1, 2, 18446744046457204225, 7, 100, 41372
12079267732390936643, 1578871911.800457001, 7187, 0, 2, 2, 18446744046457204225, 0, 100, 41372
12079267732390936643, 1578871911.811882257, 7187, 3, 1, 2, 18446744046457204225, 7, 100, 41372
12079267732390936644, 1578871911.811938763, 7187, 0, 2, 2, 18446744046457204225, 0, 100, 41372
12079267732390936644, 1578871911.823380232, 7187, 3, 1, 2, 18446744046457204225, 7, 100, 41372
12079267732390936645, 1578871911.823436737, 7187, 0, 2, 2, 18446744046457204225, 0, 100, 41372
12079267732390936645, 1578871911.834988832, 7187, 3, 1, 2, 18446744046457204225, 7, 100, 41372
12079267732390936646, 1578871911.835045099, 7187, 0, 2, 2, 18446744046457204225, 0, 100, 41372
12079267732390936646, 1578871911.846307039, 7187, 3, 1, 2, 18446744046457204225, 7, 100, 41372
12079267732390936647, 1578871911.846363544, 7187, 0, 2, 2, 18446744046457204225, 0, 100, 41372
12079267732390936647, 1578871911.857787132, 7187, 3, 1, 2, 18446744046457204225, 7, 100, 41372
12079267732390936648, 1578871911.857843637, 7187, 0, 2, 2, 18446744046457204225, 0, 100, 41372
12079267732390936648, 1578871911.869392395, 7187, 3, 1, 2, 18446744046457204225, 7, 100, 41372
12079267732390936649, 1578871911.869448900, 7187, 0, 2, 2, 18446744046457204225, 0, 100, 41372
12079267732390936649, 1578871911.880694389, 7187, 3, 1, 2, 18446744046457204225, 7, 100, 41372
12079267732390936650, 1578871911.880750656, 7187, 0, 2, 2, 18446744046457204225, 0, 100, 41372
12079267732390936650, 1578871911.892183065, 7187, 3, 1, 2, 18446744046457204225, 7, 100, 41372
12079267732390936651, 1578871911.892239571, 7187, 0, 2, 2, 18446744046457204225, 0, 100, 41372
12079267732390936651, 1578871911.903683424, 7187, 3, 1, 2, 18446744046457204225, 7, 100, 41372
12079267732390936652, 1578871911.903739929, 7187, 0, 2, 2, 18446744046457204225, 0, 100, 41372
12079267732390936652, 1578871911.915023088, 7187, 3, 1, 2, 18446744046457204225, 7, 100, 41372
12079267732390936653, 1578871911.915079355, 7187, 0, 2, 2, 18446744046457204225, 0, 100, 41372
12079267732390936653, 1578871911.926538229, 7187, 3, 1, 2, 18446744046457204225, 7, 100, 41372
12079267732390936654, 1578871911.926594496, 7187, 0, 2, 2, 18446744046457204225, 0, 100, 41372
12079267732390936654, 1578871911.937810659, 7187, 3, 1, 2, 18446744046457204225, 7, 100, 41372
12079267732390936655, 1578871911.937866926, 7187, 0, 2, 2, 18446744046457204225, 0, 100, 41372
12079267732390936655, 1578871911.949323654, 7187, 3, 1, 2, 18446744046457204225, 7, 100, 41372
12079267732390936656, 1578871911.949380159, 7187, 0, 2, 2, 18446744046457204225, 0, 100, 41372
12079267732390936656, 1578871911.960618258, 7187, 3, 1, 2, 18446744046457204225, 7, 100, 41372
12079267732390936657, 1578871911.960678101, 7187, 0, 2, 2, 18446744046457204225, 0, 100, 41372
12079267732390936657, 1578871911.972257137, 7187, 3, 1, 2, 18446744046457204225, 7, 100, 41372
12079267732390936658, 1578871911.972314358, 7187, 0, 2, 2, 18446744046457204225, 0, 100, 41372
12079267732390936658, 1578871911.983729601, 7187, 3, 1, 2, 18446744046457204225, 7, 100, 41372
12079267732390936659, 1578871911.983786106, 7187, 0, 2, 2, 18446744046457204225, 0, 100, 41372
12079267732390936659, 1578871911.995253086, 7187, 3, 1, 2, 18446744046457204225, 7, 100, 41372
12079267732390936660, 1578871911.995309114, 7187, 0, 2, 2, 18446744046457204225, 0, 100, 41372
12079267732390936660, 1578871912.006953955, 7187, 3, 1, 2, 18446744046457204225, 7, 100, 41372
12079267732390936661, 1578871912.007009983, 7187, 0, 2, 2, 18446744046457204225, 0, 100, 41372
12079267732390936661, 1578871912.018397808, 7187, 3, 1, 2, 18446744046457204225, 7, 100, 41372
12079267732390936662, 1578871912.018454075, 7187, 0, 2, 2, 18446744046457204225, 0, 100, 41372
12079267732390936662, 1578871912.029823780, 7187, 3, 1, 2, 18446744046457204225, 7, 100, 41372
12079267732390936663, 1578871912.029880047, 7187, 0, 2, 2, 18446744046457204225, 0, 100, 41372
12079267732390936663, 1578871912.041256428, 7187, 3, 1, 2, 18446744046457204225, 7, 100, 41372
12079267732390936664, 1578871912.041312695, 7187, 0, 2, 2, 18446744046457204225, 0, 100, 41372
12079267732390936664, 1578871912.052739620, 7187, 3, 1, 2, 18446744046457204225, 7, 100, 41372
12079267732390936665, 1578871912.052802086, 7187, 0, 2, 2, 18446744046457204225, 0, 100, 41372
12079267732390936665, 1578871912.064123392, 7187, 3, 1, 2, 18446744046457204225, 7, 100, 41372
12079267732390936666, 1578871912.064180136, 7187, 0, 2, 2, 18446744046457204225, 0, 100, 41372
12079267732390936666, 1578871912.075589657, 7187, 3, 1, 2, 18446744046457204225, 7, 100, 41372
12079267732390936667, 1578871912.075626135, 7187, 0, 2, 2, 18446744046457204225, 0, 100, 41372
12079267732390936667, 1578871912.086884022, 7187, 3, 1, 2, 18446744046457204225, 7, 100, 41372
12079267732390936668, 1578871912.086940289, 7187, 0, 2, 2, 18446744046457204225, 0, 100, 41372
12079267732390936668, 1578871912.098665237, 7187, 3, 1, 2, 18446744046457204225, 7, 100, 41372
12079267732390936669, 1578871912.098721504, 7187, 0, 2, 2, 18446744046457204225, 0, 100, 41372
12079267732390936669, 1578871912.110281467, 7187, 3, 1, 2, 18446744046457204225, 7, 100, 41372
12079267732390936670, 1578871912.110337973, 7187, 0, 2, 2, 18446744046457204225, 0, 100, 41372
12079267732390936670, 1578871912.121726751, 7187, 3, 1, 2, 18446744046457204225, 7, 100, 41372
12079267732390936671, 1578871912.121783018, 7187, 0, 2, 2, 18446744046457204225, 0, 100, 41372
12079267732390936671, 1578871912.133162022, 7187, 3, 1, 2, 18446744046457204225, 7, 100, 41372
12079267732390936672, 1578871912.133218288, 7187, 0, 2, 2, 18446744046457204225, 0, 100, 41372
12079267732390936672, 1578871912.144495964, 7187, 3, 1, 2, 18446744046457204225, 7, 100, 41372
12079267732390936673, 1578871912.144552231, 7187, 0, 2, 2, 18446744046457204225, 0, 100, 41372
12079267732390936673, 1578871912.155959129, 7187, 3, 1, 2, 18446744046457204225, 7, 100, 41372
12079267732390936674, 1578871912.156015396, 7187, 0, 2, 2, 18446744046457204225, 0, 100, 41372
12079267732390936674, 1578871912.167361498, 7187, 3, 1, 2, 18446744046457204225, 7, 100, 41372
12079267732390936675, 1578871912.167417526, 7187, 0, 2, 2, 18446744046457204225, 0, 100, 41372
12079267732390936675, 1578871912.178771019, 7187, 3, 1, 2, 18446744046457204225, 7, 100, 41372
