1
7187, alpha_do_work
8121946511522136064, 1578871910.995995998, 7187, 0, 2, 2, 18446744045535818578, 0, 100, 0
8121946511522136064, 1578871911.028748989, 7187, 3, 1, 2, 18446744045535818578, 7, 100, 37192
8121946511522136065, 1578871911.028835535, 7187, 0, 2, 2, 18446744045535818578, 0, 100, 41372
8121946511522136065, 1578871911.038408995, 7187, 3, 1, 2, 18446744045535818578, 7, 100, 41372
8121946511522136066, 1578871911.038502216, 7187, 0, 2, 2, 18446744045535818578, 0, 100, 41372
8121946511522136066, 1578871911.047497511, 7187, 3, 1, 2, 18446744045535818578, 7, 100, 41372
8121946511522136067, 1578871911.047628403, 7187, 0, 2, 2, 18446744045535818578, 0, 100, 41372
8121946511522136067, 1578871911.056548119, 7187, 3, 1, 2, 18446744045535818578, 7, 100, 41372
8121946511522136068, 1578871911.056606770, 7187, 0, 2, 2, 18446744045535818578, 0, 100, 41372
8121946511522136068, 1578871911.065415859, 7187, 3, 1, 2, 18446744045535818578, 7, 100, 41372
8121946511522136069, 1578871911.065472364, 7187, 0, 2, 2, 18446744045535818578, 0, 100, 41372
8121946511522136069, 1578871911.074333429, 7187, 3, 1, 2, 18446744045535818578, 7, 100, 41372
8121946511522136070, 1578871911.074389696, 7187, 0, 2, 2, 18446744045535818578, 0, 100, 41372
8121946511522136070, 1578871911.085836649, 7187, 3, 1, 2, 18446744045535818578, 7, 100, 41372
8121946511522136071, 1578871911.085892916, 7187, 0, 2, 2, 18446744045535818578, 0, 100, 41372
8121946511522136071, 1578871911.094996452, 7187, 3, 1, 2, 18446744045535818578, 7, 100, 41372
8121946511522136072, 1578871911.095052719, 7187, 0, 2, 2, 18446744045535818578, 0, 100, 41372
8121946511522136072, 1578871911.103784561, 7187, 3, 1, 2, 18446744045535818578, 7, 100, 41372
8121946511522136073, 1578871911.103840590, 7187, 0, 2, 2, 18446744045535818578, 0, 100, 41372
8121946511522136073, 1578871911.112486362, 7187, 3, 1, 2, 18446744045535818578, 7, 100, 41372
8121946511522136074, 1578871911.112542152, 7187, 0, 2, 2, 18446744045535818578, 0, 100, 41372
8121946511522136074, 1578871911.121306658, 7187, 3, 1, 2, 18446744045535818578, 7, 100, 41372
8121946511522136075, 1578871911.121362448, 7187, 0, 2, 2, 18446744045535818578, 0, 100, 41372
8121946511522136075, 1578871911.130077124, 7187, 3, 1, 2, 18446744045535818578, 7, 100, 41372
8121946511522136076, 1578871911.130133867, 7187, 0, 2, 2, 18446744045535818578, 0, 100, 41372
8121946511522136076, 1578871911.138802052, 7187, 3, 1, 2, 18446744045535818578, 7, 100, 41372
8121946511522136077, 1578871911.138857841, 7187, 0, 2, 2, 18446744045535818578, 0, 100, 41372
8121946511522136077, 1578871911.147385120, 7187, 3, 1, 2, 18446744045535818578, 7, 100, 41372
8121946511522136078, 1578871911.147441149, 7187, 0, 2, 2, 18446744045535818578, 0, 100, 41372
8121946511522136078, 1578871911.156065941, 7187, 3, 1, 2, 18446744045535818578, 7, 100, 41372
8121946511522136079, 1578871911.156121731, 7187, 0, 2, 2, 18446744045535818578, 0, 100, 41372
8121946511522136079, 1578871911.164688587, 7187, 3, 1, 2, 18446744045535818578, 7, 100, 41372
8121946511522136080, 1578871911.164744377, 7187, 0, 2, 2, 18446744045535818578, 0, 100, 41372
8121946511522136080, 1578871911.173179150, 7187, 3, 1, 2, 18446744045535818578, 7, 100, 41372
8121946511522136081, 1578871911.173235178, 7187, 0, 2, 2, 18446744045535818578, 0, 100, 41372
8121946511522136081, 1578871911.181704044, 7187, 3, 1, 2, 18446744045535818578, 7, 100, 41372
8121946511522136082, 1578871911.181760311, 7187, 0, 2, 2, 18446744045535818578, 0, 100, 41372
8121946511522136082, 1578871911.190436602, 7187, 3, 1, 2, 18446744045535818578, 7, 100, 41372
8121946511522136083, 1578871911.190492392, 7187, 0, 2, 2, 18446744045535818578, 0, 100, 41372
8121946511522136083, 1578871911.199201584, 7187, 3, 1, 2, 18446744045535818578, 7, 100, 41372
8121946511522136084, 1578871911.199257374, 7187, 0, 2, 2, 18446744045535818578, 0, 100, 41372
8121946511522136084, 1578871911.207816124, 7187, 3, 1, 2, 18446744045535818578, 7, 100, 41372
8121946511522136085, 1578871911.207871914, 7187, 0, 2, 2, 18446744045535818578, 0, 100, 41372
8121946511522136085, 1578871911.216584921, 7187, 3, 1, 2, 18446744045535818578, 7, 100, 41372
8121946511522136086, 1578871911.216625452, 7187, 0, 2, 2, 18446744045535818578, 0, 100, 41372
8121946511522136086, 1578871911.225498915, 7187, 3, 1, 2, 18446744045535818578, 7, 100, 41372
8121946511522136087, 1578871911.225554466, 7187, 0, 2, 2, 18446744045535818578, 0, 100, 41372
8121946511522136087, 1578871911.234421253, 7187, 3, 1, 2, 18446744045535818578, 7, 100, 41372
8121946511522136088, 1578871911.234477043, 7187, 0, 2, 2, 18446744045535818578, 0, 100, 41372
8121946511522136088, 1578871911.243350983, 7187, 3, 1, 2, 18446744045535818578, 7, 100, 41372
8121946511522136089, 1578871911.243406534, 7187, 0, 2, 2, 18446744045535818578, 0, 100, 41372
8121946511522136089, 1578871911.252295256, 7187, 3, 1, 2, 18446744045535818578, 7, 100, 41372
8121946511522136090, 1578871911.252350807, 7187, 0, 2, 2, 18446744045535818578, 0, 100, 41372
8121946511522136090, 1578871911.261072159, 7187, 3, 1, 2, 18446744045535818578, 7, 100, 41372
8121946511522136091, 1578871911.261127949, 7187, 0, 2, 2, 18446744045535818578, 0, 100, 41372
8121946511522136091, 1578871911.269947290, 7187, 3, 1, 2, 18446744045535818578, 7, 100, 41372
8121946511522136092, 1578871911.270003319, 7187, 0, 2, 2, 18446744045535818578, 0, 100, 41372
8121946511522136092, 1578871911.278868198, 7187, 3, 1, 2, 18446744045535818578, 7, 100, 41372
8121946511522136093, 1578871911.278924465, 7187, 0, 2, 2, 18446744045535818578, 0, 100, 41372
8121946511522136093, 1578871911.287599802, 7187, 3, 1, 2, 18446744045535818578, 7, 100, 41372
8121946511522136094, 1578871911.287626982, 7187, 0, 2, 2, 18446744045535818578, 0, 100, 41372
8121946511522136094, 1578871911.296690464, 7187, 3, 1, 2, 18446744045535818578, 7, 100, 41372
8121946511522136095, 1578871911.296746731, 7187, 0, 2, 2, 18446744045535818578, 0, 100, 41372
8121946511522136095, 1578871911.305727959, 7187, 3, 1, 2, 18446744045535818578, 7, 100, 41372
8121946511522136096, 1578871911.305783987, 7187, 0, 2, 2, 18446744045535818578, 0, 100, 41372
8121946511522136096, 1578871911.314252377, 7187, 3, 1, 2, 18446744045535818578, 7, 100, 41372
8121946511522136097, 1578871911.314307928, 7187, 0, 2, 2, 18446744045535818578, 0, 100, 41372
8121946511522136097, 1578871911.323107243, 7187, 3, 1, 2, 18446744045535818578, 7, 100, 41372
8121946511522136098, 1578871911.323162556, 7187, 0, 2, 2, 18446744045535818578, 0, 100, 41372
8121946511522136098, 1578871911.331829071, 7187, 3, 1, 2, 18446744045535818578, 7, 100, 41372
8121946511522136099, 1578871911.331884623, 7187, 0, 2, 2, 18446744045535818578, 0, 100, 41372
8121946511522136099, 1578871911.340648413, 7187, 3, 1, 2, 18446744045535818578, 7, 100, 41372
8121946511522136100, 1578871911.340703964, 7187, 0, 2, 2, 18446744045535818578, 0, 100, 41372
8121946511522136100, 1578871911.349683523, 7187, 3, 1, 2, 18446744045535818578, 7, 100, 41372
8121946511522136101, 1578871911.349738836, 7187, 0, 2, 2, 18446744045535818578, 0, 100, 41372
8121946511522136101, 1578871911.358525515, 7187, 3, 1, 2, 18446744045535818578, 7, 100, 41372
8121946511522136102, 1578871911.358581066, 7187, 0, 2, 2, 18446744045535818578, 0, 100, 41372
8121946511522136102, 1578871911.367369175, 7187, 3, 1, 2, 18446744045535818578, 7, 100, 41372
8121946511522136103, 1578871911.367424726, 7187, 0, 2, 2, 18446744045535818578, 0, 100, 41372
8121946511522136103, 1578871911.376042128, 7187, 3, 1, 2, 18446744045535818578, 7, 100, 41372
8121946511522136104, 1578871911.376097679, 7187, 0, 2, 2, 18446744045535818578, 0, 100, 41372
8121946511522136104, 1578871911.384899378, 7187, 3, 1, 2, 18446744045535818578, 7, 100, 41372
8121946511522136105, 1578871911.384954929, 7187, 0, 2, 2, 18446744045535818578, 0, 100, 41372
8121946511522136105, 1578871911.393650770, 7187, 3, 1, 2, 18446744045535818578, 7, 100, 41372
8121946511522136106, 1578871911.393706322, 7187, 0, 2, 2, 18446744045535818578, 0, 100, 41372
8121946511522136106, 1578871911.402451754, 7187, 3, 1, 2, 18446744045535818578, 7, 100, 41372
8121946511522136107, 1578871911.402507305, 7187, 0, 2, 2, 18446744045535818578, 0, 100, 41372
8121946511522136107, 1578871911.411602497, 7187, 3, 1, 2, 18446744045535818578, 7, 100, 41372
8121946511522136108, 1578871911.411624908, 7187, 0, 2, 2, 18446744045535818578, 0, 100, 41372
8121946511522136108, 1578871911.420416355, 7187, 3, 1, 2, 18446744045535818578, 7, 100, 41372
8121946511522136109, 1578871911.420484543, 7187, 0, 2, 2, 18446744045535818578, 0, 100, 41372
8121946511522136109, 1578871911.429039478, 7187, 3, 1, 2, 18446744045535818578, 7, 100, 41372
8121946511522136110, 1578871911.429096460, 7187, 0, 2, 2, 18446744045535818578, 0, 100, 41372
8121946511522136110, 1578871911.438014507, 7187, 3, 1, 2, 18446744045535818578, 7, 100, 41372
8121946511522136111, 1578871911.438070774, 7187, 0, 2, 2, 18446744045535818578, 0, 100, 41372
8121946511522136111, 1578871911.446801186, 7187, 3, 1, 2, 18446744045535818578, 7, 100, 41372
8121946511522136112, 1578871911.446857214, 7187, 0, 2, 2, 18446744045535818578, 0, 100, 41372
8121946511522136112, 1578871911.455423594, 7187, 3, 1, 2, 18446744045535818578, 7, 100, 41372
8121946511522136113, 1578871911.455479622, 7187, 0, 2, 2, 18446744045535818578, 0, 100, 41372
8121946511522136113, 1578871911.463938951, 7187, 3, 1, 2, 18446744045535818578, 7, 100, 41372
8121946511522136114, 1578871911.463995695, 7187, 0, 2, 2, 18446744045535818578, 0, 100, 41372
8121946511522136114, 1578871911.472741842, 7187, 3, 1, 2, 18446744045535818578, 7, 100, 41372
8121946511522136115, 1578871911.472797871, 7187, 0, 2, 2, 18446744045535818578, 0, 100, 41372
8121946511522136115, 1578871911.481357098, 7187, 3, 1, 2, 18446744045535818578, 7, 100, 41372
8121946511522136116, 1578871911.481413364, 7187, 0, 2, 2, 18446744045535818578, 0, 100, 41372
8121946511522136116, 1578871911.489987850, 7187, 3, 1, 2, 18446744045535818578, 7, 100, 41372
8121946511522136117, 1578871911.490043879, 7187, 0, 2, 2, 18446744045535818578, 0, 100, 41372
8121946511522136117, 1578871911.498570204, 7187, 3, 1, 2, 18446744045535818578, 7, 100, 41372
8121946511522136118, 1578871911.498625278, 7187, 0, 2, 2, 18446744045535818578, 0, 100, 41372
8121946511522136118, 1578871911.507070303, 7187, 3, 1, 2, 18446744045535818578, 7, 100, 41372
8121946511522136119, 1578871911.507126093, 7187, 0, 2, 2, 18446744045535818578, 0, 100, 41372
8121946511522136119, 1578871911.515857697, 7187, 3, 1, 2, 18446744045535818578, 7, 100, 41372
8121946511522136120, 1578871911.515913486, 7187, 0, 2, 2, 18446744045535818578, 0, 100, 41372
8121946511522136120, 1578871911.524520159, 7187, 3, 1, 2, 18446744045535818578, 7, 100, 41372
8121946511522136121, 1578871911.524575949, 7187, 0, 2, 2, 18446744045535818578, 0, 100, 41372
8121946511522136121, 1578871911.533134460, 7187, 3, 1, 2, 18446744045535818578, 7, 100, 41372
8121946511522136122, 1578871911.533190250, 7187, 0, 2, 2, 18446744045535818578, 0, 100, 41372
8121946511522136122, 1578871911.541735888, 7187, 3, 1, 2, 18446744045535818578, 7, 100, 41372
8121946511522136123, 1578871911.541791916, 7187, 0, 2, 2, 18446744045535818578, 0, 100, 41372
8121946511522136123, 1578871911.551221609, 7187, 3, 1, 2, 18446744045535818578, 7, 100, 41372
8121946511522136124, 1578871911.551283360, 7187, 0, 2, 2, 18446744045535818578, 0, 100, 41372
8121946511522136124, 1578871911.560080290, 7187, 3, 1, 2, 18446744045535818578, 7, 100, 41372
8121946511522136125, 1578871911.560136557, 7187, 0, 2, 2, 18446744045535818578, 0, 100, 41372
8121946511522136125, 1578871911.569028616, 7187, 3, 1, 2, 18446744045535818578, 7, 100, 41372
8121946511522136126, 1578871911.569084644, 7187, 0, 2, 2, 18446744045535818578, 0, 100, 41372
8121946511522136126, 1578871911.577598333, 7187, 3, 1, 2, 18446744045535818578, 7, 100, 41372
8121946511522136127, 1578871911.577625275, 7187, 0, 2, 2, 18446744045535818578, 0, 100, 41372
8121946511522136127, 1578871911.586213112, 7187, 3, 1, 2, 18446744045535818578, 7, 100, 41372
8121946511522136128, 1578871911.586269140, 7187, 0, 2, 2, 18446744045535818578, 0, 100, 41372
8121946511522136128, 1578871911.594856262, 7187, 3, 1, 2, 18446744045535818578, 7, 100, 41372
8121946511522136129, 1578871911.594912052, 7187, 0, 2, 2, 18446744045535818578, 0, 100, 41372
8121946511522136129, 1578871911.603784323, 7187, 3, 1, 2, 18446744045535818578, 7, 100, 41372
8121946511522136130, 1578871911.603839874, 7187, 0, 2, 2, 18446744045535818578, 0, 100, 41372
8121946511522136130, 1578871911.612550259, 7187, 3, 1, 2, 18446744045535818578, 7, 100, 41372
8121946511522136131, 1578871911.612606049, 7187, 0, 2, 2, 18446744045535818578, 0, 100, 41372
8121946511522136131, 1578871911.621488333, 7187, 3, 1, 2, 18446744045535818578, 7, 100, 41372
8121946511522136132, 1578871911.621544361, 7187, 0, 2, 2, 18446744045535818578, 0, 100, 41372
8121946511522136132, 1578871911.630283594, 7187, 3, 1, 2, 18446744045535818578, 7, 100, 41372
8121946511522136133, 1578871911.630339384, 7187, 0, 2, 2, 18446744045535818578, 0, 100, 41372
8121946511522136133, 1578871911.639311314, 7187, 3, 1, 2, 18446744045535818578, 7, 100, 41372
8121946511522136134, 1578871911.639366865, 7187, 0, 2, 2, 18446744045535818578, 0, 100, 41372
8121946511522136134, 1578871911.647940874, 7187, 3, 1, 2, 18446744045535818578, 7, 100, 41372
8121946511522136135, 1578871911.647996664, 7187, 0, 2, 2, 18446744045535818578, 0, 100, 41372
8121946511522136135, 1578871911.657014132, 7187, 3, 1, 2, 18446744045535818578, 7, 100, 41372
8121946511522136136, 1578871911.657069683, 7187, 0, 2, 2, 18446744045535818578, 0, 100, 41372
8121946511522136136, 1578871911.665527821, 7187, 3, 1, 2, 18446744045535818578, 7, 100, 41372
8121946511522136137, 1578871911.665583611, 7187, 0, 2, 2, 18446744045535818578, 0, 100, 41372
8121946511522136137, 1578871911.674278736, 7187, 3, 1, 2, 18446744045535818578, 7, 100, 41372
8121946511522136138, 1578871911.674334526, 7187, 0, 2, 2, 18446744045535818578, 0, 100, 41372
8121946511522136138, 1578871911.683039188, 7187, 3, 1, 2, 18446744045535818578, 7, 100, 41372
8121946511522136139, 1578871911.683094740, 7187, 0, 2, 2, 18446744045535818578, 0, 100, 41372
8121946511522136139, 1578871911.691697121, 7187, 3, 1, 2, 18446744045535818578, 7, 100, 41372
8121946511522136140, 1578871911.691752672, 7187, 0, 2, 2, 18446744045535818578, 0, 100, 41372
8121946511522136140, 1578871911.700497627, 7187, 3, 1, 2, 18446744045535818578, 7, 100, 41372
8121946511522136141, 1578871911.700553417, 7187, 0, 2, 2, 18446744045535818578, 0, 100, 41372
8121946511522136141, 1578871911.709096909, 7187, 3, 1, 2, 18446744045535818578, 7, 100, 41372
8121946511522136142, 1578871911.709152460, 7187, 0, 2, 2, 18446744045535818578, 0, 100, 41372
8121946511522136142, 1578871911.717786789, 7187, 3, 1, 2, 18446744045535818578, 7, 100, 41372
8121946511522136143, 1578871911.717859507, 7187, 0, 2, 2, 18446744045535818578, 0, 100, 41372
8121946511522136143, 1578871911.726555109, 7187, 3, 1, 2, 18446744045535818578, 7, 100, 41372
8121946511522136144, 1578871911.726610899, 7187, 0, 2, 2, 18446744045535818578, 0, 100, 41372
8121946511522136144, 1578871911.735741138, 7187, 3, 1, 2, 18446744045535818578, 7, 100, 41372
8121946511522136145, 1578871911.735796928, 7187, 0, 2, 2, 18446744045535818578, 0, 100, 41372
8121946511522136145, 1578871911.747079849, 7187, 3, 1, 2, 18446744045535818578, 7, 100, 41372
8121946511522136146, 1578871911.747135639, 7187, 0, 2, 2, 18446744045535818578, 0, 100, 41372
8121946511522136146, 1578871911.756136894, 7187, 3, 1, 2, 18446744045535818578, 7, 100, 41372
8121946511522136147, 1578871911.756192446, 7187, 0, 2, 2, 18446744045535818578, 0, 100, 41372
8121946511522136147, 1578871911.762079477, 7187, 3, 1, 2, 18446744045535818578, 7, 100, 41372
8121946511522136148, 1578871911.762135267, 7187, 0, 2, 2, 18446744045535818578, 0, 100, 41372
8121946511522136148, 1578871911.768473864, 7187, 3, 1, 2, 18446744045535818578, 7, 100, 41372
8121946511522136149, 1578871911.768529654, 7187, 0, 2, 2, 18446744045535818578, 0, 100, 41372
8121946511522136149, 1578871911.777114868, 7187, 3, 1, 2, 18446744045535818578, 7, 100, 41372
8121946511522136150, 1578871911.777170658, 7187, 0, 2, 2, 18446744045535818578, 0, 100, 41372
8121946511522136150, 1578871911.785770178, 7187, 3, 1, 2, 18446744045535818578, 7, 100, 41372
8121946511522136151, 1578871911.785825729, 7187, 0, 2, 2, 18446744045535818578, 0, 100, 41372
8121946511522136151, 1578871911.794499159, 7187, 3, 1, 2, 18446744045535818578, 7, 100, 41372
8121946511522136152, 1578871911.794554710, 7187, 0, 2, 2, 18446744045535818578, 0, 100, 41372
8121946511522136152, 1578871911.803162813, 7187, 3, 1, 2, 18446744045535818578, 7, 100, 41372
8121946511522136153, 1578871911.803226709, 7187, 0, 2, 2, 18446744045535818578, 0, 100, 41372
8121946511522136153, 1578871911.811858892, 7187, 3, 1, 2, 18446744045535818578, 7, 100, 41372
8121946511522136154, 1578871911.811915398, 7187, 0, 2, 2, 18446744045535818578, 0, 100, 41372
8121946511522136154, 1578871911.820440769, 7187, 3, 1, 2, 18446744045535818578, 7, 100, 41372
8121946511522136155, 1578871911.820496321, 7187, 0, 2, 2, 18446744045535818578, 0, 100, 41372
8121946511522136155, 1578871911.829282522, 7187, 3, 1, 2, 18446744045535818578, 7, 100, 41372
8121946511522136156, 1578871911.829338074, 7187, 0, 2, 2, 18446744045535818578, 0, 100, 41372
8121946511522136156, 1578871911.838120222, 7187, 3, 1, 2, 18446744045535818578, 7, 100, 41372
8121946511522136157, 1578871911.838175535, 7187, 0, 2, 2, 18446744045535818578, 0, 100, 41372
8121946511522136157, 1578871911.846735477, 7187, 3, 1, 2, 18446744045535818578, 7, 100, 41372
8121946511522136158, 1578871911.846790791, 7187, 0, 2, 2, 18446744045535818578, 0, 100, 41372
8121946511522136158, 1578871911.855389595, 7187, 3, 1, 2, 18446744045535818578, 7, 100, 41372
8121946511522136159, 1578871911.855445147, 7187, 0, 2, 2, 18446744045535818578, 0, 100, 41372
8121946511522136159, 1578871911.863955736, 7187, 3, 1, 2, 18446744045535818578, 7, 100, 41372
8121946511522136160, 1578871911.864011049, 7187, 0, 2, 2, 18446744045535818578, 0, 100, 41372
8121946511522136160, 1578871911.872671127, 7187, 3, 1, 2, 18446744045535818578, 7, 100, 41372
8121946511522136161, 1578871911.872726440, 7187, 0, 2, 2, 18446744045535818578, 0, 100, 41372
8121946511522136161, 1578871911.881262064, 7187, 3, 1, 2, 18446744045535818578, 7, 100, 41372
8121946511522136162, 1578871911.881317854, 7187, 0, 2, 2, 18446744045535818578, 0, 100, 41372
8121946511522136162, 1578871911.890046597, 7187, 3, 1, 2, 18446744045535818578, 7, 100, 41372
8121946511522136163, 1578871911.890102386, 7187, 0, 2, 2, 18446744045535818578, 0, 100, 41372
8121946511522136163, 1578871911.895938396, 7187, 3, 1, 2, 18446744045535818578, 7, 100, 41372
