1
7187, alpha_do_work
11670702676231847936, 1578871910.996000767, 7187, 0, 2, 2, 18446744042067110464, 0, 100, 0
11670702676231847936, 1578871911.032565355, 7187, 3, 1, 2, 18446744042067110464, 7, 100, 37128
11670702676231847937, 1578871911.032630682, 7187, 0, 2, 2, 18446744042067110464, 0, 100, 41348
11670702676231847937, 1578871911.044488430, 7187, 3, 1, 2, 18446744042067110464, 7, 100, 41348
11670702676231847938, 1578871911.044546604, 7187, 0, 2, 2, 18446744042067110464, 0, 100, 41348
11670702676231847938, 1578871911.056418657, 7187, 3, 1, 2, 18446744042067110464, 7, 100, 41348
11670702676231847939, 1578871911.056475878, 7187, 0, 2, 2, 18446744042067110464, 0, 100, 41348
11670702676231847939, 1578871911.068053246, 7187, 3, 1, 2, 18446744042067110464, 7, 100, 41348
11670702676231847940, 1578871911.068109512, 7187, 0, 2, 2, 18446744042067110464, 0, 100, 41348
11670702676231847940, 1578871911.079989195, 7187, 3, 1, 2, 18446744042067110464, 7, 100, 41348
11670702676231847941, 1578871911.080045223, 7187, 0, 2, 2, 18446744042067110464, 0, 100, 41348
11670702676231847941, 1578871911.091870785, 7187, 3, 1, 2, 18446744042067110464, 7, 100, 41348
11670702676231847942, 1578871911.091927052, 7187, 0, 2, 2, 18446744042067110464, 0, 100, 41348
11670702676231847942, 1578871911.103676796, 7187, 3, 1, 2, 18446744042067110464, 7, 100, 41348
11670702676231847943, 1578871911.103733063, 7187, 0, 2, 2, 18446744042067110464, 0, 100, 41348
11670702676231847943, 1578871911.115472794, 7187, 3, 1, 2, 18446744042067110464, 7, 100, 41348
11670702676231847944, 1578871911.115529060, 7187, 0, 2, 2, 18446744042067110464, 0, 100, 41348
11670702676231847944, 1578871911.128893137, 7187, 3, 1, 2, 18446744042067110464, 7, 100, 41348
11670702676231847945, 1578871911.128949404, 7187, 0, 2, 2, 18446744042067110464, 0, 100, 41348
11670702676231847945, 1578871911.140776157, 7187, 3, 1, 2, 18446744042067110464, 7, 100, 41348
11670702676231847946, 1578871911.140833139, 7187, 0, 2, 2, 18446744042067110464, 0, 100, 41348
11670702676231847946, 1578871911.152095318, 7187, 3, 1, 2, 18446744042067110464, 7, 100, 41348
11670702676231847947, 1578871911.152151346, 7187, 0, 2, 2, 18446744042067110464, 0, 100, 41348
11670702676231847947, 1578871911.163729429, 7187, 3, 1, 2, 18446744042067110464, 7, 100, 41348
11670702676231847948, 1578871911.163786411, 7187, 0, 2, 2, 18446744042067110464, 0, 100, 41348
11670702676231847948, 1578871911.175456285, 7187, 3, 1, 2, 18446744042067110464, 7, 100, 41348
11670702676231847949, 1578871911.175512791, 7187, 0, 2, 2, 18446744042067110464, 0, 100, 41348
11670702676231847949, 1578871911.187092781, 7187, 3, 1, 2, 18446744042067110464, 7, 100, 41348
11670702676231847950, 1578871911.187149525, 7187, 0, 2, 2, 18446744042067110464, 0, 100, 41348
11670702676231847950, 1578871911.198745489, 7187, 3, 1, 2, 18446744042067110464, 7, 100, 41348
11670702676231847951, 1578871911.198801756, 7187, 0, 2, 2, 18446744042067110464, 0, 100, 41348
11670702676231847951, 1578871911.210449934, 7187, 3, 1, 2, 18446744042067110464, 7, 100, 41348
11670702676231847952, 1578871911.210506201, 7187, 0, 2, 2, 18446744042067110464, 0, 100, 41348
11670702676231847952, 1578871911.221969604, 7187, 3, 1, 2, 18446744042067110464, 7, 100, 41348
11670702676231847953, 1578871911.222025633, 7187, 0, 2, 2, 18446744042067110464, 0, 100, 41348
11670702676231847953, 1578871911.233549595, 7187, 3, 1, 2, 18446744042067110464, 7, 100, 41348
11670702676231847954, 1578871911.233606100, 7187, 0, 2, 2, 18446744042067110464, 0, 100, 41348
11670702676231847954, 1578871911.245046616, 7187, 3, 1, 2, 18446744042067110464, 7, 100, 41348
11670702676231847955, 1578871911.245102644, 7187, 0, 2, 2, 18446744042067110464, 0, 100, 41348
11670702676231847955, 1578871911.256662607, 7187, 3, 1, 2, 18446744042067110464, 7, 100, 41348
11670702676231847956, 1578871911.256718874, 7187, 0, 2, 2, 18446744042067110464, 0, 100, 41348
11670702676231847956, 1578871911.268479824, 7187, 3, 1, 2, 18446744042067110464, 7, 100, 41348
11670702676231847957, 1578871911.268535852, 7187, 0, 2, 2, 18446744042067110464, 0, 100, 41348
11670702676231847957, 1578871911.279946327, 7187, 3, 1, 2, 18446744042067110464, 7, 100, 41348
11670702676231847958, 1578871911.280002594, 7187, 0, 2, 2, 18446744042067110464, 0, 100, 41348
11670702676231847958, 1578871911.291373968, 7187, 3, 1, 2, 18446744042067110464, 7, 100, 41348
11670702676231847959, 1578871911.291429758, 7187, 0, 2, 2, 18446744042067110464, 0, 100, 41348
11670702676231847959, 1578871911.302874327, 7187, 3, 1, 2, 18446744042067110464, 7, 100, 41348
11670702676231847960, 1578871911.302930355, 7187, 0, 2, 2, 18446744042067110464, 0, 100, 41348
11670702676231847960, 1578871911.314539909, 7187, 3, 1, 2, 18446744042067110464, 7, 100, 41348
11670702676231847961, 1578871911.314595699, 7187, 0, 2, 2, 18446744042067110464, 0, 100, 41348
11670702676231847961, 1578871911.326093435, 7187, 3, 1, 2, 18446744042067110464, 7, 100, 41348
11670702676231847962, 1578871911.326150179, 7187, 0, 2, 2, 18446744042067110464, 0, 100, 41348
11670702676231847962, 1578871911.337477446, 7187, 3, 1, 2, 18446744042067110464, 7, 100, 41348
11670702676231847963, 1578871911.337533236, 7187, 0, 2, 2, 18446744042067110464, 0, 100, 41348
11670702676231847963, 1578871911.349091530, 7187, 3, 1, 2, 18446744042067110464, 7, 100, 41348
11670702676231847964, 1578871911.349147797, 7187, 0, 2, 2, 18446744042067110464, 0, 100, 41348
11670702676231847964, 1578871911.360909224, 7187, 3, 1, 2, 18446744042067110464, 7, 100, 41348
11670702676231847965, 1578871911.360965014, 7187, 0, 2, 2, 18446744042067110464, 0, 100, 41348
11670702676231847965, 1578871911.372353315, 7187, 3, 1, 2, 18446744042067110464, 7, 100, 41348
11670702676231847966, 1578871911.372409344, 7187, 0, 2, 2, 18446744042067110464, 0, 100, 41348
11670702676231847966, 1578871911.383790731, 7187, 3, 1, 2, 18446744042067110464, 7, 100, 41348
11670702676231847967, 1578871911.383846760, 7187, 0, 2, 2, 18446744042067110464, 0, 100, 41348
11670702676231847967, 1578871911.395223618, 7187, 3, 1, 2, 18446744042067110464, 7, 100, 41348
11670702676231847968, 1578871911.395279884, 7187, 0, 2, 2, 18446744042067110464, 0, 100, 41348
11670702676231847968, 1578871911.406790733, 7187, 3, 1, 2, 18446744042067110464, 7, 100, 41348
11670702676231847969, 1578871911.406846285, 7187, 0, 2, 2, 18446744042067110464, 0, 100, 41348
11670702676231847969, 1578871911.418205261, 7187, 3, 1, 2, 18446744042067110464, 7, 100, 41348
11670702676231847970, 1578871911.418261051, 7187, 0, 2, 2, 18446744042067110464, 0, 100, 41348
11670702676231847970, 1578871911.429840326, 7187, 3, 1, 2, 18446744042067110464, 7, 100, 41348
11670702676231847971, 1578871911.429895639, 7187, 0, 2, 2, 18446744042067110464, 0, 100, 41348
11670702676231847971, 1578871911.441280365, 7187, 3, 1, 2, 18446744042067110464, 7, 100, 41348
11670702676231847972, 1578871911.441335917, 7187, 0, 2, 2, 18446744042067110464, 0, 100, 41348
11670702676231847972, 1578871911.452849388, 7187, 3, 1, 2, 18446744042067110464, 7, 100, 41348
11670702676231847973, 1578871911.452904940, 7187, 0, 2, 2, 18446744042067110464, 0, 100, 41348
11670702676231847973, 1578871911.464419127, 7187, 3, 1, 2, 18446744042067110464, 7, 100, 41348
11670702676231847974, 1578871911.464474678, 7187, 0, 2, 2, 18446744042067110464, 0, 100, 41348
11670702676231847974, 1578871911.476116419, 7187, 3, 1, 2, 18446744042067110464, 7, 100, 41348
11670702676231847975, 1578871911.476171970, 7187, 0, 2, 2, 18446744042067110464, 0, 100, 41348
11670702676231847975, 1578871911.487803936, 7187, 3, 1, 2, 18446744042067110464, 7, 100, 41348
11670702676231847976, 1578871911.487859249, 7187, 0, 2, 2, 18446744042067110464, 0, 100, 41348
11670702676231847976, 1578871911.499221087, 7187, 3, 1, 2, 18446744042067110464, 7, 100, 41348
11670702676231847977, 1578871911.499276638, 7187, 0, 2, 2, 18446744042067110464, 0, 100, 41348
11670702676231847977, 1578871911.510835171, 7187, 3, 1, 2, 18446744042067110464, 7, 100, 41348
11670702676231847978, 1578871911.510890484, 7187, 0, 2, 2, 18446744042067110464, 0, 100, 41348
11670702676231847978, 1578871911.522742510, 7187, 3, 1, 2, 18446744042067110464, 7, 100, 41348
11670702676231847979, 1578871911.522798061, 7187, 0, 2, 2, 18446744042067110464, 0, 100, 41348
11670702676231847979, 1578871911.534599543, 7187, 3, 1, 2, 18446744042067110464, 7, 100, 41348
11670702676231847980, 1578871911.534624577, 7187, 0, 2, 2, 18446744042067110464, 0, 100, 41348
11670702676231847980, 1578871911.546374083, 7187, 3, 1, 2, 18446744042067110464, 7, 100, 41348
11670702676231847981, 1578871911.546446323, 7187, 0, 2, 2, 18446744042067110464, 0, 100, 41348
11670702676231847981, 1578871911.557807446, 7187, 3, 1, 2, 18446744042067110464, 7, 100, 41348
11670702676231847982, 1578871911.557864904, 7187, 0, 2, 2, 18446744042067110464, 0, 100, 41348
11670702676231847982, 1578871911.569393635, 7187, 3, 1, 2, 18446744042067110464, 7, 100, 41348
11670702676231847983, 1578871911.569449425, 7187, 0, 2, 2, 18446744042067110464, 0, 100, 41348
11670702676231847983, 1578871911.580973148, 7187, 3, 1, 2, 18446744042067110464, 7, 100, 41348
11670702676231847984, 1578871911.581028461, 7187, 0, 2, 2, 18446744042067110464, 0, 100, 41348
11670702676231847984, 1578871911.592612028, 7187, 3, 1, 2, 18446744042067110464, 7, 100, 41348
11670702676231847985, 1578871911.592624903, 7187, 0, 2, 2, 18446744042067110464, 0, 100, 41348
11670702676231847985, 1578871911.604231119, 7187, 3, 1, 2, 18446744042067110464, 7, 100, 41348
11670702676231847986, 1578871911.604286671, 7187, 0, 2, 2, 18446744042067110464, 0, 100, 41348
11670702676231847986, 1578871911.615688562, 7187, 3, 1, 2, 18446744042067110464, 7, 100, 41348
11670702676231847987, 1578871911.615743876, 7187, 0, 2, 2, 18446744042067110464, 0, 100, 41348
11670702676231847987, 1578871911.627055883, 7187, 3, 1, 2, 18446744042067110464, 7, 100, 41348
11670702676231847988, 1578871911.627110958, 7187, 0, 2, 2, 18446744042067110464, 0, 100, 41348
11670702676231847988, 1578871911.638878584, 7187, 3, 1, 2, 18446744042067110464, 7, 100, 41348
11670702676231847989, 1578871911.638934135, 7187, 0, 2, 2, 18446744042067110464, 0, 100, 41348
11670702676231847989, 1578871911.650328398, 7187, 3, 1, 2, 18446744042067110464, 7, 100, 41348
11670702676231847990, 1578871911.650384188, 7187, 0, 2, 2, 18446744042067110464, 0, 100, 41348
11670702676231847990, 1578871911.661624908, 7187, 3, 1, 2, 18446744042067110464, 7, 100, 41348
11670702676231847991, 1578871911.661680460, 7187, 0, 2, 2, 18446744042067110464, 0, 100, 41348
11670702676231847991, 1578871911.673207521, 7187, 3, 1, 2, 18446744042067110464, 7, 100, 41348
11670702676231847992, 1578871911.673263311, 7187, 0, 2, 2, 18446744042067110464, 0, 100, 41348
11670702676231847992, 1578871911.684782982, 7187, 3, 1, 2, 18446744042067110464, 7, 100, 41348
11670702676231847993, 1578871911.684838533, 7187, 0, 2, 2, 18446744042067110464, 0, 100, 41348
11670702676231847993, 1578871911.696323872, 7187, 3, 1, 2, 18446744042067110464, 7, 100, 41348
11670702676231847994, 1578871911.696381807, 7187, 0, 2, 2, 18446744042067110464, 0, 100, 41348
11670702676231847994, 1578871911.707761526, 7187, 3, 1, 2, 18446744042067110464, 7, 100, 41348
11670702676231847995, 1578871911.707816839, 7187, 0, 2, 2, 18446744042067110464, 0, 100, 41348
11670702676231847995, 1578871911.719359398, 7187, 3, 1, 2, 18446744042067110464, 7, 100, 41348
11670702676231847996, 1578871911.719414711, 7187, 0, 2, 2, 18446744042067110464, 0, 100, 41348
11670702676231847996, 1578871911.730735302, 7187, 3, 1, 2, 18446744042067110464, 7, 100, 41348
11670702676231847997, 1578871911.730790854, 7187, 0, 2, 2, 18446744042067110464, 0, 100, 41348
11670702676231847997, 1578871911.742228746, 7187, 3, 1, 2, 18446744042067110464, 7, 100, 41348
11670702676231847998, 1578871911.742284060, 7187, 0, 2, 2, 18446744042067110464, 0, 100, 41348
11670702676231847998, 1578871911.753926277, 7187, 3, 1, 2, 18446744042067110464, 7, 100, 41348
11670702676231847999, 1578871911.753982067, 7187, 0, 2, 2, 18446744042067110464, 0, 100, 41348
11670702676231847999, 1578871911.765370131, 7187, 3, 1, 2, 18446744042067110464, 7, 100, 41348
11670702676231848000, 1578871911.765425920, 7187, 0, 2, 2, 18446744042067110464, 0, 100, 41348
11670702676231848000, 1578871911.776993752, 7187, 3, 1, 2, 18446744042067110464, 7, 100, 41348
11670702676231848001, 1578871911.777049303, 7187, 0, 2, 2, 18446744042067110464, 0, 100, 41348
11670702676231848001, 1578871911.788441658, 7187, 3, 1, 2, 18446744042067110464, 7, 100, 41348
11670702676231848002, 1578871911.788496971, 7187, 0, 2, 2, 18446744042067110464, 0, 100, 41348
11670702676231848002, 1578871911.800329924, 7187, 3, 1, 2, 18446744042067110464, 7, 100, 41348
11670702676231848003, 1578871911.800385237, 7187, 0, 2, 2, 18446744042067110464, 0, 100, 41348
11670702676231848003, 1578871911.811812401, 7187, 3, 1, 2, 18446744042067110464, 7, 100, 41348
11670702676231848004, 1578871911.811867952, 7187, 0, 2, 2, 18446744042067110464, 0, 100, 41348
11670702676231848004, 1578871911.823311567, 7187, 3, 1, 2, 18446744042067110464, 7, 100, 41348
11670702676231848005, 1578871911.823367119, 7187, 0, 2, 2, 18446744042067110464, 0, 100, 41348
11670702676231848005, 1578871911.834921360, 7187, 3, 1, 2, 18446744042067110464, 7, 100, 41348
11670702676231848006, 1578871911.834976673, 7187, 0, 2, 2, 18446744042067110464, 0, 100, 41348
11670702676231848006, 1578871911.846238852, 7187, 3, 1, 2, 18446744042067110464, 7, 100, 41348
11670702676231848007, 1578871911.846294165, 7187, 0, 2, 2, 18446744042067110464, 0, 100, 41348
11670702676231848007, 1578871911.857717514, 7187, 3, 1, 2, 18446744042067110464, 7, 100, 41348
11670702676231848008, 1578871911.857773066, 7187, 0, 2, 2, 18446744042067110464, 0, 100, 41348
11670702676231848008, 1578871911.869324923, 7187, 3, 1, 2, 18446744042067110464, 7, 100, 41348
11670702676231848009, 1578871911.869381189, 7187, 0, 2, 2, 18446744042067110464, 0, 100, 41348
11670702676231848009, 1578871911.880626917, 7187, 3, 1, 2, 18446744042067110464, 7, 100, 41348
11670702676231848010, 1578871911.880682230, 7187, 0, 2, 2, 18446744042067110464, 0, 100, 41348
11670702676231848010, 1578871911.892112732, 7187, 3, 1, 2, 18446744042067110464, 7, 100, 41348
11670702676231848011, 1578871911.892168045, 7187, 0, 2, 2, 18446744042067110464, 0, 100, 41348
11670702676231848011, 1578871911.903611898, 7187, 3, 1, 2, 18446744042067110464, 7, 100, 41348
11670702676231848012, 1578871911.903625250, 7187, 0, 2, 2, 18446744042067110464, 0, 100, 41348
11670702676231848012, 1578871911.914957762, 7187, 3, 1, 2, 18446744042067110464, 7, 100, 41348
11670702676231848013, 1578871911.915013075, 7187, 0, 2, 2, 18446744042067110464, 0, 100, 41348
11670702676231848013, 1578871911.926471233, 7187, 3, 1, 2, 18446744042067110464, 7, 100, 41348
11670702676231848014, 1578871911.926526785, 7187, 0, 2, 2, 18446744042067110464, 0, 100, 41348
11670702676231848014, 1578871911.937745094, 7187, 3, 1, 2, 18446744042067110464, 7, 100, 41348
11670702676231848015, 1578871911.937800407, 7187, 0, 2, 2, 18446744042067110464, 0, 100, 41348
11670702676231848015, 1578871911.949252844, 7187, 3, 1, 2, 18446744042067110464, 7, 100, 41348
11670702676231848016, 1578871911.949308395, 7187, 0, 2, 2, 18446744042067110464, 0, 100, 41348
11670702676231848016, 1578871911.960551739, 7187, 3, 1, 2, 18446744042067110464, 7, 100, 41348
11670702676231848017, 1578871911.960606813, 7187, 0, 2, 2, 18446744042067110464, 0, 100, 41348
11670702676231848017, 1578871911.972177505, 7187, 3, 1, 2, 18446744042067110464, 7, 100, 41348
11670702676231848018, 1578871911.972233295, 7187, 0, 2, 2, 18446744042067110464, 0, 100, 41348
11670702676231848018, 1578871911.983661652, 7187, 3, 1, 2, 18446744042067110464, 7, 100, 41348
11670702676231848019, 1578871911.983717203, 7187, 0, 2, 2, 18446744042067110464, 0, 100, 41348
11670702676231848019, 1578871911.995187044, 7187, 3, 1, 2, 18446744042067110464, 7, 100, 41348
11670702676231848020, 1578871911.995242357, 7187, 0, 2, 2, 18446744042067110464, 0, 100, 41348
11670702676231848020, 1578871912.006888866, 7187, 3, 1, 2, 18446744042067110464, 7, 100, 41348
11670702676231848021, 1578871912.006944418, 7187, 0, 2, 2, 18446744042067110464, 0, 100, 41348
11670702676231848021, 1578871912.018332243, 7187, 3, 1, 2, 18446744042067110464, 7, 100, 41348
11670702676231848022, 1578871912.018387794, 7187, 0, 2, 2, 18446744042067110464, 0, 100, 41348
11670702676231848022, 1578871912.029758215, 7187, 3, 1, 2, 18446744042067110464, 7, 100, 41348
11670702676231848023, 1578871912.029813766, 7187, 0, 2, 2, 18446744042067110464, 0, 100, 41348
11670702676231848023, 1578871912.041189909, 7187, 3, 1, 2, 18446744042067110464, 7, 100, 41348
11670702676231848024, 1578871912.041245461, 7187, 0, 2, 2, 18446744042067110464, 0, 100, 41348
11670702676231848024, 1578871912.052673817, 7187, 3, 1, 2, 18446744042067110464, 7, 100, 41348
11670702676231848025, 1578871912.052737236, 7187, 0, 2, 2, 18446744042067110464, 0, 100, 41348
11670702676231848025, 1578871912.064057350, 7187, 3, 1, 2, 18446744042067110464, 7, 100, 41348
11670702676231848026, 1578871912.064112902, 7187, 0, 2, 2, 18446744042067110464, 0, 100, 41348
11670702676231848026, 1578871912.075519085, 7187, 3, 1, 2, 18446744042067110464, 7, 100, 41348
11670702676231848027, 1578871912.075574636, 7187, 0, 2, 2, 18446744042067110464, 0, 100, 41348
11670702676231848027, 1578871912.086817503, 7187, 3, 1, 2, 18446744042067110464, 7, 100, 41348
11670702676231848028, 1578871912.086872816, 7187, 0, 2, 2, 18446744042067110464, 0, 100, 41348
11670702676231848028, 1578871912.098594189, 7187, 3, 1, 2, 18446744042067110464, 7, 100, 41348
11670702676231848029, 1578871912.098624945, 7187, 0, 2, 2, 18446744042067110464, 0, 100, 41348
11670702676231848029, 1578871912.110213995, 7187, 3, 1, 2, 18446744042067110464, 7, 100, 41348
11670702676231848030, 1578871912.110269547, 7187, 0, 2, 2, 18446744042067110464, 0, 100, 41348
11670702676231848030, 1578871912.121661425, 7187, 3, 1, 2, 18446744042067110464, 7, 100, 41348
11670702676231848031, 1578871912.121716738, 7187, 0, 2, 2, 18446744042067110464, 0, 100, 41348
11670702676231848031, 1578871912.133099318, 7187, 3, 1, 2, 18446744042067110464, 7, 100, 41348
11670702676231848032, 1578871912.133170128, 7187, 0, 2, 2, 18446744042067110464, 0, 100, 41348
11670702676231848032, 1578871912.144430161, 7187, 3, 1, 2, 18446744042067110464, 7, 100, 41348
11670702676231848033, 1578871912.144487619, 7187, 0, 2, 2, 18446744042067110464, 0, 100, 41348
11670702676231848033, 1578871912.155893087, 7187, 3, 1, 2, 18446744042067110464, 7, 100, 41348
11670702676231848034, 1578871912.155949831, 7187, 0, 2, 2, 18446744042067110464, 0, 100, 41348
11670702676231848034, 1578871912.167294264, 7187, 3, 1, 2, 18446744042067110464, 7, 100, 41348
11670702676231848035, 1578871912.167350531, 7187, 0, 2, 2, 18446744042067110464, 0, 100, 41348
11670702676231848035, 1578871912.178703547, 7187, 3, 1, 2, 18446744042067110464, 7, 100, 41348
